#
# A fatal error has been detected by the Java Runtime Environment:
#
#  EXCEPTION_ACCESS_VIOLATION (0xc0000005) at pc=0x00007ffb290ae0a9, pid=14380, tid=13348
#
# JRE version: OpenJDK Runtime Environment Microsoft-8035246 (17.0.8+7) (build 17.0.8+7-LTS)
# Java VM: OpenJDK 64-Bit Server VM Microsoft-8035246 (17.0.8+7-LTS, mixed mode, sharing, tiered, compressed oops, compressed class ptrs, g1 gc, windows-amd64)
# Problematic frame:
# V  [jvm.dll+0x2be0a9]
#
# No core dump will be written. Minidumps are not enabled by default on client versions of Windows
#
# If you would like to submit a bug report, please visit:
#   https://github.com/microsoft/openjdk/issues
#

---------------  S U M M A R Y ------------

Command Line: -XX:MaxMetaspaceSize=512m --add-opens=java.base/java.util=ALL-UNNAMED --add-opens=java.base/java.lang=ALL-UNNAMED --add-opens=java.base/java.lang.invoke=ALL-UNNAMED --add-opens=java.prefs/java.util.prefs=ALL-UNNAMED --add-opens=java.base/java.nio.charset=ALL-UNNAMED --add-opens=java.base/java.net=ALL-UNNAMED --add-opens=java.base/java.util.concurrent.atomic=ALL-UNNAMED -Xmx2048m -Dfile.encoding=windows-1252 -Duser.country=US -Duser.language=en -Duser.variant -javaagent:C:\Users\anura\.gradle\wrapper\dists\gradle-8.3-all\6en3ugtfdg5xnpx44z4qbwgas\gradle-8.3\lib\agents\gradle-instrumentation-agent-8.3.jar org.gradle.launcher.daemon.bootstrap.GradleDaemon 8.3

Host: AMD Ryzen 3 3250U with Radeon Graphics         , 4 cores, 5G,  Windows 11 , 64 bit Build 23615 (10.0.23615.1000)
Time: Sat Jan 13 19:07:52 2024 India Standard Time elapsed time: 65.902758 seconds (0d 0h 1m 5s)

---------------  T H R E A D  ---------------

Current thread (0x00000292fac72a20):  JavaThread "C2 CompilerThread0" daemon [_thread_in_native, id=13348, stack(0x000000d884200000,0x000000d884300000)]


Current CompileTask:
C2:  65902 14714   !   4       org.gradle.cache.internal.DefaultMultiProcessSafeIndexedCache::getIfPresent (25 bytes)

Stack: [0x000000d884200000,0x000000d884300000],  sp=0x000000d8842fb770,  free space=1005k
Native frames: (J=compiled Java code, j=interpreted, Vv=VM code, C=native code)
V  [jvm.dll+0x2be0a9]
V  [jvm.dll+0x21ba8b]
V  [jvm.dll+0x21944b]
V  [jvm.dll+0x1a56b6]
V  [jvm.dll+0x2291ea]
V  [jvm.dll+0x22724c]
V  [jvm.dll+0x7efd0c]
V  [jvm.dll+0x7ea13a]
V  [jvm.dll+0x67ad85]
C  [ucrtbase.dll+0x29363]
C  [KERNEL32.DLL+0x1257d]
C  [ntdll.dll+0x5aa58]


siginfo: EXCEPTION_ACCESS_VIOLATION (0xc0000005), reading address 0x0000000000000028


Register to memory mapping:

RIP=0x00007ffb290ae0a9 jvm.dll
RAX=0x00000292b5fb6ea0 points into unknown readable memory: 0x0000000000000000 | 00 00 00 00 00 00 00 00
RBX=0x00000000000016ab is an unknown value
RCX=0x00000292b5fc6ea0 points into unknown readable memory: 0x00000292aee25f80 | 80 5f e2 ae 92 02 00 00
RDX=0x0 is NULL
RSP=0x000000d8842fb770 is pointing into the stack for thread: 0x00000292fac72a20
RBP=0x000000d8842fb7e0 is pointing into the stack for thread: 0x00000292fac72a20
RSI=0x0 is NULL
RDI=0x0000000000000047 is an unknown value
R8 =0x0 is NULL
R9 =0x0 is NULL
R10=0x00007ffb5a0b0000 VCRUNTIME140.dll
R11=0x00000292b5fb6ec0 points into unknown readable memory: 0x0000000000000000 | 00 00 00 00 00 00 00 00
R12=0x0000000000000050 is an unknown value
R13=0x0 is NULL
R14=0x0 is NULL
R15=0x000000d8842fe990 is pointing into the stack for thread: 0x00000292fac72a20


Registers:
RAX=0x00000292b5fb6ea0, RBX=0x00000000000016ab, RCX=0x00000292b5fc6ea0, RDX=0x0000000000000000
RSP=0x000000d8842fb770, RBP=0x000000d8842fb7e0, RSI=0x0000000000000000, RDI=0x0000000000000047
R8 =0x0000000000000000, R9 =0x0000000000000000, R10=0x00007ffb5a0b0000, R11=0x00000292b5fb6ec0
R12=0x0000000000000050, R13=0x0000000000000000, R14=0x0000000000000000, R15=0x000000d8842fe990
RIP=0x00007ffb290ae0a9, EFLAGS=0x0000000000010246

Top of Stack: (sp=0x000000d8842fb770)
0x000000d8842fb770:   00000000000016ab 0000000000000000
0x000000d8842fb780:   000000d8842fe990 00007ffb290138d1
0x000000d8842fb790:   00000292fac65ba0 00007ffb00002000
0x000000d8842fb7a0:   00000292b5fb6ea0 0000000000000000
0x000000d8842fb7b0:   0000000000000002 00000292b56f7fc0
0x000000d8842fb7c0:   0000000000000002 00000292fac65ba0
0x000000d8842fb7d0:   0000000000000000 0000000000000000
0x000000d8842fb7e0:   00000292fac510c0 00000292ec0d7be0
0x000000d8842fb7f0:   0000000000000047 00007ffb29734c08
0x000000d8842fb800:   000000d8842fb910 00007ffb2900ba8b
0x000000d8842fb810:   000000d8842fe990 00007ffb29734c08
0x000000d8842fb820:   000000d8842fe990 000000d8842fb910
0x000000d8842fb830:   0000029200000000 00007ffb2940b7fb
0x000000d8842fb840:   000000d80000000f 000000d8842fe990
0x000000d8842fb850:   000000d8842fb9c0 0000000000000000
0x000000d8842fb860:   0000029200000100 00007ffb29734c08 

Instructions: (pc=0x00007ffb290ae0a9)
0x00007ffb290adfa9:   3b d0 75 0b ff c1 41 3b c9 7c dc 48 8b c2 c3 33
0x00007ffb290adfb9:   c0 c3 cc cc cc cc cc 48 89 5c 24 18 55 56 57 41
0x00007ffb290adfc9:   55 41 57 48 8b ec 48 83 ec 70 65 48 8b 04 25 58
0x00007ffb290adfd9:   00 00 00 48 8b f2 44 8b 05 d2 8b 90 00 4c 8b f9
0x00007ffb290adfe9:   4a 8b 1c c0 b8 50 00 00 00 80 3c 18 00 75 05 e8
0x00007ffb290adff9:   8b 6f 5d 00 b8 20 00 00 00 48 8b 04 18 48 8b 98
0x00007ffb290ae009:   38 02 00 00 48 89 5d b0 c7 45 b8 04 00 00 00 48
0x00007ffb290ae019:   8b 43 18 48 83 f8 df 76 18 4c 8d 05 37 a9 65 00
0x00007ffb290ae029:   ba 20 00 00 00 48 8b cb e8 5a eb de ff 48 8b 43
0x00007ffb290ae039:   18 48 8d 48 20 48 3b 4b 20 76 11 45 33 c0 48 8b
0x00007ffb290ae049:   cb 41 8d 50 20 e8 fd e8 de ff eb 04 48 89 4b 18
0x00007ffb290ae059:   44 8b 45 b8 33 d2 49 c1 e0 03 48 8b c8 48 89 45
0x00007ffb290ae069:   c0 e8 e3 80 5d 00 45 33 ed 48 8d 4d d0 44 89 6d
0x00007ffb290ae079:   c8 e8 01 59 56 00 41 8b 9f 40 02 00 00 41 2b 9f
0x00007ffb290ae089:   68 02 00 00 44 89 6d f0 3b 5d b8 72 0b 8b d3 48
0x00007ffb290ae099:   8d 4d b0 e8 6f b3 39 00 48 8b 45 c0 4c 89 2c d8
0x00007ffb290ae0a9:   8b 7e 28 8b df c1 eb 05 3b 5d d0 72 0b 8b d3 48
0x00007ffb290ae0b9:   8d 4d d0 e8 1f 59 56 00 48 8b 45 d8 83 e7 1f 48
0x00007ffb290ae0c9:   8d 14 98 40 0f b6 cf 41 b8 01 00 00 00 41 d3 e0
0x00007ffb290ae0d9:   8b 0a 8b c1 41 0b c0 89 02 41 85 c8 75 21 8b 5d
0x00007ffb290ae0e9:   c8 8d 43 01 89 45 c8 3b 5d b8 72 0b 8b d3 48 8d
0x00007ffb290ae0f9:   4d b0 e8 10 b3 39 00 48 8b 45 c0 48 89 34 d8 44
0x00007ffb290ae109:   39 6d c8 0f 86 77 01 00 00 4c 89 a4 24 a0 00 00
0x00007ffb290ae119:   00 4c 89 b4 24 a8 00 00 00 48 8b 45 c0 41 8b cd
0x00007ffb290ae129:   48 8b 34 c8 8b 46 2c 25 ff 1f 00 00 3d 04 10 00
0x00007ffb290ae139:   00 0f 85 a7 00 00 00 bb 01 00 00 00 39 5e 18 76
0x00007ffb290ae149:   39 66 0f 1f 44 00 00 48 8b 46 08 8b cb 48 8b 14
0x00007ffb290ae159:   c8 48 85 d2 74 1d 48 83 7a 10 00 74 16 80 7a 2c
0x00007ffb290ae169:   84 74 10 e8 7f 7e ee ff 48 8b d0 49 8b cf e8 a4
0x00007ffb290ae179:   61 f6 ff ff c3 3b 5e 18 72 cd 48 8b 5e 10 8b 46
0x00007ffb290ae189:   20 4c 8d 34 c3 49 3b de 73 54 48 8b 3b 8b 47 2c
0x00007ffb290ae199:   83 e0 03 3c 03 75 2e 48 8b 07 48 8b cf ff 90 88 


Stack slot to memory mapping:
stack at sp + 0 slots: 0x00000000000016ab is an unknown value
stack at sp + 1 slots: 0x0 is NULL
stack at sp + 2 slots: 0x000000d8842fe990 is pointing into the stack for thread: 0x00000292fac72a20
stack at sp + 3 slots: 0x00007ffb290138d1 jvm.dll
stack at sp + 4 slots: 0x00000292fac65ba0 points into unknown readable memory: 0x0000000000000006 | 06 00 00 00 00 00 00 00
stack at sp + 5 slots: 0x00007ffb00002000 is an unknown value
stack at sp + 6 slots: 0x00000292b5fb6ea0 points into unknown readable memory: 0x0000000000000000 | 00 00 00 00 00 00 00 00
stack at sp + 7 slots: 0x0 is NULL


---------------  P R O C E S S  ---------------

Threads class SMR info:
_java_thread_list=0x00000292b54b7470, length=95, elements={
0x00000292ec0c1330, 0x00000292fac4d0e0, 0x00000292fac4de70, 0x00000292fac5f4a0,
0x00000292fac60e80, 0x00000292fac63760, 0x00000292fac64030, 0x00000292fac72a20,
0x00000292fac7ddf0, 0x00000292fac80710, 0x00000292fac3bda0, 0x00000292ff14e7b0,
0x00000292aae2c420, 0x00000292abe00270, 0x00000292aafce980, 0x00000292ab196450,
0x00000292ab463040, 0x00000292aaee8120, 0x00000292aaee9a70, 0x00000292aaee8630,
0x00000292aaee8b40, 0x00000292aaee9050, 0x00000292aaee9560, 0x00000292aa34f240,
0x00000292aa34e310, 0x00000292aa34fc60, 0x00000292aa34c9c0, 0x00000292aa3515b0,
0x00000292aa34ba90, 0x00000292aa350170, 0x00000292aa350680, 0x00000292aa350b90,
0x00000292aa34bfa0, 0x00000292aa351ac0, 0x00000292aa34ced0, 0x00000292aa34ed30,
0x00000292aa34e820, 0x00000292aa34de00, 0x00000292aa34d8f0, 0x00000292aa3524e0,
0x00000292aa34f750, 0x00000292aa34b070, 0x00000292aa3510a0, 0x00000292aa3529f0,
0x00000292aa34b580, 0x00000292ff27db30, 0x00000292ff27d620, 0x00000292ff27ea60,
0x00000292ff283650, 0x00000292ff282720, 0x00000292ff27f990, 0x00000292ff2812e0,
0x00000292ff2803b0, 0x00000292ff27fea0, 0x00000292ff2817f0, 0x00000292ff283b60,
0x00000292ff2808c0, 0x00000292ff284580, 0x00000292ff284a90, 0x00000292ff284fa0,
0x00000292ff282c30, 0x00000292ff280dd0, 0x00000292ff281d00, 0x00000292ff283140,
0x00000292ff282210, 0x00000292af0261e0, 0x00000292af026c00, 0x00000292af0252b0,
0x00000292af0257c0, 0x00000292ff27ef70, 0x00000292aa351fd0, 0x00000292b5124fb0,
0x00000292b51208d0, 0x00000292b5120de0, 0x00000292b51263f0, 0x00000292b5121800,
0x00000292b51259d0, 0x00000292b5125ee0, 0x00000292abebf580, 0x00000292b5122220,
0x00000292b5126e10, 0x00000292b5122730, 0x00000292b5124080, 0x00000292b51254c0,
0x00000292b5122c40, 0x00000292b5123150, 0x00000292b511feb0, 0x00000292b5123660,
0x00000292b5124590, 0x00000292b5123b70, 0x00000292b5127830, 0x00000292b7638080,
0x00000292b763f4f0, 0x00000292b763e0b0, 0x00000292b7639ee0
}

Java Threads: ( => current thread )
  0x00000292ec0c1330 JavaThread "main" [_thread_blocked, id=17036, stack(0x000000d883500000,0x000000d883600000)]
  0x00000292fac4d0e0 JavaThread "Reference Handler" daemon [_thread_blocked, id=13316, stack(0x000000d883c00000,0x000000d883d00000)]
  0x00000292fac4de70 JavaThread "Finalizer" daemon [_thread_blocked, id=15984, stack(0x000000d883d00000,0x000000d883e00000)]
  0x00000292fac5f4a0 JavaThread "Signal Dispatcher" daemon [_thread_blocked, id=15616, stack(0x000000d883e00000,0x000000d883f00000)]
  0x00000292fac60e80 JavaThread "Attach Listener" daemon [_thread_blocked, id=10296, stack(0x000000d883f00000,0x000000d884000000)]
  0x00000292fac63760 JavaThread "Service Thread" daemon [_thread_blocked, id=11760, stack(0x000000d884000000,0x000000d884100000)]
  0x00000292fac64030 JavaThread "Monitor Deflation Thread" daemon [_thread_blocked, id=12260, stack(0x000000d884100000,0x000000d884200000)]
=>0x00000292fac72a20 JavaThread "C2 CompilerThread0" daemon [_thread_in_native, id=13348, stack(0x000000d884200000,0x000000d884300000)]
  0x00000292fac7ddf0 JavaThread "C1 CompilerThread0" daemon [_thread_blocked, id=11232, stack(0x000000d884300000,0x000000d884400000)]
  0x00000292fac80710 JavaThread "Sweeper thread" daemon [_thread_blocked, id=19216, stack(0x000000d884400000,0x000000d884500000)]
  0x00000292fac3bda0 JavaThread "Common-Cleaner" daemon [_thread_blocked, id=5752, stack(0x000000d884500000,0x000000d884600000)]
  0x00000292ff14e7b0 JavaThread "Notification Thread" daemon [_thread_blocked, id=11972, stack(0x000000d884600000,0x000000d884700000)]
  0x00000292aae2c420 JavaThread "Daemon health stats" [_thread_blocked, id=8580, stack(0x000000d884c00000,0x000000d884d00000)]
  0x00000292abe00270 JavaThread "Incoming local TCP Connector on port 51772" [_thread_in_native, id=15604, stack(0x000000d884d00000,0x000000d884e00000)]
  0x00000292aafce980 JavaThread "Daemon periodic checks" [_thread_blocked, id=13524, stack(0x000000d884e00000,0x000000d884f00000)]
  0x00000292ab196450 JavaThread "Daemon" [_thread_blocked, id=6400, stack(0x000000d884f00000,0x000000d885000000)]
  0x00000292ab463040 JavaThread "Handler for socket connection from /127.0.0.1:51772 to /127.0.0.1:51773" [_thread_in_native, id=19268, stack(0x000000d885000000,0x000000d885100000)]
  0x00000292aaee8120 JavaThread "Cancel handler" [_thread_blocked, id=18624, stack(0x000000d885100000,0x000000d885200000)]
  0x00000292aaee9a70 JavaThread "Daemon worker" [_thread_blocked, id=3560, stack(0x000000d885200000,0x000000d885300000)]
  0x00000292aaee8630 JavaThread "Asynchronous log dispatcher for DefaultDaemonConnection: socket connection from /127.0.0.1:51772 to /127.0.0.1:51773" [_thread_blocked, id=12852, stack(0x000000d885300000,0x000000d885400000)]
  0x00000292aaee8b40 JavaThread "Stdin handler" [_thread_blocked, id=8432, stack(0x000000d885400000,0x000000d885500000)]
  0x00000292aaee9050 JavaThread "Daemon client event forwarder" [_thread_blocked, id=904, stack(0x000000d885500000,0x000000d885600000)]
  0x00000292aaee9560 JavaThread "Cache worker for journal cache (C:\Users\anura\.gradle\caches\journal-1)" [_thread_blocked, id=10204, stack(0x000000d884800000,0x000000d884900000)]
  0x00000292aa34f240 JavaThread "File lock request listener" [_thread_in_native, id=5912, stack(0x000000d885600000,0x000000d885700000)]
  0x00000292aa34e310 JavaThread "Cache worker for file hash cache (C:\Users\anura\.gradle\caches\8.3\fileHashes)" [_thread_blocked, id=7976, stack(0x000000d885700000,0x000000d885800000)]
  0x00000292aa34fc60 JavaThread "File watcher server" daemon [_thread_in_native, id=12280, stack(0x000000d885900000,0x000000d885a00000)]
  0x00000292aa34c9c0 JavaThread "File watcher consumer" daemon [_thread_blocked, id=13184, stack(0x000000d885a00000,0x000000d885b00000)]
  0x00000292aa3515b0 JavaThread "Cache worker for checksums cache (C:\Users\anura\Desktop\easymyliving\InternalDashboard\android\.gradle\8.3\checksums)" [_thread_blocked, id=6928, stack(0x000000d885b00000,0x000000d885c00000)]
  0x00000292aa34ba90 JavaThread "Cache worker for file hash cache (C:\Users\anura\Desktop\easymyliving\InternalDashboard\android\.gradle\8.3\fileHashes)" [_thread_blocked, id=1724, stack(0x000000d885c00000,0x000000d885d00000)]
  0x00000292aa350170 JavaThread "Cache worker for cache directory md-supplier (C:\Users\anura\.gradle\caches\8.3\md-supplier)" [_thread_blocked, id=15628, stack(0x000000d885d00000,0x000000d885e00000)]
  0x00000292aa350680 JavaThread "Cache worker for file content cache (C:\Users\anura\.gradle\caches\8.3\fileContent)" [_thread_blocked, id=13832, stack(0x000000d885e00000,0x000000d885f00000)]
  0x00000292aa350b90 JavaThread "Cache worker for cache directory md-rule (C:\Users\anura\.gradle\caches\8.3\md-rule)" [_thread_blocked, id=11396, stack(0x000000d885f00000,0x000000d886000000)]
  0x00000292aa34bfa0 JavaThread "Cache worker for execution history cache (C:\Users\anura\.gradle\caches\8.3\executionHistory)" [_thread_blocked, id=12484, stack(0x000000d886000000,0x000000d886100000)]
  0x00000292aa351ac0 JavaThread "jar transforms" [_thread_blocked, id=7076, stack(0x000000d886100000,0x000000d886200000)]
  0x00000292aa34ced0 JavaThread "jar transforms Thread 2" [_thread_blocked, id=13664, stack(0x000000d886200000,0x000000d886300000)]
  0x00000292aa34ed30 JavaThread "jar transforms Thread 3" [_thread_blocked, id=5448, stack(0x000000d886300000,0x000000d886400000)]
  0x00000292aa34e820 JavaThread "jar transforms Thread 4" [_thread_blocked, id=12112, stack(0x000000d886400000,0x000000d886500000)]
  0x00000292aa34de00 JavaThread "Cache worker for kotlin-dsl (C:\Users\anura\.gradle\caches\8.3\kotlin-dsl)" [_thread_blocked, id=18884, stack(0x000000d886500000,0x000000d886600000)]
  0x00000292aa34d8f0 JavaThread "Unconstrained build operations" [_thread_blocked, id=18232, stack(0x000000d886600000,0x000000d886700000)]
  0x00000292aa3524e0 JavaThread "Unconstrained build operations Thread 2" [_thread_blocked, id=17504, stack(0x000000d886700000,0x000000d886800000)]
  0x00000292aa34f750 JavaThread "Cache worker for dependencies-accessors (C:\Users\anura\Desktop\easymyliving\InternalDashboard\android\.gradle\8.3\dependencies-accessors)" [_thread_blocked, id=15660, stack(0x000000d886800000,0x000000d886900000)]
  0x00000292aa34b070 JavaThread "Cache worker for Build Output Cleanup Cache (C:\Users\anura\Desktop\easymyliving\InternalDashboard\node_modules\@react-native\gradle-plugin\.gradle\buildOutputCleanup)" [_thread_blocked, id=4784, stack(0x000000d886900000,0x000000d886a00000)]
  0x00000292aa3510a0 JavaThread "Unconstrained build operations Thread 3" [_thread_blocked, id=14188, stack(0x000000d886a00000,0x000000d886b00000)]
  0x00000292aa3529f0 JavaThread "Unconstrained build operations Thread 4" [_thread_blocked, id=13432, stack(0x000000d886b00000,0x000000d886c00000)]
  0x00000292aa34b580 JavaThread "Unconstrained build operations Thread 5" [_thread_blocked, id=16176, stack(0x000000d886c00000,0x000000d886d00000)]
  0x00000292ff27db30 JavaThread "Memory manager" [_thread_blocked, id=16192, stack(0x000000d886d00000,0x000000d886e00000)]
  0x00000292ff27d620 JavaThread "Cache worker for Build Output Cleanup Cache (C:\Users\anura\Desktop\easymyliving\InternalDashboard\android\.gradle\buildOutputCleanup)" [_thread_blocked, id=14684, stack(0x000000d886e00000,0x000000d886f00000)]
  0x00000292ff27ea60 JavaThread "ForkJoinPool.commonPool-worker-1" daemon [_thread_blocked, id=5948, stack(0x000000d886f00000,0x000000d887000000)]
  0x00000292ff283650 JavaThread "ForkJoinPool.commonPool-worker-2" daemon [_thread_blocked, id=16536, stack(0x000000d887000000,0x000000d887100000)]
  0x00000292ff282720 JavaThread "ForkJoinPool.commonPool-worker-3" daemon [_thread_blocked, id=17572, stack(0x000000d887100000,0x000000d887200000)]
  0x00000292ff27f990 JavaThread "Exec process" [_thread_blocked, id=16020, stack(0x000000d887200000,0x000000d887300000)]
  0x00000292ff2812e0 JavaThread "Exec process Thread 2" [_thread_blocked, id=6388, stack(0x000000d887300000,0x000000d887400000)]
  0x00000292ff2803b0 JavaThread "Exec process Thread 3" [_thread_blocked, id=16256, stack(0x000000d887400000,0x000000d887500000)]
  0x00000292ff27fea0 JavaThread "included builds" [_thread_blocked, id=2628, stack(0x000000d887700000,0x000000d887800000)]
  0x00000292ff2817f0 JavaThread "Execution worker" [_thread_blocked, id=13324, stack(0x000000d887800000,0x000000d887900000)]
  0x00000292ff283b60 JavaThread "Execution worker Thread 2" [_thread_blocked, id=17172, stack(0x000000d887900000,0x000000d887a00000)]
  0x00000292ff2808c0 JavaThread "Execution worker Thread 3" [_thread_blocked, id=11176, stack(0x000000d887a00000,0x000000d887b00000)]
  0x00000292ff284580 JavaThread "Cache worker for execution history cache (C:\Users\anura\Desktop\easymyliving\InternalDashboard\node_modules\@react-native\gradle-plugin\.gradle\8.3\executionHistory)" [_thread_blocked, id=14408, stack(0x000000d887b00000,0x000000d887c00000)]
  0x00000292ff284a90 JavaThread "Unconstrained build operations Thread 6" [_thread_blocked, id=17740, stack(0x000000d887c00000,0x000000d887d00000)]
  0x00000292ff284fa0 JavaThread "Unconstrained build operations Thread 7" [_thread_blocked, id=14736, stack(0x000000d887d00000,0x000000d887e00000)]
  0x00000292ff282c30 JavaThread "Unconstrained build operations Thread 8" [_thread_blocked, id=14680, stack(0x000000d887e00000,0x000000d887f00000)]
  0x00000292ff280dd0 JavaThread "Unconstrained build operations Thread 9" [_thread_blocked, id=10924, stack(0x000000d887f00000,0x000000d888000000)]
  0x00000292ff281d00 JavaThread "Unconstrained build operations Thread 10" [_thread_blocked, id=13904, stack(0x000000d888000000,0x000000d888100000)]
  0x00000292ff283140 JavaThread "Unconstrained build operations Thread 11" [_thread_blocked, id=17012, stack(0x000000d888100000,0x000000d888200000)]
  0x00000292ff282210 JavaThread "Unconstrained build operations Thread 12" [_thread_blocked, id=14636, stack(0x000000d888200000,0x000000d888300000)]
  0x00000292af0261e0 JavaThread "Unconstrained build operations Thread 13" [_thread_blocked, id=15896, stack(0x000000d888300000,0x000000d888400000)]
  0x00000292af026c00 JavaThread "Unconstrained build operations Thread 14" [_thread_blocked, id=9988, stack(0x000000d888400000,0x000000d888500000)]
  0x00000292af0252b0 JavaThread "Unconstrained build operations Thread 15" [_thread_blocked, id=16788, stack(0x000000d888500000,0x000000d888600000)]
  0x00000292af0257c0 JavaThread "Unconstrained build operations Thread 16" [_thread_blocked, id=14256, stack(0x000000d888600000,0x000000d888700000)]
  0x00000292ff27ef70 JavaThread "Unconstrained build operations Thread 17" [_thread_blocked, id=6016, stack(0x000000d888700000,0x000000d888800000)]
  0x00000292aa351fd0 JavaThread "Unconstrained build operations Thread 18" [_thread_blocked, id=16628, stack(0x000000d888800000,0x000000d888900000)]
  0x00000292b5124fb0 JavaThread "Unconstrained build operations Thread 19" [_thread_blocked, id=15996, stack(0x000000d888900000,0x000000d888a00000)]
  0x00000292b51208d0 JavaThread "Unconstrained build operations Thread 20" [_thread_blocked, id=19036, stack(0x000000d888a00000,0x000000d888b00000)]
  0x00000292b5120de0 JavaThread "Unconstrained build operations Thread 21" [_thread_blocked, id=14468, stack(0x000000d888b00000,0x000000d888c00000)]
  0x00000292b51263f0 JavaThread "Unconstrained build operations Thread 22" [_thread_blocked, id=3996, stack(0x000000d888c00000,0x000000d888d00000)]
  0x00000292b5121800 JavaThread "Unconstrained build operations Thread 23" [_thread_blocked, id=17444, stack(0x000000d888d00000,0x000000d888e00000)]
  0x00000292b51259d0 JavaThread "Unconstrained build operations Thread 24" [_thread_blocked, id=2596, stack(0x000000d888e00000,0x000000d888f00000)]
  0x00000292b5125ee0 JavaThread "Unconstrained build operations Thread 25" [_thread_blocked, id=12228, stack(0x000000d888f00000,0x000000d889000000)]
  0x00000292abebf580 JavaThread "C2 CompilerThread1" daemon [_thread_in_native, id=6660, stack(0x000000d885800000,0x000000d885900000)]
  0x00000292b5122220 JavaThread "Unconstrained build operations Thread 26" [_thread_blocked, id=10132, stack(0x000000d883200000,0x000000d883300000)]
  0x00000292b5126e10 JavaThread "Unconstrained build operations Thread 27" [_thread_blocked, id=19220, stack(0x000000d883300000,0x000000d883400000)]
  0x00000292b5122730 JavaThread "Unconstrained build operations Thread 28" [_thread_blocked, id=3056, stack(0x000000d883400000,0x000000d883500000)]
  0x00000292b5124080 JavaThread "Unconstrained build operations Thread 29" [_thread_blocked, id=13620, stack(0x000000d889000000,0x000000d889100000)]
  0x00000292b51254c0 JavaThread "Unconstrained build operations Thread 30" [_thread_blocked, id=5260, stack(0x000000d889100000,0x000000d889200000)]
  0x00000292b5122c40 JavaThread "Unconstrained build operations Thread 31" [_thread_blocked, id=15080, stack(0x000000d889200000,0x000000d889300000)]
  0x00000292b5123150 JavaThread "Unconstrained build operations Thread 32" [_thread_blocked, id=1372, stack(0x000000d889300000,0x000000d889400000)]
  0x00000292b511feb0 JavaThread "Unconstrained build operations Thread 33" [_thread_blocked, id=10200, stack(0x000000d889400000,0x000000d889500000)]
  0x00000292b5123660 JavaThread "Unconstrained build operations Thread 34" [_thread_blocked, id=12792, stack(0x000000d889500000,0x000000d889600000)]
  0x00000292b5124590 JavaThread "Unconstrained build operations Thread 35" [_thread_blocked, id=17008, stack(0x000000d889600000,0x000000d889700000)]
  0x00000292b5123b70 JavaThread "Unconstrained build operations Thread 36" [_thread_blocked, id=13520, stack(0x000000d889700000,0x000000d889800000)]
  0x00000292b5127830 JavaThread "Unconstrained build operations Thread 37" [_thread_blocked, id=4860, stack(0x000000d889800000,0x000000d889900000)]
  0x00000292b7638080 JavaThread "Unconstrained build operations Thread 38" [_thread_blocked, id=14148, stack(0x000000d889900000,0x000000d889a00000)]
  0x00000292b763f4f0 JavaThread "Unconstrained build operations Thread 39" [_thread_blocked, id=12676, stack(0x000000d889a00000,0x000000d889b00000)]
  0x00000292b763e0b0 JavaThread "Unconstrained build operations Thread 40" [_thread_blocked, id=17412, stack(0x000000d889b00000,0x000000d889c00000)]
  0x00000292b7639ee0 JavaThread "Cache worker for execution history cache (C:\Users\anura\Desktop\easymyliving\InternalDashboard\android\.gradle\8.3\executionHistory)" [_thread_blocked, id=18192, stack(0x000000d889c00000,0x000000d889d00000)]

Other Threads:
  0x00000292fac47a10 VMThread "VM Thread" [stack: 0x000000d883b00000,0x000000d883c00000] [id=3700]
  0x00000292ec1341e0 WatcherThread [stack: 0x000000d884700000,0x000000d884800000] [id=16036]
  0x00000292ec119b70 GCTaskThread "GC Thread#0" [stack: 0x000000d883600000,0x000000d883700000] [id=15612]
  0x00000292ff2da230 GCTaskThread "GC Thread#1" [stack: 0x000000d884900000,0x000000d884a00000] [id=18280]
  0x00000292ff4842f0 GCTaskThread "GC Thread#2" [stack: 0x000000d884a00000,0x000000d884b00000] [id=16240]
  0x00000292ff527f50 GCTaskThread "GC Thread#3" [stack: 0x000000d884b00000,0x000000d884c00000] [id=11320]
  0x00000292ec12a9d0 ConcurrentGCThread "G1 Main Marker" [stack: 0x000000d883700000,0x000000d883800000] [id=19136]
  0x00000292ec12b2f0 ConcurrentGCThread "G1 Conc#0" [stack: 0x000000d883800000,0x000000d883900000] [id=12936]
  0x00000292ec16ea50 ConcurrentGCThread "G1 Refine#0" [stack: 0x000000d883900000,0x000000d883a00000] [id=15852]
  0x00000292fab064c0 ConcurrentGCThread "G1 Service" [stack: 0x000000d883a00000,0x000000d883b00000] [id=18912]

Threads with active compile tasks:
C2 CompilerThread0    65989 14714   !   4       org.gradle.cache.internal.DefaultMultiProcessSafeIndexedCache::getIfPresent (25 bytes)
C2 CompilerThread1    65989 14723       4       org.gradle.internal.snapshot.MerkleDirectorySnapshotBuilder::collectEntry (52 bytes)

VM state: not at safepoint (normal execution)

VM Mutex/Monitor currently owned by a thread: None

Heap address: 0x0000000080000000, size: 2048 MB, Compressed Oops mode: 32-bit

CDS archive(s) mapped at: [0x000002928f000000-0x000002928fbd0000-0x000002928fbd0000), size 12386304, SharedBaseAddress: 0x000002928f000000, ArchiveRelocationMode: 1.
Compressed class space mapped at: 0x0000029290000000-0x00000292aa000000, reserved size: 436207616
Narrow klass base: 0x000002928f000000, Narrow klass shift: 0, Narrow klass range: 0x100000000

GC Precious Log:
 CPUs: 4 total, 4 available
 Memory: 6091M
 Large Page Support: Disabled
 NUMA Support: Disabled
 Compressed Oops: Enabled (32-bit)
 Heap Region Size: 1M
 Heap Min Capacity: 8M
 Heap Initial Capacity: 96M
 Heap Max Capacity: 2G
 Pre-touch: Disabled
 Parallel Workers: 4
 Concurrent Workers: 1
 Concurrent Refinement Workers: 4
 Periodic GC: Disabled

Heap:
 garbage-first heap   total 256000K, used 162682K [0x0000000080000000, 0x0000000100000000)
  region size 1024K, 11 young (11264K), 8 survivors (8192K)
 Metaspace       used 98068K, committed 99072K, reserved 557056K
  class space    used 13723K, committed 14208K, reserved 425984K

Heap Regions: E=young(eden), S=young(survivor), O=old, HS=humongous(starts), HC=humongous(continues), CS=collection set, F=free, OA=open archive, CA=closed archive, TAMS=top-at-mark-start (previous, next)
|   0|0x0000000080000000, 0x0000000080100000, 0x0000000080100000|100%| O|  |TAMS 0x0000000080100000, 0x0000000080000000| Untracked 
|   1|0x0000000080100000, 0x0000000080200000, 0x0000000080200000|100%| O|  |TAMS 0x0000000080200000, 0x0000000080100000| Untracked 
|   2|0x0000000080200000, 0x0000000080300000, 0x0000000080300000|100%|HS|  |TAMS 0x0000000080300000, 0x0000000080200000| Complete 
|   3|0x0000000080300000, 0x0000000080400000, 0x0000000080400000|100%|HC|  |TAMS 0x0000000080400000, 0x0000000080300000| Complete 
|   4|0x0000000080400000, 0x0000000080500000, 0x0000000080500000|100%|HC|  |TAMS 0x0000000080500000, 0x0000000080400000| Complete 
|   5|0x0000000080500000, 0x0000000080600000, 0x0000000080600000|100%|HC|  |TAMS 0x0000000080600000, 0x0000000080500000| Complete 
|   6|0x0000000080600000, 0x0000000080700000, 0x0000000080700000|100%| O|  |TAMS 0x0000000080700000, 0x0000000080600000| Untracked 
|   7|0x0000000080700000, 0x0000000080800000, 0x0000000080800000|100%| O|  |TAMS 0x0000000080800000, 0x0000000080700000| Untracked 
|   8|0x0000000080800000, 0x0000000080900000, 0x0000000080900000|100%| O|  |TAMS 0x0000000080900000, 0x0000000080800000| Untracked 
|   9|0x0000000080900000, 0x0000000080a00000, 0x0000000080a00000|100%| O|  |TAMS 0x0000000080a00000, 0x0000000080900000| Untracked 
|  10|0x0000000080a00000, 0x0000000080b00000, 0x0000000080b00000|100%| O|  |TAMS 0x0000000080b00000, 0x0000000080a00000| Untracked 
|  11|0x0000000080b00000, 0x0000000080c00000, 0x0000000080c00000|100%| O|  |TAMS 0x0000000080c00000, 0x0000000080b00000| Untracked 
|  12|0x0000000080c00000, 0x0000000080d00000, 0x0000000080d00000|100%| O|  |TAMS 0x0000000080d00000, 0x0000000080c00000| Untracked 
|  13|0x0000000080d00000, 0x0000000080e00000, 0x0000000080e00000|100%| O|  |TAMS 0x0000000080e00000, 0x0000000080d00000| Untracked 
|  14|0x0000000080e00000, 0x0000000080f00000, 0x0000000080f00000|100%|HS|  |TAMS 0x0000000080e00000, 0x0000000080e00000| Complete 
|  15|0x0000000080f00000, 0x0000000081000000, 0x0000000081000000|100%| O|  |TAMS 0x0000000081000000, 0x0000000080f00000| Untracked 
|  16|0x0000000081000000, 0x0000000081100000, 0x0000000081100000|100%| O|  |TAMS 0x0000000081100000, 0x0000000081000000| Untracked 
|  17|0x0000000081100000, 0x0000000081200000, 0x0000000081200000|100%| O|  |TAMS 0x0000000081200000, 0x0000000081100000| Untracked 
|  18|0x0000000081200000, 0x0000000081300000, 0x0000000081300000|100%| O|  |TAMS 0x0000000081300000, 0x0000000081200000| Untracked 
|  19|0x0000000081300000, 0x0000000081400000, 0x0000000081400000|100%| O|  |TAMS 0x0000000081400000, 0x0000000081300000| Untracked 
|  20|0x0000000081400000, 0x0000000081500000, 0x0000000081500000|100%| O|  |TAMS 0x0000000081500000, 0x0000000081400000| Untracked 
|  21|0x0000000081500000, 0x0000000081600000, 0x0000000081600000|100%| O|  |TAMS 0x0000000081600000, 0x0000000081500000| Untracked 
|  22|0x0000000081600000, 0x0000000081700000, 0x0000000081700000|100%| O|  |TAMS 0x0000000081700000, 0x0000000081600000| Untracked 
|  23|0x0000000081700000, 0x0000000081800000, 0x0000000081800000|100%| O|  |TAMS 0x0000000081800000, 0x0000000081700000| Untracked 
|  24|0x0000000081800000, 0x0000000081900000, 0x0000000081900000|100%| O|  |TAMS 0x0000000081900000, 0x0000000081800000| Untracked 
|  25|0x0000000081900000, 0x0000000081a00000, 0x0000000081a00000|100%| O|  |TAMS 0x0000000081a00000, 0x0000000081900000| Untracked 
|  26|0x0000000081a00000, 0x0000000081b00000, 0x0000000081b00000|100%| O|  |TAMS 0x0000000081b00000, 0x0000000081a00000| Untracked 
|  27|0x0000000081b00000, 0x0000000081c00000, 0x0000000081c00000|100%| O|  |TAMS 0x0000000081c00000, 0x0000000081b00000| Untracked 
|  28|0x0000000081c00000, 0x0000000081d00000, 0x0000000081d00000|100%| O|  |TAMS 0x0000000081d00000, 0x0000000081c00000| Untracked 
|  29|0x0000000081d00000, 0x0000000081e00000, 0x0000000081e00000|100%| O|  |TAMS 0x0000000081e00000, 0x0000000081d00000| Untracked 
|  30|0x0000000081e00000, 0x0000000081f00000, 0x0000000081f00000|100%| O|  |TAMS 0x0000000081f00000, 0x0000000081e00000| Untracked 
|  31|0x0000000081f00000, 0x0000000082000000, 0x0000000082000000|100%|HS|  |TAMS 0x0000000082000000, 0x0000000081f00000| Complete 
|  32|0x0000000082000000, 0x0000000082100000, 0x0000000082100000|100%|HC|  |TAMS 0x0000000082100000, 0x0000000082000000| Complete 
|  33|0x0000000082100000, 0x0000000082200000, 0x0000000082200000|100%| O|  |TAMS 0x0000000082200000, 0x0000000082100000| Untracked 
|  34|0x0000000082200000, 0x0000000082300000, 0x0000000082300000|100%| O|  |TAMS 0x0000000082300000, 0x0000000082200000| Untracked 
|  35|0x0000000082300000, 0x0000000082400000, 0x0000000082400000|100%| O|  |TAMS 0x0000000082400000, 0x0000000082300000| Untracked 
|  36|0x0000000082400000, 0x0000000082500000, 0x0000000082500000|100%| O|  |TAMS 0x0000000082500000, 0x0000000082400000| Untracked 
|  37|0x0000000082500000, 0x0000000082600000, 0x0000000082600000|100%| O|  |TAMS 0x0000000082600000, 0x0000000082500000| Untracked 
|  38|0x0000000082600000, 0x0000000082700000, 0x0000000082700000|100%| O|  |TAMS 0x0000000082700000, 0x0000000082600000| Untracked 
|  39|0x0000000082700000, 0x0000000082800000, 0x0000000082800000|100%|HS|  |TAMS 0x0000000082800000, 0x0000000082700000| Complete 
|  40|0x0000000082800000, 0x0000000082900000, 0x0000000082900000|100%|HC|  |TAMS 0x0000000082900000, 0x0000000082800000| Complete 
|  41|0x0000000082900000, 0x0000000082a00000, 0x0000000082a00000|100%| O|  |TAMS 0x0000000082a00000, 0x0000000082900000| Untracked 
|  42|0x0000000082a00000, 0x0000000082b00000, 0x0000000082b00000|100%| O|  |TAMS 0x0000000082b00000, 0x0000000082a00000| Untracked 
|  43|0x0000000082b00000, 0x0000000082c00000, 0x0000000082c00000|100%|HS|  |TAMS 0x0000000082c00000, 0x0000000082b00000| Complete 
|  44|0x0000000082c00000, 0x0000000082d00000, 0x0000000082d00000|100%|HC|  |TAMS 0x0000000082d00000, 0x0000000082c00000| Complete 
|  45|0x0000000082d00000, 0x0000000082e00000, 0x0000000082e00000|100%|HC|  |TAMS 0x0000000082e00000, 0x0000000082d00000| Complete 
|  46|0x0000000082e00000, 0x0000000082f00000, 0x0000000082f00000|100%|HC|  |TAMS 0x0000000082f00000, 0x0000000082e00000| Complete 
|  47|0x0000000082f00000, 0x0000000083000000, 0x0000000083000000|100%| O|  |TAMS 0x0000000083000000, 0x0000000082f00000| Untracked 
|  48|0x0000000083000000, 0x0000000083100000, 0x0000000083100000|100%| O|  |TAMS 0x0000000083100000, 0x0000000083000000| Untracked 
|  49|0x0000000083100000, 0x0000000083200000, 0x0000000083200000|100%| O|  |TAMS 0x0000000083200000, 0x0000000083100000| Untracked 
|  50|0x0000000083200000, 0x0000000083300000, 0x0000000083300000|100%| O|  |TAMS 0x0000000083300000, 0x0000000083200000| Untracked 
|  51|0x0000000083300000, 0x0000000083400000, 0x0000000083400000|100%|HS|  |TAMS 0x0000000083400000, 0x0000000083300000| Complete 
|  52|0x0000000083400000, 0x0000000083500000, 0x0000000083500000|100%|HC|  |TAMS 0x0000000083500000, 0x0000000083400000| Complete 
|  53|0x0000000083500000, 0x0000000083600000, 0x0000000083600000|100%|HC|  |TAMS 0x0000000083600000, 0x0000000083500000| Complete 
|  54|0x0000000083600000, 0x0000000083700000, 0x0000000083700000|100%|HC|  |TAMS 0x0000000083700000, 0x0000000083600000| Complete 
|  55|0x0000000083700000, 0x0000000083800000, 0x0000000083800000|100%| O|  |TAMS 0x0000000083800000, 0x0000000083700000| Untracked 
|  56|0x0000000083800000, 0x0000000083900000, 0x0000000083900000|100%| O|  |TAMS 0x0000000083900000, 0x0000000083800000| Untracked 
|  57|0x0000000083900000, 0x0000000083a00000, 0x0000000083a00000|100%| O|  |TAMS 0x0000000083a00000, 0x0000000083900000| Untracked 
|  58|0x0000000083a00000, 0x0000000083b00000, 0x0000000083b00000|100%| O|  |TAMS 0x0000000083b00000, 0x0000000083a00000| Untracked 
|  59|0x0000000083b00000, 0x0000000083c00000, 0x0000000083c00000|100%| O|  |TAMS 0x0000000083c00000, 0x0000000083b00000| Untracked 
|  60|0x0000000083c00000, 0x0000000083d00000, 0x0000000083d00000|100%| O|  |TAMS 0x0000000083d00000, 0x0000000083c00000| Untracked 
|  61|0x0000000083d00000, 0x0000000083e00000, 0x0000000083e00000|100%| O|  |TAMS 0x0000000083e00000, 0x0000000083d00000| Untracked 
|  62|0x0000000083e00000, 0x0000000083f00000, 0x0000000083f00000|100%| O|  |TAMS 0x0000000083f00000, 0x0000000083e00000| Untracked 
|  63|0x0000000083f00000, 0x0000000084000000, 0x0000000084000000|100%| O|  |TAMS 0x0000000084000000, 0x0000000083f00000| Untracked 
|  64|0x0000000084000000, 0x0000000084100000, 0x0000000084100000|100%| O|  |TAMS 0x0000000084100000, 0x0000000084000000| Untracked 
|  65|0x0000000084100000, 0x0000000084200000, 0x0000000084200000|100%| O|  |TAMS 0x0000000084200000, 0x0000000084100000| Untracked 
|  66|0x0000000084200000, 0x0000000084300000, 0x0000000084300000|100%|HS|  |TAMS 0x0000000084300000, 0x0000000084200000| Complete 
|  67|0x0000000084300000, 0x0000000084400000, 0x0000000084400000|100%|HS|  |TAMS 0x0000000084400000, 0x0000000084300000| Complete 
|  68|0x0000000084400000, 0x0000000084500000, 0x0000000084500000|100%|HS|  |TAMS 0x0000000084500000, 0x0000000084400000| Complete 
|  69|0x0000000084500000, 0x0000000084600000, 0x0000000084600000|100%|HS|  |TAMS 0x0000000084600000, 0x0000000084500000| Complete 
|  70|0x0000000084600000, 0x0000000084700000, 0x0000000084700000|100%| O|  |TAMS 0x0000000084700000, 0x0000000084600000| Untracked 
|  71|0x0000000084700000, 0x0000000084800000, 0x0000000084800000|100%| O|  |TAMS 0x0000000084800000, 0x0000000084700000| Untracked 
|  72|0x0000000084800000, 0x0000000084900000, 0x0000000084900000|100%| O|  |TAMS 0x0000000084900000, 0x0000000084800000| Untracked 
|  73|0x0000000084900000, 0x0000000084a00000, 0x0000000084a00000|100%| O|  |TAMS 0x0000000084a00000, 0x0000000084900000| Untracked 
|  74|0x0000000084a00000, 0x0000000084b00000, 0x0000000084b00000|100%| O|  |TAMS 0x0000000084b00000, 0x0000000084a00000| Untracked 
|  75|0x0000000084b00000, 0x0000000084c00000, 0x0000000084c00000|100%| O|  |TAMS 0x0000000084c00000, 0x0000000084b00000| Untracked 
|  76|0x0000000084c00000, 0x0000000084d00000, 0x0000000084d00000|100%| O|  |TAMS 0x0000000084c00000, 0x0000000084c00000| Untracked 
|  77|0x0000000084d00000, 0x0000000084e00000, 0x0000000084e00000|100%| O|  |TAMS 0x0000000084e00000, 0x0000000084d00000| Untracked 
|  78|0x0000000084e00000, 0x0000000084f00000, 0x0000000084f00000|100%| O|  |TAMS 0x0000000084f00000, 0x0000000084e00000| Untracked 
|  79|0x0000000084f00000, 0x0000000085000000, 0x0000000085000000|100%| O|  |TAMS 0x0000000085000000, 0x0000000084f00000| Untracked 
|  80|0x0000000085000000, 0x0000000085100000, 0x0000000085100000|100%| O|  |TAMS 0x0000000085100000, 0x0000000085000000| Untracked 
|  81|0x0000000085100000, 0x0000000085200000, 0x0000000085200000|100%| O|  |TAMS 0x0000000085200000, 0x0000000085100000| Untracked 
|  82|0x0000000085200000, 0x0000000085300000, 0x0000000085300000|100%| O|  |TAMS 0x0000000085300000, 0x0000000085200000| Untracked 
|  83|0x0000000085300000, 0x0000000085400000, 0x0000000085400000|100%| O|  |TAMS 0x000000008538ca00, 0x0000000085300000| Untracked 
|  84|0x0000000085400000, 0x0000000085500000, 0x0000000085500000|100%| O|  |TAMS 0x0000000085400000, 0x0000000085400000| Untracked 
|  85|0x0000000085500000, 0x0000000085600000, 0x0000000085600000|100%| O|  |TAMS 0x0000000085500000, 0x0000000085500000| Untracked 
|  86|0x0000000085600000, 0x0000000085700000, 0x0000000085700000|100%| O|  |TAMS 0x0000000085600000, 0x0000000085600000| Untracked 
|  87|0x0000000085700000, 0x0000000085800000, 0x0000000085800000|100%| O|  |TAMS 0x0000000085700000, 0x0000000085700000| Untracked 
|  88|0x0000000085800000, 0x0000000085900000, 0x0000000085900000|100%|HS|  |TAMS 0x0000000085800000, 0x0000000085800000| Complete 
|  89|0x0000000085900000, 0x0000000085a00000, 0x0000000085a00000|100%| O|  |TAMS 0x0000000085900000, 0x0000000085900000| Untracked 
|  90|0x0000000085a00000, 0x0000000085b00000, 0x0000000085b00000|100%| O|  |TAMS 0x0000000085a00000, 0x0000000085a00000| Untracked 
|  91|0x0000000085b00000, 0x0000000085c00000, 0x0000000085c00000|100%|HS|  |TAMS 0x0000000085b00000, 0x0000000085b00000| Complete 
|  92|0x0000000085c00000, 0x0000000085d00000, 0x0000000085d00000|100%|HC|  |TAMS 0x0000000085c00000, 0x0000000085c00000| Complete 
|  93|0x0000000085d00000, 0x0000000085e00000, 0x0000000085e00000|100%|HS|  |TAMS 0x0000000085d00000, 0x0000000085d00000| Complete 
|  94|0x0000000085e00000, 0x0000000085f00000, 0x0000000085f00000|100%|HS|  |TAMS 0x0000000085e00000, 0x0000000085e00000| Complete 
|  95|0x0000000085f00000, 0x0000000086000000, 0x0000000086000000|100%|HS|  |TAMS 0x0000000085f00000, 0x0000000085f00000| Complete 
|  96|0x0000000086000000, 0x0000000086100000, 0x0000000086100000|100%| O|  |TAMS 0x0000000086000000, 0x0000000086000000| Untracked 
|  97|0x0000000086100000, 0x0000000086200000, 0x0000000086200000|100%| O|  |TAMS 0x0000000086100000, 0x0000000086100000| Untracked 
|  98|0x0000000086200000, 0x0000000086300000, 0x0000000086300000|100%| O|  |TAMS 0x0000000086200000, 0x0000000086200000| Untracked 
|  99|0x0000000086300000, 0x0000000086400000, 0x0000000086400000|100%| O|  |TAMS 0x0000000086300000, 0x0000000086300000| Untracked 
| 100|0x0000000086400000, 0x0000000086500000, 0x0000000086500000|100%| O|  |TAMS 0x0000000086400000, 0x0000000086400000| Untracked 
| 101|0x0000000086500000, 0x0000000086600000, 0x0000000086600000|100%| O|  |TAMS 0x0000000086500000, 0x0000000086500000| Untracked 
| 102|0x0000000086600000, 0x0000000086700000, 0x0000000086700000|100%| O|  |TAMS 0x0000000086600000, 0x0000000086600000| Untracked 
| 103|0x0000000086700000, 0x0000000086800000, 0x0000000086800000|100%| O|  |TAMS 0x0000000086700000, 0x0000000086700000| Untracked 
| 104|0x0000000086800000, 0x0000000086900000, 0x0000000086900000|100%| O|  |TAMS 0x0000000086800000, 0x0000000086800000| Untracked 
| 105|0x0000000086900000, 0x0000000086a00000, 0x0000000086a00000|100%| O|  |TAMS 0x0000000086900000, 0x0000000086900000| Untracked 
| 106|0x0000000086a00000, 0x0000000086b00000, 0x0000000086b00000|100%| O|  |TAMS 0x0000000086a00000, 0x0000000086a00000| Untracked 
| 107|0x0000000086b00000, 0x0000000086c00000, 0x0000000086c00000|100%| O|  |TAMS 0x0000000086b00000, 0x0000000086b00000| Untracked 
| 108|0x0000000086c00000, 0x0000000086d00000, 0x0000000086d00000|100%| O|  |TAMS 0x0000000086c00000, 0x0000000086c00000| Untracked 
| 109|0x0000000086d00000, 0x0000000086e00000, 0x0000000086e00000|100%| O|  |TAMS 0x0000000086d00000, 0x0000000086d00000| Untracked 
| 110|0x0000000086e00000, 0x0000000086f00000, 0x0000000086f00000|100%| O|  |TAMS 0x0000000086e00000, 0x0000000086e00000| Untracked 
| 111|0x0000000086f00000, 0x0000000087000000, 0x0000000087000000|100%| O|  |TAMS 0x0000000086f00000, 0x0000000086f00000| Untracked 
| 112|0x0000000087000000, 0x0000000087100000, 0x0000000087100000|100%| O|  |TAMS 0x0000000087000000, 0x0000000087000000| Untracked 
| 113|0x0000000087100000, 0x0000000087200000, 0x0000000087200000|100%| O|  |TAMS 0x0000000087100000, 0x0000000087100000| Untracked 
| 114|0x0000000087200000, 0x0000000087300000, 0x0000000087300000|100%| O|  |TAMS 0x0000000087200000, 0x0000000087200000| Untracked 
| 115|0x0000000087300000, 0x0000000087400000, 0x0000000087400000|100%| O|  |TAMS 0x0000000087300000, 0x0000000087300000| Untracked 
| 116|0x0000000087400000, 0x0000000087500000, 0x0000000087500000|100%| O|  |TAMS 0x0000000087400000, 0x0000000087400000| Untracked 
| 117|0x0000000087500000, 0x0000000087600000, 0x0000000087600000|100%| O|  |TAMS 0x0000000087500000, 0x0000000087500000| Untracked 
| 118|0x0000000087600000, 0x0000000087700000, 0x0000000087700000|100%| O|  |TAMS 0x0000000087600000, 0x0000000087600000| Untracked 
| 119|0x0000000087700000, 0x0000000087800000, 0x0000000087800000|100%| O|  |TAMS 0x0000000087700000, 0x0000000087700000| Untracked 
| 120|0x0000000087800000, 0x0000000087900000, 0x0000000087900000|100%| O|  |TAMS 0x0000000087800000, 0x0000000087800000| Untracked 
| 121|0x0000000087900000, 0x0000000087a00000, 0x0000000087a00000|100%| O|  |TAMS 0x0000000087900000, 0x0000000087900000| Untracked 
| 122|0x0000000087a00000, 0x0000000087b00000, 0x0000000087b00000|100%| O|  |TAMS 0x0000000087a00000, 0x0000000087a00000| Untracked 
| 123|0x0000000087b00000, 0x0000000087c00000, 0x0000000087c00000|100%| O|  |TAMS 0x0000000087b00000, 0x0000000087b00000| Untracked 
| 124|0x0000000087c00000, 0x0000000087d00000, 0x0000000087d00000|100%| O|  |TAMS 0x0000000087c00000, 0x0000000087c00000| Untracked 
| 125|0x0000000087d00000, 0x0000000087e00000, 0x0000000087e00000|100%| O|  |TAMS 0x0000000087d00000, 0x0000000087d00000| Untracked 
| 126|0x0000000087e00000, 0x0000000087f00000, 0x0000000087f00000|100%| O|  |TAMS 0x0000000087e00000, 0x0000000087e00000| Untracked 
| 127|0x0000000087f00000, 0x0000000088000000, 0x0000000088000000|100%| O|  |TAMS 0x0000000087f00000, 0x0000000087f00000| Untracked 
| 128|0x0000000088000000, 0x0000000088100000, 0x0000000088100000|100%| O|  |TAMS 0x0000000088000000, 0x0000000088000000| Untracked 
| 129|0x0000000088100000, 0x0000000088200000, 0x0000000088200000|100%| O|  |TAMS 0x0000000088100000, 0x0000000088100000| Untracked 
| 130|0x0000000088200000, 0x0000000088300000, 0x0000000088300000|100%| O|  |TAMS 0x0000000088200000, 0x0000000088200000| Untracked 
| 131|0x0000000088300000, 0x0000000088400000, 0x0000000088400000|100%| O|  |TAMS 0x0000000088300000, 0x0000000088300000| Untracked 
| 132|0x0000000088400000, 0x0000000088500000, 0x0000000088500000|100%| O|  |TAMS 0x0000000088400000, 0x0000000088400000| Untracked 
| 133|0x0000000088500000, 0x0000000088600000, 0x0000000088600000|100%| O|  |TAMS 0x0000000088500000, 0x0000000088500000| Untracked 
| 134|0x0000000088600000, 0x0000000088700000, 0x0000000088700000|100%| O|  |TAMS 0x0000000088600000, 0x0000000088600000| Untracked 
| 135|0x0000000088700000, 0x0000000088800000, 0x0000000088800000|100%| O|  |TAMS 0x0000000088700000, 0x0000000088700000| Untracked 
| 136|0x0000000088800000, 0x0000000088900000, 0x0000000088900000|100%| O|  |TAMS 0x0000000088800000, 0x0000000088800000| Untracked 
| 137|0x0000000088900000, 0x0000000088a00000, 0x0000000088a00000|100%| O|  |TAMS 0x0000000088900000, 0x0000000088900000| Untracked 
| 138|0x0000000088a00000, 0x0000000088b00000, 0x0000000088b00000|100%| O|  |TAMS 0x0000000088a00000, 0x0000000088a00000| Untracked 
| 139|0x0000000088b00000, 0x0000000088c00000, 0x0000000088c00000|100%| O|  |TAMS 0x0000000088b00000, 0x0000000088b00000| Untracked 
| 140|0x0000000088c00000, 0x0000000088d00000, 0x0000000088d00000|100%| O|  |TAMS 0x0000000088c00000, 0x0000000088c00000| Untracked 
| 141|0x0000000088d00000, 0x0000000088e00000, 0x0000000088e00000|100%| O|  |TAMS 0x0000000088d00000, 0x0000000088d00000| Untracked 
| 142|0x0000000088e00000, 0x0000000088f00000, 0x0000000088f00000|100%| O|  |TAMS 0x0000000088e00000, 0x0000000088e00000| Untracked 
| 143|0x0000000088f00000, 0x0000000089000000, 0x0000000089000000|100%| O|  |TAMS 0x0000000088f00000, 0x0000000088f00000| Untracked 
| 144|0x0000000089000000, 0x0000000089100000, 0x0000000089100000|100%| O|  |TAMS 0x0000000089000000, 0x0000000089000000| Untracked 
| 145|0x0000000089100000, 0x0000000089200000, 0x0000000089200000|100%| O|  |TAMS 0x0000000089100000, 0x0000000089100000| Untracked 
| 146|0x0000000089200000, 0x0000000089300000, 0x0000000089300000|100%| O|  |TAMS 0x0000000089200000, 0x0000000089200000| Untracked 
| 147|0x0000000089300000, 0x0000000089400000, 0x0000000089400000|100%| O|  |TAMS 0x0000000089300000, 0x0000000089300000| Untracked 
| 148|0x0000000089400000, 0x00000000894dea00, 0x0000000089500000| 86%| O|  |TAMS 0x0000000089400000, 0x0000000089400000| Untracked 
| 149|0x0000000089500000, 0x0000000089500000, 0x0000000089600000|  0%| F|  |TAMS 0x0000000089500000, 0x0000000089500000| Untracked 
| 150|0x0000000089600000, 0x0000000089600000, 0x0000000089700000|  0%| F|  |TAMS 0x0000000089600000, 0x0000000089600000| Untracked 
| 151|0x0000000089700000, 0x0000000089700000, 0x0000000089800000|  0%| F|  |TAMS 0x0000000089700000, 0x0000000089700000| Untracked 
| 152|0x0000000089800000, 0x0000000089800000, 0x0000000089900000|  0%| F|  |TAMS 0x0000000089800000, 0x0000000089800000| Untracked 
| 153|0x0000000089900000, 0x0000000089900000, 0x0000000089a00000|  0%| F|  |TAMS 0x0000000089900000, 0x0000000089900000| Untracked 
| 154|0x0000000089a00000, 0x0000000089a00000, 0x0000000089b00000|  0%| F|  |TAMS 0x0000000089a00000, 0x0000000089a00000| Untracked 
| 155|0x0000000089b00000, 0x0000000089b00000, 0x0000000089c00000|  0%| F|  |TAMS 0x0000000089b00000, 0x0000000089b00000| Untracked 
| 156|0x0000000089c00000, 0x0000000089c00000, 0x0000000089d00000|  0%| F|  |TAMS 0x0000000089c00000, 0x0000000089c00000| Untracked 
| 157|0x0000000089d00000, 0x0000000089d00000, 0x0000000089e00000|  0%| F|  |TAMS 0x0000000089d00000, 0x0000000089d00000| Untracked 
| 158|0x0000000089e00000, 0x0000000089e00000, 0x0000000089f00000|  0%| F|  |TAMS 0x0000000089e00000, 0x0000000089e00000| Untracked 
| 159|0x0000000089f00000, 0x0000000089f00000, 0x000000008a000000|  0%| F|  |TAMS 0x0000000089f00000, 0x0000000089f00000| Untracked 
| 160|0x000000008a000000, 0x000000008a000000, 0x000000008a100000|  0%| F|  |TAMS 0x000000008a000000, 0x000000008a000000| Untracked 
| 161|0x000000008a100000, 0x000000008a100000, 0x000000008a200000|  0%| F|  |TAMS 0x000000008a100000, 0x000000008a100000| Untracked 
| 162|0x000000008a200000, 0x000000008a200000, 0x000000008a300000|  0%| F|  |TAMS 0x000000008a200000, 0x000000008a200000| Untracked 
| 163|0x000000008a300000, 0x000000008a300000, 0x000000008a400000|  0%| F|  |TAMS 0x000000008a300000, 0x000000008a300000| Untracked 
| 164|0x000000008a400000, 0x000000008a400000, 0x000000008a500000|  0%| F|  |TAMS 0x000000008a400000, 0x000000008a400000| Untracked 
| 165|0x000000008a500000, 0x000000008a500000, 0x000000008a600000|  0%| F|  |TAMS 0x000000008a500000, 0x000000008a500000| Untracked 
| 166|0x000000008a600000, 0x000000008a600000, 0x000000008a700000|  0%| F|  |TAMS 0x000000008a600000, 0x000000008a600000| Untracked 
| 167|0x000000008a700000, 0x000000008a700000, 0x000000008a800000|  0%| F|  |TAMS 0x000000008a700000, 0x000000008a700000| Untracked 
| 168|0x000000008a800000, 0x000000008a800000, 0x000000008a900000|  0%| F|  |TAMS 0x000000008a800000, 0x000000008a800000| Untracked 
| 169|0x000000008a900000, 0x000000008a900000, 0x000000008aa00000|  0%| F|  |TAMS 0x000000008a900000, 0x000000008a900000| Untracked 
| 170|0x000000008aa00000, 0x000000008aa00000, 0x000000008ab00000|  0%| F|  |TAMS 0x000000008aa00000, 0x000000008aa00000| Untracked 
| 171|0x000000008ab00000, 0x000000008ab00000, 0x000000008ac00000|  0%| F|  |TAMS 0x000000008ab00000, 0x000000008ab00000| Untracked 
| 172|0x000000008ac00000, 0x000000008ac00000, 0x000000008ad00000|  0%| F|  |TAMS 0x000000008ac00000, 0x000000008ac00000| Untracked 
| 173|0x000000008ad00000, 0x000000008ad00000, 0x000000008ae00000|  0%| F|  |TAMS 0x000000008ad00000, 0x000000008ad00000| Untracked 
| 174|0x000000008ae00000, 0x000000008ae00000, 0x000000008af00000|  0%| F|  |TAMS 0x000000008ae00000, 0x000000008ae00000| Untracked 
| 175|0x000000008af00000, 0x000000008af00000, 0x000000008b000000|  0%| F|  |TAMS 0x000000008af00000, 0x000000008af00000| Untracked 
| 176|0x000000008b000000, 0x000000008b000000, 0x000000008b100000|  0%| F|  |TAMS 0x000000008b000000, 0x000000008b000000| Untracked 
| 177|0x000000008b100000, 0x000000008b100000, 0x000000008b200000|  0%| F|  |TAMS 0x000000008b100000, 0x000000008b100000| Untracked 
| 178|0x000000008b200000, 0x000000008b200000, 0x000000008b300000|  0%| F|  |TAMS 0x000000008b200000, 0x000000008b200000| Untracked 
| 179|0x000000008b300000, 0x000000008b300000, 0x000000008b400000|  0%| F|  |TAMS 0x000000008b300000, 0x000000008b300000| Untracked 
| 180|0x000000008b400000, 0x000000008b400000, 0x000000008b500000|  0%| F|  |TAMS 0x000000008b400000, 0x000000008b400000| Untracked 
| 181|0x000000008b500000, 0x000000008b500000, 0x000000008b600000|  0%| F|  |TAMS 0x000000008b500000, 0x000000008b500000| Untracked 
| 182|0x000000008b600000, 0x000000008b600000, 0x000000008b700000|  0%| F|  |TAMS 0x000000008b600000, 0x000000008b600000| Untracked 
| 183|0x000000008b700000, 0x000000008b700000, 0x000000008b800000|  0%| F|  |TAMS 0x000000008b700000, 0x000000008b700000| Untracked 
| 184|0x000000008b800000, 0x000000008b900000, 0x000000008b900000|100%| S|CS|TAMS 0x000000008b800000, 0x000000008b800000| Complete 
| 185|0x000000008b900000, 0x000000008ba00000, 0x000000008ba00000|100%| S|CS|TAMS 0x000000008b900000, 0x000000008b900000| Complete 
| 186|0x000000008ba00000, 0x000000008bb00000, 0x000000008bb00000|100%| S|CS|TAMS 0x000000008ba00000, 0x000000008ba00000| Complete 
| 187|0x000000008bb00000, 0x000000008bc00000, 0x000000008bc00000|100%| S|CS|TAMS 0x000000008bb00000, 0x000000008bb00000| Complete 
| 188|0x000000008bc00000, 0x000000008bd00000, 0x000000008bd00000|100%| S|CS|TAMS 0x000000008bc00000, 0x000000008bc00000| Complete 
| 189|0x000000008bd00000, 0x000000008be00000, 0x000000008be00000|100%| S|CS|TAMS 0x000000008bd00000, 0x000000008bd00000| Complete 
| 190|0x000000008be00000, 0x000000008bf00000, 0x000000008bf00000|100%| S|CS|TAMS 0x000000008be00000, 0x000000008be00000| Complete 
| 191|0x000000008bf00000, 0x000000008bf00000, 0x000000008c000000|  0%| F|  |TAMS 0x000000008bf00000, 0x000000008bf00000| Untracked 
| 192|0x000000008c000000, 0x000000008c000000, 0x000000008c100000|  0%| F|  |TAMS 0x000000008c000000, 0x000000008c000000| Untracked 
| 193|0x000000008c100000, 0x000000008c100000, 0x000000008c200000|  0%| F|  |TAMS 0x000000008c100000, 0x000000008c100000| Untracked 
| 194|0x000000008c200000, 0x000000008c200000, 0x000000008c300000|  0%| F|  |TAMS 0x000000008c200000, 0x000000008c200000| Untracked 
| 195|0x000000008c300000, 0x000000008c400000, 0x000000008c400000|100%| S|CS|TAMS 0x000000008c300000, 0x000000008c300000| Complete 
| 196|0x000000008c400000, 0x000000008c400000, 0x000000008c500000|  0%| F|  |TAMS 0x000000008c400000, 0x000000008c400000| Untracked 
| 197|0x000000008c500000, 0x000000008c500000, 0x000000008c600000|  0%| F|  |TAMS 0x000000008c500000, 0x000000008c500000| Untracked 
| 198|0x000000008c600000, 0x000000008c600000, 0x000000008c700000|  0%| F|  |TAMS 0x000000008c600000, 0x000000008c600000| Untracked 
| 199|0x000000008c700000, 0x000000008c700000, 0x000000008c800000|  0%| F|  |TAMS 0x000000008c700000, 0x000000008c700000| Untracked 
| 200|0x000000008c800000, 0x000000008c800000, 0x000000008c900000|  0%| F|  |TAMS 0x000000008c800000, 0x000000008c800000| Untracked 
| 201|0x000000008c900000, 0x000000008c900000, 0x000000008ca00000|  0%| F|  |TAMS 0x000000008c900000, 0x000000008c900000| Untracked 
| 202|0x000000008ca00000, 0x000000008ca00000, 0x000000008cb00000|  0%| F|  |TAMS 0x000000008ca00000, 0x000000008ca00000| Untracked 
| 203|0x000000008cb00000, 0x000000008cb00000, 0x000000008cc00000|  0%| F|  |TAMS 0x000000008cb00000, 0x000000008cb00000| Untracked 
| 204|0x000000008cc00000, 0x000000008cc00000, 0x000000008cd00000|  0%| F|  |TAMS 0x000000008cc00000, 0x000000008cc00000| Untracked 
| 205|0x000000008cd00000, 0x000000008cd00000, 0x000000008ce00000|  0%| F|  |TAMS 0x000000008cd00000, 0x000000008cd00000| Untracked 
| 206|0x000000008ce00000, 0x000000008ce00000, 0x000000008cf00000|  0%| F|  |TAMS 0x000000008ce00000, 0x000000008ce00000| Untracked 
| 207|0x000000008cf00000, 0x000000008cf00000, 0x000000008d000000|  0%| F|  |TAMS 0x000000008cf00000, 0x000000008cf00000| Untracked 
| 208|0x000000008d000000, 0x000000008d000000, 0x000000008d100000|  0%| F|  |TAMS 0x000000008d000000, 0x000000008d000000| Untracked 
| 209|0x000000008d100000, 0x000000008d100000, 0x000000008d200000|  0%| F|  |TAMS 0x000000008d100000, 0x000000008d100000| Untracked 
| 210|0x000000008d200000, 0x000000008d200000, 0x000000008d300000|  0%| F|  |TAMS 0x000000008d200000, 0x000000008d200000| Untracked 
| 211|0x000000008d300000, 0x000000008d300000, 0x000000008d400000|  0%| F|  |TAMS 0x000000008d300000, 0x000000008d300000| Untracked 
| 212|0x000000008d400000, 0x000000008d400000, 0x000000008d500000|  0%| F|  |TAMS 0x000000008d400000, 0x000000008d400000| Untracked 
| 213|0x000000008d500000, 0x000000008d500000, 0x000000008d600000|  0%| F|  |TAMS 0x000000008d500000, 0x000000008d500000| Untracked 
| 214|0x000000008d600000, 0x000000008d600000, 0x000000008d700000|  0%| F|  |TAMS 0x000000008d600000, 0x000000008d600000| Untracked 
| 215|0x000000008d700000, 0x000000008d700000, 0x000000008d800000|  0%| F|  |TAMS 0x000000008d700000, 0x000000008d700000| Untracked 
| 216|0x000000008d800000, 0x000000008d800000, 0x000000008d900000|  0%| F|  |TAMS 0x000000008d800000, 0x000000008d800000| Untracked 
| 217|0x000000008d900000, 0x000000008d900000, 0x000000008da00000|  0%| F|  |TAMS 0x000000008d900000, 0x000000008d900000| Untracked 
| 218|0x000000008da00000, 0x000000008da00000, 0x000000008db00000|  0%| F|  |TAMS 0x000000008da00000, 0x000000008da00000| Untracked 
| 219|0x000000008db00000, 0x000000008db00000, 0x000000008dc00000|  0%| F|  |TAMS 0x000000008db00000, 0x000000008db00000| Untracked 
| 220|0x000000008dc00000, 0x000000008dc00000, 0x000000008dd00000|  0%| F|  |TAMS 0x000000008dc00000, 0x000000008dc00000| Untracked 
| 221|0x000000008dd00000, 0x000000008dd00000, 0x000000008de00000|  0%| F|  |TAMS 0x000000008dd00000, 0x000000008dd00000| Untracked 
| 222|0x000000008de00000, 0x000000008de00000, 0x000000008df00000|  0%| F|  |TAMS 0x000000008de00000, 0x000000008de00000| Untracked 
| 223|0x000000008df00000, 0x000000008df00000, 0x000000008e000000|  0%| F|  |TAMS 0x000000008df00000, 0x000000008df00000| Untracked 
| 224|0x000000008e000000, 0x000000008e000000, 0x000000008e100000|  0%| F|  |TAMS 0x000000008e000000, 0x000000008e000000| Untracked 
| 225|0x000000008e100000, 0x000000008e100000, 0x000000008e200000|  0%| F|  |TAMS 0x000000008e100000, 0x000000008e100000| Untracked 
| 226|0x000000008e200000, 0x000000008e200000, 0x000000008e300000|  0%| F|  |TAMS 0x000000008e200000, 0x000000008e200000| Untracked 
| 227|0x000000008e300000, 0x000000008e300000, 0x000000008e400000|  0%| F|  |TAMS 0x000000008e300000, 0x000000008e300000| Untracked 
| 228|0x000000008e400000, 0x000000008e400000, 0x000000008e500000|  0%| F|  |TAMS 0x000000008e400000, 0x000000008e400000| Untracked 
| 229|0x000000008e500000, 0x000000008e500000, 0x000000008e600000|  0%| F|  |TAMS 0x000000008e500000, 0x000000008e500000| Untracked 
| 230|0x000000008e600000, 0x000000008e600000, 0x000000008e700000|  0%| F|  |TAMS 0x000000008e600000, 0x000000008e600000| Untracked 
| 231|0x000000008e700000, 0x000000008e700000, 0x000000008e800000|  0%| F|  |TAMS 0x000000008e700000, 0x000000008e700000| Untracked 
| 232|0x000000008e800000, 0x000000008e800000, 0x000000008e900000|  0%| F|  |TAMS 0x000000008e800000, 0x000000008e800000| Untracked 
| 233|0x000000008e900000, 0x000000008e900000, 0x000000008ea00000|  0%| F|  |TAMS 0x000000008e900000, 0x000000008e900000| Untracked 
| 234|0x000000008ea00000, 0x000000008ea00000, 0x000000008eb00000|  0%| F|  |TAMS 0x000000008ea00000, 0x000000008ea00000| Untracked 
| 235|0x000000008eb00000, 0x000000008eb00000, 0x000000008ec00000|  0%| F|  |TAMS 0x000000008eb00000, 0x000000008eb00000| Untracked 
| 236|0x000000008ec00000, 0x000000008ec00000, 0x000000008ed00000|  0%| F|  |TAMS 0x000000008ec00000, 0x000000008ec00000| Untracked 
| 237|0x000000008ed00000, 0x000000008ed00000, 0x000000008ee00000|  0%| F|  |TAMS 0x000000008ed00000, 0x000000008ed00000| Untracked 
| 238|0x000000008ee00000, 0x000000008ee00000, 0x000000008ef00000|  0%| F|  |TAMS 0x000000008ee00000, 0x000000008ee00000| Untracked 
| 239|0x000000008ef00000, 0x000000008ef00000, 0x000000008f000000|  0%| F|  |TAMS 0x000000008ef00000, 0x000000008ef00000| Untracked 
| 240|0x000000008f000000, 0x000000008f000000, 0x000000008f100000|  0%| F|  |TAMS 0x000000008f000000, 0x000000008f000000| Untracked 
| 241|0x000000008f100000, 0x000000008f100000, 0x000000008f200000|  0%| F|  |TAMS 0x000000008f100000, 0x000000008f100000| Untracked 
| 242|0x000000008f200000, 0x000000008f200000, 0x000000008f300000|  0%| F|  |TAMS 0x000000008f200000, 0x000000008f200000| Untracked 
| 243|0x000000008f300000, 0x000000008f300000, 0x000000008f400000|  0%| F|  |TAMS 0x000000008f300000, 0x000000008f300000| Untracked 
| 244|0x000000008f400000, 0x000000008f400000, 0x000000008f500000|  0%| F|  |TAMS 0x000000008f400000, 0x000000008f400000| Untracked 
| 245|0x000000008f500000, 0x000000008f500000, 0x000000008f600000|  0%| F|  |TAMS 0x000000008f500000, 0x000000008f500000| Untracked 
| 246|0x000000008f600000, 0x000000008f63dcb8, 0x000000008f700000| 24%| E|  |TAMS 0x000000008f600000, 0x000000008f600000| Complete 
| 247|0x000000008f700000, 0x000000008f800000, 0x000000008f800000|100%| E|CS|TAMS 0x000000008f700000, 0x000000008f700000| Complete 
| 248|0x000000008f800000, 0x000000008f900000, 0x000000008f900000|100%| E|CS|TAMS 0x000000008f800000, 0x000000008f800000| Complete 
| 249|0x000000008f900000, 0x000000008fa00000, 0x000000008fa00000|100%| E|CS|TAMS 0x000000008f900000, 0x000000008f900000| Complete 

Card table byte_map: [0x00000292f3fb0000,0x00000292f43b0000] _byte_map_base: 0x00000292f3bb0000

Marking Bits (Prev, Next): (CMBitMap*) 0x00000292ec11a0e0, (CMBitMap*) 0x00000292ec11a0a0
 Prev Bits: [0x00000292f67b0000, 0x00000292f87b0000)
 Next Bits: [0x00000292f47b0000, 0x00000292f67b0000)

Polling page: 0x00000292ea0a0000

Metaspace:

Usage:
  Non-class:     82.37 MB used.
      Class:     13.40 MB used.
       Both:     95.77 MB used.

Virtual space:
  Non-class space:      128.00 MB reserved,      82.88 MB ( 65%) committed,  2 nodes.
      Class space:      416.00 MB reserved,      13.88 MB (  3%) committed,  1 nodes.
             Both:      544.00 MB reserved,      96.75 MB ( 18%) committed. 

Chunk freelists:
   Non-Class:  12.23 MB
       Class:  2.03 MB
        Both:  14.26 MB

MaxMetaspaceSize: 512.00 MB
CompressedClassSpaceSize: 416.00 MB
Initial GC threshold: 21.00 MB
Current GC threshold: 124.69 MB
CDS: on
MetaspaceReclaimPolicy: balanced
 - commit_granule_bytes: 65536.
 - commit_granule_words: 8192.
 - virtual_space_node_default_size: 8388608.
 - enlarge_chunks_in_place: 1.
 - new_chunks_are_fully_committed: 0.
 - uncommit_free_chunks: 1.
 - use_allocation_guard: 0.
 - handle_deallocations: 1.


Internal statistics:

num_allocs_failed_limit: 6.
num_arena_births: 1266.
num_arena_deaths: 0.
num_vsnodes_births: 3.
num_vsnodes_deaths: 0.
num_space_committed: 1548.
num_space_uncommitted: 0.
num_chunks_returned_to_freelist: 6.
num_chunks_taken_from_freelist: 5556.
num_chunk_merges: 6.
num_chunk_splits: 3577.
num_chunks_enlarged: 2302.
num_inconsistent_stats: 0.

CodeHeap 'non-profiled nmethods': size=120000Kb used=7986Kb max_used=7986Kb free=112014Kb
 bounds [0x0000029287ad0000, 0x00000292882a0000, 0x000002928f000000]
CodeHeap 'profiled nmethods': size=120000Kb used=23919Kb max_used=26302Kb free=96080Kb
 bounds [0x0000029280000000, 0x00000292819b0000, 0x0000029287530000]
CodeHeap 'non-nmethods': size=5760Kb used=2395Kb max_used=2474Kb free=3364Kb
 bounds [0x0000029287530000, 0x00000292877a0000, 0x0000029287ad0000]
 total_blobs=13334 nmethods=12407 adapters=837
 compilation: enabled
              stopped_count=0, restarted_count=0
 full_count=0

Compilation events (20 events):
Event: 65.696 Thread 0x00000292fac72a20 nmethod 14710 0x0000029287e4e910 code [0x0000029287e4ea80, 0x0000029287e4eb78]
Event: 65.696 Thread 0x00000292fac72a20 14707       4       sun.security.provider.DigestBase::implCompressMultiBlockCheck (67 bytes)
Event: 65.697 Thread 0x00000292fac72a20 nmethod 14707 0x0000029288268e90 code [0x0000029288269020, 0x0000029288269158]
Event: 65.698 Thread 0x00000292fac72a20 14708       4       org.gradle.internal.io.StreamByteBuffer$StreamByteBufferInputStream::read (8 bytes)
Event: 65.699 Thread 0x00000292abebf580 nmethod 14695 0x0000029288293890 code [0x0000029288293e00, 0x000002928829a978]
Event: 65.701 Thread 0x00000292abebf580 14711       4       org.gradle.internal.hash.HashCode::<init> (5 bytes)
Event: 65.701 Thread 0x00000292fac72a20 nmethod 14708 0x0000029288268990 code [0x0000029288268b20, 0x0000029288268bc8]
Event: 65.702 Thread 0x00000292abebf580 nmethod 14711 0x00000292880bc390 code [0x00000292880bc500, 0x00000292880bc578]
Event: 65.713 Thread 0x00000292fac72a20 14712       4       com.google.common.cache.LocalCache$LoadingValueReference::get (10 bytes)
Event: 65.714 Thread 0x00000292fac72a20 nmethod 14712 0x00000292880bc090 code [0x00000292880bc200, 0x00000292880bc2b8]
Event: 65.742 Thread 0x00000292abebf580 14713       4       org.gradle.cache.internal.DefaultFileLockManager$DefaultFileLock::assertOpenAndIntegral (41 bytes)
Event: 65.744 Thread 0x00000292abebf580 nmethod 14713 0x00000292880bbc90 code [0x00000292880bbe20, 0x00000292880bbf38]
Event: 65.752 Thread 0x00000292fac72a20 14714   !   4       org.gradle.cache.internal.DefaultMultiProcessSafeIndexedCache::getIfPresent (25 bytes)
Event: 65.787 Thread 0x00000292abebf580 14715       4       org.gradle.cache.internal.btree.BTreePersistentIndexedCache$DataBlock::getValue (47 bytes)
Event: 65.800 Thread 0x00000292abebf580 nmethod 14715 0x000002928817a990 code [0x000002928817ab40, 0x000002928817b3d8]
Event: 65.800 Thread 0x00000292abebf580 14716       4       java.nio.file.Path::toFile (36 bytes)
Event: 65.810 Thread 0x00000292abebf580 nmethod 14716 0x0000029287c81410 code [0x0000029287c815e0, 0x0000029287c81b68]
Event: 65.824 Thread 0x00000292abebf580 14717       4       java.io.BufferedInputStream::fill (203 bytes)
Event: 65.827 Thread 0x00000292abebf580 nmethod 14717 0x0000029287c80f10 code [0x0000029287c810a0, 0x0000029287c811b8]
Event: 65.833 Thread 0x00000292abebf580 14718       4       com.google.common.cache.LocalCache$Segment::setValue (82 bytes)

GC Heap History (20 events):
Event: 40.294 GC heap before
{Heap before GC invocations=45 (full 0):
 garbage-first heap   total 171008K, used 129344K [0x0000000080000000, 0x0000000100000000)
  region size 1024K, 44 young (45056K), 2 survivors (2048K)
 Metaspace       used 76900K, committed 77632K, reserved 557056K
  class space    used 10723K, committed 11072K, reserved 425984K
}
Event: 40.304 GC heap after
{Heap after GC invocations=46 (full 0):
 garbage-first heap   total 171008K, used 89227K [0x0000000080000000, 0x0000000100000000)
  region size 1024K, 5 young (5120K), 5 survivors (5120K)
 Metaspace       used 76900K, committed 77632K, reserved 557056K
  class space    used 10723K, committed 11072K, reserved 425984K
}
Event: 40.354 GC heap before
{Heap before GC invocations=46 (full 0):
 garbage-first heap   total 171008K, used 92299K [0x0000000080000000, 0x0000000100000000)
  region size 1024K, 8 young (8192K), 5 survivors (5120K)
 Metaspace       used 76921K, committed 77696K, reserved 557056K
  class space    used 10723K, committed 11072K, reserved 425984K
}
Event: 40.365 GC heap after
{Heap after GC invocations=47 (full 0):
 garbage-first heap   total 256000K, used 89701K [0x0000000080000000, 0x0000000100000000)
  region size 1024K, 1 young (1024K), 1 survivors (1024K)
 Metaspace       used 76921K, committed 77696K, reserved 557056K
  class space    used 10723K, committed 11072K, reserved 425984K
}
Event: 48.020 GC heap before
{Heap before GC invocations=47 (full 0):
 garbage-first heap   total 256000K, used 185957K [0x0000000080000000, 0x0000000100000000)
  region size 1024K, 94 young (96256K), 1 survivors (1024K)
 Metaspace       used 81928K, committed 82624K, reserved 557056K
  class space    used 11563K, committed 11904K, reserved 425984K
}
Event: 48.031 GC heap after
{Heap after GC invocations=48 (full 0):
 garbage-first heap   total 256000K, used 93109K [0x0000000080000000, 0x0000000100000000)
  region size 1024K, 5 young (5120K), 5 survivors (5120K)
 Metaspace       used 81928K, committed 82624K, reserved 557056K
  class space    used 11563K, committed 11904K, reserved 425984K
}
Event: 51.298 GC heap before
{Heap before GC invocations=48 (full 0):
 garbage-first heap   total 256000K, used 194485K [0x0000000080000000, 0x0000000100000000)
  region size 1024K, 103 young (105472K), 5 survivors (5120K)
 Metaspace       used 86937K, committed 87744K, reserved 557056K
  class space    used 12298K, committed 12672K, reserved 425984K
}
Event: 51.331 GC heap after
{Heap after GC invocations=49 (full 0):
 garbage-first heap   total 256000K, used 105472K [0x0000000080000000, 0x0000000100000000)
  region size 1024K, 13 young (13312K), 13 survivors (13312K)
 Metaspace       used 86937K, committed 87744K, reserved 557056K
  class space    used 12298K, committed 12672K, reserved 425984K
}
Event: 54.549 GC heap before
{Heap before GC invocations=49 (full 0):
 garbage-first heap   total 256000K, used 203776K [0x0000000080000000, 0x0000000100000000)
  region size 1024K, 104 young (106496K), 13 survivors (13312K)
 Metaspace       used 88067K, committed 89024K, reserved 557056K
  class space    used 12428K, committed 12864K, reserved 425984K
}
Event: 54.602 GC heap after
{Heap after GC invocations=50 (full 0):
 garbage-first heap   total 256000K, used 132672K [0x0000000080000000, 0x0000000100000000)
  region size 1024K, 13 young (13312K), 13 survivors (13312K)
 Metaspace       used 88067K, committed 89024K, reserved 557056K
  class space    used 12428K, committed 12864K, reserved 425984K
}
Event: 56.420 GC heap before
{Heap before GC invocations=50 (full 0):
 garbage-first heap   total 256000K, used 199232K [0x0000000080000000, 0x0000000100000000)
  region size 1024K, 78 young (79872K), 13 survivors (13312K)
 Metaspace       used 91982K, committed 92928K, reserved 557056K
  class space    used 13007K, committed 13440K, reserved 425984K
}
Event: 56.453 GC heap after
{Heap after GC invocations=51 (full 0):
 garbage-first heap   total 256000K, used 139138K [0x0000000080000000, 0x0000000100000000)
  region size 1024K, 6 young (6144K), 6 survivors (6144K)
 Metaspace       used 91982K, committed 92928K, reserved 557056K
  class space    used 13007K, committed 13440K, reserved 425984K
}
Event: 60.291 GC heap before
{Heap before GC invocations=51 (full 0):
 garbage-first heap   total 256000K, used 203650K [0x0000000080000000, 0x0000000100000000)
  region size 1024K, 69 young (70656K), 6 survivors (6144K)
 Metaspace       used 95950K, committed 96960K, reserved 557056K
  class space    used 13481K, committed 13952K, reserved 425984K
}
Event: 60.317 GC heap after
{Heap after GC invocations=52 (full 0):
 garbage-first heap   total 256000K, used 145408K [0x0000000080000000, 0x0000000100000000)
  region size 1024K, 6 young (6144K), 6 survivors (6144K)
 Metaspace       used 95950K, committed 96960K, reserved 557056K
  class space    used 13481K, committed 13952K, reserved 425984K
}
Event: 61.677 GC heap before
{Heap before GC invocations=52 (full 0):
 garbage-first heap   total 256000K, used 206848K [0x0000000080000000, 0x0000000100000000)
  region size 1024K, 66 young (67584K), 6 survivors (6144K)
 Metaspace       used 96801K, committed 97728K, reserved 557056K
  class space    used 13565K, committed 14016K, reserved 425984K
}
Event: 61.706 GC heap after
{Heap after GC invocations=53 (full 0):
 garbage-first heap   total 256000K, used 152085K [0x0000000080000000, 0x0000000100000000)
  region size 1024K, 7 young (7168K), 7 survivors (7168K)
 Metaspace       used 96801K, committed 97728K, reserved 557056K
  class space    used 13565K, committed 14016K, reserved 425984K
}
Event: 63.827 GC heap before
{Heap before GC invocations=53 (full 0):
 garbage-first heap   total 256000K, used 207381K [0x0000000080000000, 0x0000000100000000)
  region size 1024K, 62 young (63488K), 7 survivors (7168K)
 Metaspace       used 97778K, committed 98816K, reserved 557056K
  class space    used 13675K, committed 14144K, reserved 425984K
}
Event: 63.849 GC heap after
{Heap after GC invocations=54 (full 0):
 garbage-first heap   total 256000K, used 156235K [0x0000000080000000, 0x0000000100000000)
  region size 1024K, 4 young (4096K), 4 survivors (4096K)
 Metaspace       used 97778K, committed 98816K, reserved 557056K
  class space    used 13675K, committed 14144K, reserved 425984K
}
Event: 65.764 GC heap before
{Heap before GC invocations=54 (full 0):
 garbage-first heap   total 256000K, used 211531K [0x0000000080000000, 0x0000000100000000)
  region size 1024K, 58 young (59392K), 4 survivors (4096K)
 Metaspace       used 98068K, committed 99072K, reserved 557056K
  class space    used 13723K, committed 14208K, reserved 425984K
}
Event: 65.783 GC heap after
{Heap after GC invocations=55 (full 0):
 garbage-first heap   total 256000K, used 160634K [0x0000000080000000, 0x0000000100000000)
  region size 1024K, 8 young (8192K), 8 survivors (8192K)
 Metaspace       used 98068K, committed 99072K, reserved 557056K
  class space    used 13723K, committed 14208K, reserved 425984K
}

Dll operation events (14 events):
Event: 0.018 Loaded shared library C:\Program Files\Microsoft\jdk-17.0.8.7-hotspot\bin\java.dll
Event: 0.049 Loaded shared library C:\Program Files\Microsoft\jdk-17.0.8.7-hotspot\bin\jsvml.dll
Event: 0.153 Loaded shared library C:\Program Files\Microsoft\jdk-17.0.8.7-hotspot\bin\zip.dll
Event: 0.158 Loaded shared library C:\Program Files\Microsoft\jdk-17.0.8.7-hotspot\bin\instrument.dll
Event: 0.166 Loaded shared library C:\Program Files\Microsoft\jdk-17.0.8.7-hotspot\bin\net.dll
Event: 0.169 Loaded shared library C:\Program Files\Microsoft\jdk-17.0.8.7-hotspot\bin\nio.dll
Event: 0.176 Loaded shared library C:\Program Files\Microsoft\jdk-17.0.8.7-hotspot\bin\zip.dll
Event: 0.592 Loaded shared library C:\Program Files\Microsoft\jdk-17.0.8.7-hotspot\bin\jimage.dll
Event: 0.798 Loaded shared library C:\Program Files\Microsoft\jdk-17.0.8.7-hotspot\bin\verify.dll
Event: 1.276 Loaded shared library C:\Users\anura\.gradle\native\68d5fa5c4cc2d200863cafc0d521ce42e7d3e7ee720ec0a83991735586a16f82\windows-amd64\native-platform.dll
Event: 1.289 Loaded shared library C:\Users\anura\.gradle\native\e376f236ea51e6404a007f0833ffe2c6e607c4080706a723a18a27aeea778392\windows-amd64\native-platform-file-events.dll
Event: 3.186 Loaded shared library C:\Program Files\Microsoft\jdk-17.0.8.7-hotspot\bin\management.dll
Event: 3.193 Loaded shared library C:\Program Files\Microsoft\jdk-17.0.8.7-hotspot\bin\management_ext.dll
Event: 4.283 Loaded shared library C:\Program Files\Microsoft\jdk-17.0.8.7-hotspot\bin\sunmscapi.dll

Deoptimization events (20 events):
Event: 64.265 Thread 0x00000292ff283b60 Uncommon trap: trap_request=0xffffffc6 fr.pc=0x00000292882623c0 relative=0x00000000000000a0
Event: 64.265 Thread 0x00000292ff283b60 Uncommon trap: reason=bimorphic_or_optimized_type_check action=maybe_recompile pc=0x00000292882623c0 method=org.gradle.execution.plan.ActionNode.hasPendingPreExecutionNodes()Z @ 11 c2
Event: 64.265 Thread 0x00000292ff283b60 DEOPT PACKING pc=0x00000292882623c0 sp=0x000000d8879fec00
Event: 64.265 Thread 0x00000292ff283b60 DEOPT UNPACKING pc=0x00000292875869a3 sp=0x000000d8879feb88 mode 2
Event: 64.308 Thread 0x00000292b7639ee0 Uncommon trap: trap_request=0xffffffd6 fr.pc=0x00000292882392f0 relative=0x0000000000000d30
Event: 64.308 Thread 0x00000292b7639ee0 Uncommon trap: reason=array_check action=maybe_recompile pc=0x00000292882392f0 method=com.google.common.collect.RegularImmutableMap.fromEntryArrayCheckingBucketOverflow(I[Ljava/util/Map$Entry;Z)Lcom/google/common/collect/ImmutableMap; @ 216 c2
Event: 64.309 Thread 0x00000292b7639ee0 DEOPT PACKING pc=0x00000292882392f0 sp=0x000000d889cfe180
Event: 64.309 Thread 0x00000292b7639ee0 DEOPT UNPACKING pc=0x00000292875869a3 sp=0x000000d889cfe048 mode 2
Event: 64.312 Thread 0x00000292b7639ee0 Uncommon trap: trap_request=0xffffffd6 fr.pc=0x00000292882392f0 relative=0x0000000000000d30
Event: 64.312 Thread 0x00000292b7639ee0 Uncommon trap: reason=array_check action=maybe_recompile pc=0x00000292882392f0 method=com.google.common.collect.RegularImmutableMap.fromEntryArrayCheckingBucketOverflow(I[Ljava/util/Map$Entry;Z)Lcom/google/common/collect/ImmutableMap; @ 216 c2
Event: 64.312 Thread 0x00000292b7639ee0 DEOPT PACKING pc=0x00000292882392f0 sp=0x000000d889cfdf70
Event: 64.312 Thread 0x00000292b7639ee0 DEOPT UNPACKING pc=0x00000292875869a3 sp=0x000000d889cfde38 mode 2
Event: 65.285 Thread 0x00000292ff284a90 Uncommon trap: trap_request=0xffffff45 fr.pc=0x0000029287f12610 relative=0x00000000000006d0
Event: 65.285 Thread 0x00000292ff284a90 Uncommon trap: reason=unstable_if action=reinterpret pc=0x0000029287f12610 method=java.util.concurrent.ArrayBlockingQueue.enqueue(Ljava/lang/Object;)V @ 25 c2
Event: 65.285 Thread 0x00000292ff284a90 DEOPT PACKING pc=0x0000029287f12610 sp=0x000000d887cfaf00
Event: 65.285 Thread 0x00000292ff284a90 DEOPT UNPACKING pc=0x00000292875869a3 sp=0x000000d887cfaed0 mode 2
Event: 65.285 Thread 0x00000292aa34e310 Uncommon trap: trap_request=0xffffff45 fr.pc=0x00000292881457c8 relative=0x0000000000000f68
Event: 65.285 Thread 0x00000292aa34e310 Uncommon trap: reason=unstable_if action=reinterpret pc=0x00000292881457c8 method=java.util.concurrent.ArrayBlockingQueue.dequeue()Ljava/lang/Object; @ 32 c2
Event: 65.285 Thread 0x00000292aa34e310 DEOPT PACKING pc=0x00000292881457c8 sp=0x000000d8857ff1b0
Event: 65.285 Thread 0x00000292aa34e310 DEOPT UNPACKING pc=0x00000292875869a3 sp=0x000000d8857ff120 mode 2

Classes unloaded (0 events):
No events

Classes redefined (0 events):
No events

Internal exceptions (20 events):
Event: 60.467 Thread 0x00000292aaee9a70 Exception <a 'java/lang/IncompatibleClassChangeError'{0x000000008f3e4800}: Found class java.lang.Object, but interface was expected> (0x000000008f3e4800) 
thrown [s\src\hotspot\share\interpreter\linkResolver.cpp, line 826]
Event: 60.537 Thread 0x00000292aaee9a70 Implicit null exception at 0x00000292881ae8c3 to 0x00000292881ae977
Event: 60.654 Thread 0x00000292aaee9a70 Exception <a 'sun/nio/fs/WindowsException'{0x000000008ead91b8}> (0x000000008ead91b8) 
thrown [s\src\hotspot\share\prims\jni.cpp, line 516]
Event: 60.654 Thread 0x00000292aaee9a70 Exception <a 'sun/nio/fs/WindowsException'{0x000000008eada7f8}> (0x000000008eada7f8) 
thrown [s\src\hotspot\share\prims\jni.cpp, line 516]
Event: 60.654 Thread 0x00000292aaee9a70 Exception <a 'sun/nio/fs/WindowsException'{0x000000008eadbe88}> (0x000000008eadbe88) 
thrown [s\src\hotspot\share\prims\jni.cpp, line 516]
Event: 60.654 Thread 0x00000292aaee9a70 Exception <a 'sun/nio/fs/WindowsException'{0x000000008eadd518}> (0x000000008eadd518) 
thrown [s\src\hotspot\share\prims\jni.cpp, line 516]
Event: 61.440 Thread 0x00000292aaee9a70 Implicit null exception at 0x00000292881b176c to 0x00000292881b820c
Event: 61.982 Thread 0x00000292ff283b60 Exception <a 'java/lang/NoSuchMethodError'{0x000000008ed22ee8}: 'void java.lang.invoke.DirectMethodHandle$Holder.invokeStatic(java.lang.Object, java.lang.Object, java.lang.Object, java.lang.Object, int, java.lang.Object, java.lang.Object)'> (0x000000008ed22ee8) 
thrown [s\src\hotspot\share\interpreter\linkResolver.cpp, line 759]
Event: 62.062 Thread 0x00000292b5122220 Exception <a 'java/lang/NoSuchMethodError'{0x000000008ecc7220}: 'java.lang.Object java.lang.invoke.DirectMethodHandle$Holder.invokeSpecialIFC(java.lang.Object, java.lang.Object, java.lang.Object)'> (0x000000008ecc7220) 
thrown [s\src\hotspot\share\interpreter\linkResolver.cpp, line 759]
Event: 62.062 Thread 0x00000292b5122730 Exception <a 'java/lang/NoSuchMethodError'{0x000000008ec760b0}: 'java.lang.Object java.lang.invoke.DirectMethodHandle$Holder.invokeSpecialIFC(java.lang.Object, java.lang.Object, java.lang.Object)'> (0x000000008ec760b0) 
thrown [s\src\hotspot\share\interpreter\linkResolver.cpp, line 759]
Event: 62.062 Thread 0x00000292ff283b60 Exception <a 'java/lang/NoSuchMethodError'{0x000000008ece6f60}: 'java.lang.Object java.lang.invoke.DirectMethodHandle$Holder.invokeSpecialIFC(java.lang.Object, java.lang.Object, java.lang.Object)'> (0x000000008ece6f60) 
thrown [s\src\hotspot\share\interpreter\linkResolver.cpp, line 759]
Event: 62.063 Thread 0x00000292b5126e10 Exception <a 'java/lang/NoSuchMethodError'{0x000000008ecb22d8}: 'java.lang.Object java.lang.invoke.DirectMethodHandle$Holder.invokeSpecialIFC(java.lang.Object, java.lang.Object, java.lang.Object)'> (0x000000008ecb22d8) 
thrown [s\src\hotspot\share\interpreter\linkResolver.cpp, line 759]
Event: 62.416 Thread 0x00000292b5126e10 Exception <a 'java/lang/NoSuchMethodError'{0x000000008e55c9f8}: 'void java.lang.invoke.DirectMethodHandle$Holder.invokeVirtual(java.lang.Object, java.lang.Object)'> (0x000000008e55c9f8) 
thrown [s\src\hotspot\share\interpreter\linkResolver.cpp, line 759]
Event: 64.008 Thread 0x00000292ff2817f0 Exception <a 'java/lang/ClassNotFoundException'{0x000000008f471810}: groovy/util/FileTreeBuilderBeanInfo> (0x000000008f471810) 
thrown [s\src\hotspot\share\classfile\systemDictionary.cpp, line 256]
Event: 64.010 Thread 0x00000292ff2817f0 Exception <a 'java/lang/ClassNotFoundException'{0x000000008f4d7c40}: groovy/util/FileTreeBuilderCustomizer> (0x000000008f4d7c40) 
thrown [s\src\hotspot\share\classfile\systemDictionary.cpp, line 256]
Event: 64.072 Thread 0x00000292ff2817f0 Exception <a 'java/lang/ClassNotFoundException'{0x000000008f311168}: java/io/BufferedWriterBeanInfo> (0x000000008f311168) 
thrown [s\src\hotspot\share\classfile\systemDictionary.cpp, line 256]
Event: 64.072 Thread 0x00000292ff2817f0 Exception <a 'java/lang/ClassNotFoundException'{0x000000008f316d08}: java/io/WriterBeanInfo> (0x000000008f316d08) 
thrown [s\src\hotspot\share\classfile\systemDictionary.cpp, line 256]
Event: 64.073 Thread 0x00000292ff2817f0 Exception <a 'java/lang/ClassNotFoundException'{0x000000008f31c670}: java/io/WriterCustomizer> (0x000000008f31c670) 
thrown [s\src\hotspot\share\classfile\systemDictionary.cpp, line 256]
Event: 64.074 Thread 0x00000292ff2817f0 Exception <a 'java/lang/ClassNotFoundException'{0x000000008f32b660}: java/io/BufferedWriterCustomizer> (0x000000008f32b660) 
thrown [s\src\hotspot\share\classfile\systemDictionary.cpp, line 256]
Event: 64.181 Thread 0x00000292ff2817f0 Exception <a 'java/lang/NoSuchMethodError'{0x000000008f3d4768}: static Lcom/android/build/api/variant/BuildConfigField;.<clinit>()V> (0x000000008f3d4768) 
thrown [s\src\hotspot\share\prims\jni.cpp, line 1107]

VM Operations (20 events):
Event: 62.101 Executing VM operation: HandshakeAllThreads
Event: 62.101 Executing VM operation: HandshakeAllThreads done
Event: 62.116 Executing VM operation: ICBufferFull
Event: 62.119 Executing VM operation: ICBufferFull done
Event: 63.076 Executing VM operation: ICBufferFull
Event: 63.077 Executing VM operation: ICBufferFull done
Event: 63.826 Executing VM operation: G1CollectForAllocation
Event: 63.851 Executing VM operation: G1CollectForAllocation done
Event: 63.930 Executing VM operation: HandshakeAllThreads
Event: 63.966 Executing VM operation: HandshakeAllThreads done
Event: 64.019 Executing VM operation: ICBufferFull
Event: 64.019 Executing VM operation: ICBufferFull done
Event: 64.096 Executing VM operation: HandshakeAllThreads
Event: 64.096 Executing VM operation: HandshakeAllThreads done
Event: 64.254 Executing VM operation: HandshakeAllThreads
Event: 64.255 Executing VM operation: HandshakeAllThreads done
Event: 64.887 Executing VM operation: ICBufferFull
Event: 64.888 Executing VM operation: ICBufferFull done
Event: 65.764 Executing VM operation: G1CollectForAllocation
Event: 65.783 Executing VM operation: G1CollectForAllocation done

Events (20 events):
Event: 64.303 Thread 0x00000292fac80710 flushing nmethod 0x0000029281868590
Event: 64.303 Thread 0x00000292fac80710 flushing nmethod 0x0000029281868990
Event: 64.303 Thread 0x00000292fac80710 flushing nmethod 0x0000029281869090
Event: 64.303 Thread 0x00000292fac80710 flushing nmethod 0x0000029281869490
Event: 64.303 Thread 0x00000292fac80710 flushing nmethod 0x0000029281869810
Event: 64.303 Thread 0x00000292fac80710 flushing nmethod 0x0000029281869d10
Event: 64.303 Thread 0x00000292fac80710 flushing nmethod 0x000002928186ad10
Event: 64.303 Thread 0x00000292fac80710 flushing nmethod 0x000002928186c610
Event: 64.303 Thread 0x00000292fac80710 flushing nmethod 0x000002928186ca90
Event: 64.303 Thread 0x00000292fac80710 flushing nmethod 0x000002928186e390
Event: 64.303 Thread 0x00000292fac80710 flushing nmethod 0x000002928187c410
Event: 64.303 Thread 0x00000292fac80710 flushing nmethod 0x000002928187d510
Event: 64.303 Thread 0x00000292fac80710 flushing nmethod 0x000002928187e010
Event: 64.303 Thread 0x00000292fac80710 flushing nmethod 0x000002928187e710
Event: 64.303 Thread 0x00000292fac80710 flushing nmethod 0x000002928187fd90
Event: 64.303 Thread 0x00000292fac80710 flushing nmethod 0x0000029281881490
Event: 64.303 Thread 0x00000292fac80710 flushing nmethod 0x0000029281892490
Event: 64.304 Thread 0x00000292fac80710 flushing nmethod 0x00000292818d3a90
Event: 64.304 Thread 0x00000292fac80710 flushing nmethod 0x0000029281916510
Event: 64.304 Thread 0x00000292fac80710 flushing nmethod 0x0000029281918510


Dynamic libraries:
0x00007ff7dddc0000 - 0x00007ff7dddce000 	C:\Program Files\Microsoft\jdk-17.0.8.7-hotspot\bin\java.exe
0x00007ffb6db30000 - 0x00007ffb6dd47000 	C:\WINDOWS\SYSTEM32\ntdll.dll
0x00007ffb6c3f0000 - 0x00007ffb6c4b4000 	C:\WINDOWS\System32\KERNEL32.DLL
0x00007ffb6b350000 - 0x00007ffb6b6f7000 	C:\WINDOWS\System32\KERNELBASE.dll
0x00007ffb6b050000 - 0x00007ffb6b161000 	C:\WINDOWS\System32\ucrtbase.dll
0x00007ffb5a0d0000 - 0x00007ffb5a0e7000 	C:\Program Files\Microsoft\jdk-17.0.8.7-hotspot\bin\jli.dll
0x00007ffb5a0b0000 - 0x00007ffb5a0cb000 	C:\Program Files\Microsoft\jdk-17.0.8.7-hotspot\bin\VCRUNTIME140.dll
0x00007ffb6cd80000 - 0x00007ffb6cf2d000 	C:\WINDOWS\System32\USER32.dll
0x00007ffb59850000 - 0x00007ffb59ae3000 	C:\WINDOWS\WinSxS\amd64_microsoft.windows.common-controls_6595b64144ccf1df_6.0.23615.1000_none_f184015c767b7f54\COMCTL32.dll
0x00007ffb6b700000 - 0x00007ffb6b726000 	C:\WINDOWS\System32\win32u.dll
0x00007ffb6c080000 - 0x00007ffb6c127000 	C:\WINDOWS\System32\msvcrt.dll
0x00007ffb6c2e0000 - 0x00007ffb6c309000 	C:\WINDOWS\System32\GDI32.dll
0x00007ffb6ae90000 - 0x00007ffb6afa8000 	C:\WINDOWS\System32\gdi32full.dll
0x00007ffb6afb0000 - 0x00007ffb6b04a000 	C:\WINDOWS\System32\msvcp_win.dll
0x00007ffb6c3b0000 - 0x00007ffb6c3e1000 	C:\WINDOWS\System32\IMM32.DLL
0x00007ffb5cda0000 - 0x00007ffb5cdac000 	C:\Program Files\Microsoft\jdk-17.0.8.7-hotspot\bin\vcruntime140_1.dll
0x00007ffb57730000 - 0x00007ffb577bd000 	C:\Program Files\Microsoft\jdk-17.0.8.7-hotspot\bin\msvcp140.dll
0x00007ffb28df0000 - 0x00007ffb29a55000 	C:\Program Files\Microsoft\jdk-17.0.8.7-hotspot\bin\server\jvm.dll
0x00007ffb6bb90000 - 0x00007ffb6bc41000 	C:\WINDOWS\System32\ADVAPI32.dll
0x00007ffb6d380000 - 0x00007ffb6d425000 	C:\WINDOWS\System32\sechost.dll
0x00007ffb6b870000 - 0x00007ffb6b987000 	C:\WINDOWS\System32\RPCRT4.dll
0x00007ffb6ad60000 - 0x00007ffb6adad000 	C:\WINDOWS\SYSTEM32\POWRPROF.dll
0x00007ffb68010000 - 0x00007ffb68044000 	C:\WINDOWS\SYSTEM32\WINMM.dll
0x00007ffb68000000 - 0x00007ffb6800a000 	C:\WINDOWS\SYSTEM32\VERSION.dll
0x00007ffb5c700000 - 0x00007ffb5c709000 	C:\WINDOWS\SYSTEM32\WSOCK32.dll
0x00007ffb6b990000 - 0x00007ffb6ba01000 	C:\WINDOWS\System32\WS2_32.dll
0x00007ffb6ad40000 - 0x00007ffb6ad53000 	C:\WINDOWS\SYSTEM32\UMPDC.dll
0x00007ffb69e60000 - 0x00007ffb69e78000 	C:\WINDOWS\SYSTEM32\kernel.appcore.dll
0x00007ffb5abc0000 - 0x00007ffb5abca000 	C:\Program Files\Microsoft\jdk-17.0.8.7-hotspot\bin\jimage.dll
0x00007ffb661d0000 - 0x00007ffb66403000 	C:\WINDOWS\SYSTEM32\DBGHELP.DLL
0x00007ffb6bcf0000 - 0x00007ffb6c079000 	C:\WINDOWS\System32\combase.dll
0x00007ffb6d040000 - 0x00007ffb6d117000 	C:\WINDOWS\System32\OLEAUT32.dll
0x00007ffb60d10000 - 0x00007ffb60d42000 	C:\WINDOWS\SYSTEM32\dbgcore.DLL
0x00007ffb6b7f0000 - 0x00007ffb6b86a000 	C:\WINDOWS\System32\bcryptPrimitives.dll
0x00007ffb57720000 - 0x00007ffb5772e000 	C:\Program Files\Microsoft\jdk-17.0.8.7-hotspot\bin\instrument.dll
0x00007ffb55640000 - 0x00007ffb55665000 	C:\Program Files\Microsoft\jdk-17.0.8.7-hotspot\bin\java.dll
0x00007ffb524a0000 - 0x00007ffb52577000 	C:\Program Files\Microsoft\jdk-17.0.8.7-hotspot\bin\jsvml.dll
0x00007ffb6c520000 - 0x00007ffb6cd78000 	C:\WINDOWS\System32\SHELL32.dll
0x00007ffb68d50000 - 0x00007ffb69660000 	C:\WINDOWS\SYSTEM32\windows.storage.dll
0x00007ffb68c10000 - 0x00007ffb68d4e000 	C:\WINDOWS\SYSTEM32\wintypes.dll
0x00007ffb6d120000 - 0x00007ffb6d213000 	C:\WINDOWS\System32\SHCORE.dll
0x00007ffb6cfe0000 - 0x00007ffb6d03e000 	C:\WINDOWS\System32\shlwapi.dll
0x00007ffb6adc0000 - 0x00007ffb6ade6000 	C:\WINDOWS\SYSTEM32\profapi.dll
0x00007ffb55290000 - 0x00007ffb552a8000 	C:\Program Files\Microsoft\jdk-17.0.8.7-hotspot\bin\zip.dll
0x00007ffb56f10000 - 0x00007ffb56f29000 	C:\Program Files\Microsoft\jdk-17.0.8.7-hotspot\bin\net.dll
0x00007ffb61a00000 - 0x00007ffb61b37000 	C:\WINDOWS\SYSTEM32\WINHTTP.dll
0x00007ffb6a310000 - 0x00007ffb6a379000 	C:\WINDOWS\system32\mswsock.dll
0x00007ffb55690000 - 0x00007ffb556a6000 	C:\Program Files\Microsoft\jdk-17.0.8.7-hotspot\bin\nio.dll
0x00007ffb59e10000 - 0x00007ffb59e20000 	C:\Program Files\Microsoft\jdk-17.0.8.7-hotspot\bin\verify.dll
0x00007ffb55260000 - 0x00007ffb55287000 	C:\Users\anura\.gradle\native\68d5fa5c4cc2d200863cafc0d521ce42e7d3e7ee720ec0a83991735586a16f82\windows-amd64\native-platform.dll
0x00007ffb47340000 - 0x00007ffb47484000 	C:\Users\anura\.gradle\native\e376f236ea51e6404a007f0833ffe2c6e607c4080706a723a18a27aeea778392\windows-amd64\native-platform-file-events.dll
0x00007ffb597d0000 - 0x00007ffb597d9000 	C:\Program Files\Microsoft\jdk-17.0.8.7-hotspot\bin\management.dll
0x00007ffb58460000 - 0x00007ffb5846b000 	C:\Program Files\Microsoft\jdk-17.0.8.7-hotspot\bin\management_ext.dll
0x00007ffb6c3a0000 - 0x00007ffb6c3a8000 	C:\WINDOWS\System32\PSAPI.DLL
0x00007ffb6a560000 - 0x00007ffb6a57b000 	C:\WINDOWS\SYSTEM32\CRYPTSP.dll
0x00007ffb69dc0000 - 0x00007ffb69df5000 	C:\WINDOWS\system32\rsaenh.dll
0x00007ffb6a400000 - 0x00007ffb6a42c000 	C:\WINDOWS\SYSTEM32\USERENV.dll
0x00007ffb6a730000 - 0x00007ffb6a758000 	C:\WINDOWS\SYSTEM32\bcrypt.dll
0x00007ffb6a580000 - 0x00007ffb6a58c000 	C:\WINDOWS\SYSTEM32\CRYPTBASE.dll
0x00007ffb698c0000 - 0x00007ffb698ed000 	C:\WINDOWS\SYSTEM32\IPHLPAPI.DLL
0x00007ffb6c4c0000 - 0x00007ffb6c4c9000 	C:\WINDOWS\System32\NSI.dll
0x00007ffb68060000 - 0x00007ffb68079000 	C:\WINDOWS\SYSTEM32\dhcpcsvc6.DLL
0x00007ffb67fe0000 - 0x00007ffb67fff000 	C:\WINDOWS\SYSTEM32\dhcpcsvc.DLL
0x00007ffb698f0000 - 0x00007ffb699e9000 	C:\WINDOWS\SYSTEM32\DNSAPI.dll
0x00007ffb56e30000 - 0x00007ffb56e3e000 	C:\Program Files\Microsoft\jdk-17.0.8.7-hotspot\bin\sunmscapi.dll
0x00007ffb6b1e0000 - 0x00007ffb6b346000 	C:\WINDOWS\System32\CRYPT32.dll
0x00007ffb6a700000 - 0x00007ffb6a72d000 	C:\WINDOWS\SYSTEM32\ncrypt.dll
0x00007ffb6a6c0000 - 0x00007ffb6a6f7000 	C:\WINDOWS\SYSTEM32\NTASN1.dll
0x00007ffb569a0000 - 0x00007ffb569a8000 	C:\WINDOWS\system32\wshunix.dll
0x00007ffb551d0000 - 0x00007ffb551e7000 	C:\WINDOWS\system32\napinsp.dll
0x00007ffb551b0000 - 0x00007ffb551cb000 	C:\WINDOWS\system32\pnrpnsp.dll
0x00007ffb551f0000 - 0x00007ffb55211000 	C:\WINDOWS\system32\nlansp_c.dll
0x00007ffb55190000 - 0x00007ffb551a1000 	C:\WINDOWS\System32\winrnr.dll
0x00007ffb59e30000 - 0x00007ffb59e45000 	C:\WINDOWS\system32\wshbth.dll
0x00007ffb68050000 - 0x00007ffb6805a000 	C:\Windows\System32\rasadhlp.dll
0x00007ffb618a0000 - 0x00007ffb61923000 	C:\WINDOWS\System32\fwpuclnt.dll

dbghelp: loaded successfully - version: 4.0.5 - missing functions: none
symbol engine: initialized successfully - sym options: 0x614 - pdb path: .;C:\Program Files\Microsoft\jdk-17.0.8.7-hotspot\bin;C:\WINDOWS\SYSTEM32;C:\WINDOWS\WinSxS\amd64_microsoft.windows.common-controls_6595b64144ccf1df_6.0.23615.1000_none_f184015c767b7f54;C:\Program Files\Microsoft\jdk-17.0.8.7-hotspot\bin\server;C:\Users\anura\.gradle\native\68d5fa5c4cc2d200863cafc0d521ce42e7d3e7ee720ec0a83991735586a16f82\windows-amd64;C:\Users\anura\.gradle\native\e376f236ea51e6404a007f0833ffe2c6e607c4080706a723a18a27aeea778392\windows-amd64

VM Arguments:
jvm_args: -XX:MaxMetaspaceSize=512m --add-opens=java.base/java.util=ALL-UNNAMED --add-opens=java.base/java.lang=ALL-UNNAMED --add-opens=java.base/java.lang.invoke=ALL-UNNAMED --add-opens=java.prefs/java.util.prefs=ALL-UNNAMED --add-opens=java.base/java.nio.charset=ALL-UNNAMED --add-opens=java.base/java.net=ALL-UNNAMED --add-opens=java.base/java.util.concurrent.atomic=ALL-UNNAMED -Xmx2048m -Dfile.encoding=windows-1252 -Duser.country=US -Duser.language=en -Duser.variant -javaagent:C:\Users\anura\.gradle\wrapper\dists\gradle-8.3-all\6en3ugtfdg5xnpx44z4qbwgas\gradle-8.3\lib\agents\gradle-instrumentation-agent-8.3.jar 
java_command: org.gradle.launcher.daemon.bootstrap.GradleDaemon 8.3
java_class_path (initial): C:\Users\anura\.gradle\wrapper\dists\gradle-8.3-all\6en3ugtfdg5xnpx44z4qbwgas\gradle-8.3\lib\gradle-launcher-8.3.jar
Launcher Type: SUN_STANDARD

[Global flags]
     intx CICompilerCount                          = 3                                         {product} {ergonomic}
   size_t CompressedClassSpaceSize                 = 436207616                                 {product} {ergonomic}
     uint ConcGCThreads                            = 1                                         {product} {ergonomic}
     uint G1ConcRefinementThreads                  = 4                                         {product} {ergonomic}
   size_t G1HeapRegionSize                         = 1048576                                   {product} {ergonomic}
    uintx GCDrainStackTargetSize                   = 64                                        {product} {ergonomic}
   size_t InitialHeapSize                          = 100663296                                 {product} {ergonomic}
   size_t MarkStackSize                            = 4194304                                   {product} {ergonomic}
   size_t MaxHeapSize                              = 2147483648                                {product} {command line}
   size_t MaxMetaspaceSize                         = 536870912                                 {product} {command line}
   size_t MaxNewSize                               = 1287651328                                {product} {ergonomic}
   size_t MinHeapDeltaBytes                        = 1048576                                   {product} {ergonomic}
   size_t MinHeapSize                              = 8388608                                   {product} {ergonomic}
    uintx NonNMethodCodeHeapSize                   = 5832780                                {pd product} {ergonomic}
    uintx NonProfiledCodeHeapSize                  = 122912730                              {pd product} {ergonomic}
    uintx ProfiledCodeHeapSize                     = 122912730                              {pd product} {ergonomic}
    uintx ReservedCodeCacheSize                    = 251658240                              {pd product} {ergonomic}
     bool SegmentedCodeCache                       = true                                      {product} {ergonomic}
   size_t SoftMaxHeapSize                          = 2147483648                             {manageable} {ergonomic}
     bool UseCompressedClassPointers               = true                           {product lp64_product} {ergonomic}
     bool UseCompressedOops                        = true                           {product lp64_product} {ergonomic}
     bool UseG1GC                                  = true                                      {product} {ergonomic}
     bool UseLargePagesIndividualAllocation        = false                                  {pd product} {ergonomic}

Logging:
Log output configuration:
 #0: stdout all=warning uptime,level,tags
 #1: stderr all=off uptime,level,tags

Environment Variables:
JAVA_HOME=C:\Program Files\Microsoft\jdk-17.0.8.7-hotspot\
CLASSPATH=C:\Users\anura\Desktop\easymyliving\InternalDashboard\android\\gradle\wrapper\gradle-wrapper.jar
PATH=C:\Users\anura\Desktop\easymyliving\InternalDashboard\node_modules\.bin;C:\Users\anura\Desktop\easymyliving\InternalDashboard\node_modules\.bin;C:\Users\anura\Desktop\easymyliving\node_modules\.bin;C:\Users\anura\Desktop\node_modules\.bin;C:\Users\anura\node_modules\.bin;C:\Users\node_modules\.bin;C:\node_modules\.bin;C:\Users\anura\AppData\Roaming\npm\node_modules\npm\node_modules\@npmcli\run-script\lib\node-gyp-bin;C:\Users\anura\Desktop\easymyliving\InternalDashboard\node_modules\.bin;C:\Users\anura\Desktop\easymyliving\node_modules\.bin;C:\Users\anura\Desktop\node_modules\.bin;C:\Users\anura\node_modules\.bin;C:\Users\node_modules\.bin;C:\node_modules\.bin;C:\Users\anura\AppData\Roaming\npm\node_modules\npm\node_modules\@npmcli\run-script\lib\node-gyp-bin;C:\Program Files\Microsoft\jdk-17.0.8.7-hotspot\bin;C:\Python312\Scripts\;C:\Python312\;C:\Program Files\Python312\Scripts\;C:\Program Files\Python312\;C:\Program Files\Microsoft\jdk-11.0.18.10-hotspot\bin;C:\Program Files\Common Files\Oracle\Java\javapath;C:\WINDOWS\system32;C:\WINDOWS;C:\WINDOWS\System32\Wbem;C:\WINDOWS\System32\WindowsPowerShell\v1.0\;C:\WINDOWS\System32\OpenSSH\;C:\ProgramData\chocolatey\bin;C:\Program Files\MongoDB\Server\6.0\bin;C:\Program Files\Git\cmd;C:\xampp\php;C:\ProgramData\ComposerSetup\bin;C:\Program Files\Microsoft\jdk-17.0.8.7-hotspot\\bin;C:\Program Files\Microsoft SQL Server\150\Tools\Binn\;C:\Program Files\Microsoft SQL Server\Client SDK\ODBC\170\Tools\Binn\;C:\Program Files\dotnet\;C:\Users\anura\AppData\Local\Android\Sdk\platform-tools;C:\kotlin\bin;C:\Program Files\Docker\Docker\resources\bin;C:\Users\anura\AppData\Roaming\Python\Python312\Scripts;C:\MinGW\bin;C:\Program Files\Vagrant\bin;C:\Program Files\nodejs\;C:\Users\anura\AppData\Local\pnpm;C:\Users\anura\.console-ninja\.bin;;C:\Users\anura\AppData\Local\Microsoft\WindowsApps;C:\Users\anura\AppData\Local\Programs\Microsoft VS Code\bin;C:\Users\anura\AppData\Roaming\npm
USERNAME=anura
LANG=en_US.UTF-8
OS=Windows_NT
PROCESSOR_IDENTIFIER=AMD64 Family 23 Model 24 Stepping 1, AuthenticAMD
TMP=C:\Users\anura\AppData\Local\Temp
TEMP=C:\Users\anura\AppData\Local\Temp



---------------  S Y S T E M  ---------------

OS:
 Windows 11 , 64 bit Build 23615 (10.0.23615.1000)
OS uptime: 0 days 6:59 hours
Hyper-V role detected

CPU: total 4 (initial active 4) (4 cores per cpu, 2 threads per core) family 23 model 24 stepping 1 microcode 0x0, cx8, cmov, fxsr, ht, mmx, 3dnowpref, sse, sse2, sse3, ssse3, sse4a, sse4.1, sse4.2, popcnt, lzcnt, tsc, tscinvbit, avx, avx2, aes, clmul, bmi1, bmi2, adx, sha, fma, vzeroupper, clflush, clflushopt, hv
Processor Information for all 4 processors :
  Max Mhz: 2600, Current Mhz: 2600, Mhz Limit: 2600

Memory: 4k page, system-wide physical 6091M (1204M free)
TotalPageFile size 12747M (AvailPageFile size 5904M)
current process WorkingSet (physical memory assigned to process): 559M, peak: 564M
current process commit charge ("private bytes"): 598M, peak: 603M

vm_info: OpenJDK 64-Bit Server VM (17.0.8+7-LTS) for windows-amd64 JRE (17.0.8+7-LTS), built on Jul  7 2023 17:21:55 by "MicrosoftCorporation" with MS VC++ 16.10 / 16.11 (VS2019)

END.
