#
# A fatal error has been detected by the Java Runtime Environment:
#
#  EXCEPTION_ACCESS_VIOLATION (0xc0000005) at pc=0x00007ffbe889e0a9, pid=16288, tid=6096
#
# JRE version: OpenJDK Runtime Environment Microsoft-8035246 (17.0.8+7) (build 17.0.8+7-LTS)
# Java VM: OpenJDK 64-Bit Server VM Microsoft-8035246 (17.0.8+7-LTS, mixed mode, sharing, tiered, compressed oops, compressed class ptrs, g1 gc, windows-amd64)
# Problematic frame:
# V  [jvm.dll+0x2be0a9]
#
# No core dump will be written. Minidumps are not enabled by default on client versions of Windows
#
# If you would like to submit a bug report, please visit:
#   https://github.com/microsoft/openjdk/issues
#

---------------  S U M M A R Y ------------

Command Line: -XX:MaxMetaspaceSize=512m --add-opens=java.base/java.util=ALL-UNNAMED --add-opens=java.base/java.lang=ALL-UNNAMED --add-opens=java.base/java.lang.invoke=ALL-UNNAMED --add-opens=java.prefs/java.util.prefs=ALL-UNNAMED --add-opens=java.base/java.nio.charset=ALL-UNNAMED --add-opens=java.base/java.net=ALL-UNNAMED --add-opens=java.base/java.util.concurrent.atomic=ALL-UNNAMED -Xmx2048m -Dfile.encoding=windows-1252 -Duser.country=US -Duser.language=en -Duser.variant -javaagent:C:\Users\anura\.gradle\wrapper\dists\gradle-8.3-all\6en3ugtfdg5xnpx44z4qbwgas\gradle-8.3\lib\agents\gradle-instrumentation-agent-8.3.jar org.gradle.launcher.daemon.bootstrap.GradleDaemon 8.3

Host: AMD Ryzen 3 3250U with Radeon Graphics         , 4 cores, 5G,  Windows 11 , 64 bit Build 23619 (10.0.23619.1000)
Time: Sun Jan 21 23:17:39 2024 India Standard Time elapsed time: 1403.646459 seconds (0d 0h 23m 23s)

---------------  T H R E A D  ---------------

Current thread (0x000002a65cc267b0):  JavaThread "C2 CompilerThread0" daemon [_thread_in_native, id=6096, stack(0x000000c3f9900000,0x000000c3f9a00000)]


Current CompileTask:
C2:1403646 17560   !   4       org.gradle.cache.internal.DefaultMultiProcessSafeIndexedCache::getIfPresent (25 bytes)

Stack: [0x000000c3f9900000,0x000000c3f9a00000],  sp=0x000000c3f99fb500,  free space=1005k
Native frames: (J=compiled Java code, j=interpreted, Vv=VM code, C=native code)
V  [jvm.dll+0x2be0a9]
V  [jvm.dll+0x21ba8b]
V  [jvm.dll+0x21944b]
V  [jvm.dll+0x1a56b6]
V  [jvm.dll+0x2291ea]
V  [jvm.dll+0x22724c]
V  [jvm.dll+0x7efd0c]
V  [jvm.dll+0x7ea13a]
V  [jvm.dll+0x67ad85]
C  [ucrtbase.dll+0x29363]
C  [KERNEL32.DLL+0x1257d]
C  [ntdll.dll+0x5aa58]


siginfo: EXCEPTION_ACCESS_VIOLATION (0xc0000005), reading address 0x0000000000000028


Register to memory mapping:

RIP=0x00007ffbe889e0a9 jvm.dll
RAX=0x000002a608331530 points into unknown readable memory: 0x0000000000000000 | 00 00 00 00 00 00 00 00
RBX=0x000000000000125e is an unknown value
RCX=0x000002a608341530 points into unknown readable memory: 0x0000000000000000 | 00 00 00 00 00 00 00 00
RDX=0x0 is NULL
RSP=0x000000c3f99fb500 is pointing into the stack for thread: 0x000002a65cc267b0
RBP=0x000000c3f99fb570 is pointing into the stack for thread: 0x000002a65cc267b0
RSI=0x0 is NULL
RDI=0x000000000000003c is an unknown value
R8 =0x0 is NULL
R9 =0x0 is NULL
R10=0x00007ffc613b0000 VCRUNTIME140.dll
R11=0x000002a608331550 points into unknown readable memory: 0x0000000000000000 | 00 00 00 00 00 00 00 00
R12=0x0000000000000050 is an unknown value
R13=0x0 is NULL
R14=0x0 is NULL
R15=0x000000c3f99fe720 is pointing into the stack for thread: 0x000002a65cc267b0


Registers:
RAX=0x000002a608331530, RBX=0x000000000000125e, RCX=0x000002a608341530, RDX=0x0000000000000000
RSP=0x000000c3f99fb500, RBP=0x000000c3f99fb570, RSI=0x0000000000000000, RDI=0x000000000000003c
R8 =0x0000000000000000, R9 =0x0000000000000000, R10=0x00007ffc613b0000, R11=0x000002a608331550
R12=0x0000000000000050, R13=0x0000000000000000, R14=0x0000000000000000, R15=0x000000c3f99fe720
RIP=0x00007ffbe889e0a9, EFLAGS=0x0000000000010246

Top of Stack: (sp=0x000000c3f99fb500)
0x000000c3f99fb500:   000000000000125e 0000000000000000
0x000000c3f99fb510:   000000c3f99fe720 00007ffbe88038d1
0x000000c3f99fb520:   000002a65cc16f00 00007ffb00002000
0x000000c3f99fb530:   000002a608331530 000002a600000000
0x000000c3f99fb540:   0000000000000002 000002a602b71270
0x000000c3f99fb550:   0000000300000002 000002a65cc16f00
0x000000c3f99fb560:   0000000000000000 0000000000000000
0x000000c3f99fb570:   000002a65cc01490 000002a63f07ba80
0x000000c3f99fb580:   000000000000003c 00007ffbe8f24c08
0x000000c3f99fb590:   000000c3f99fb6a0 00007ffbe87fba8b
0x000000c3f99fb5a0:   000000c3f99fe720 00007ffbe8f24c08
0x000000c3f99fb5b0:   000000c3f99fe720 000000c3f99fb6a0
0x000000c3f99fb5c0:   0000000000000000 0000000000000050
0x000000c3f99fb5d0:   000000c30000000f 000000c3f99fe720
0x000000c3f99fb5e0:   000000c3f99fb750 00007ffb00000000
0x000000c3f99fb5f0:   000002a600000100 00007ffbe8f24c08 

Instructions: (pc=0x00007ffbe889e0a9)
0x00007ffbe889dfa9:   3b d0 75 0b ff c1 41 3b c9 7c dc 48 8b c2 c3 33
0x00007ffbe889dfb9:   c0 c3 cc cc cc cc cc 48 89 5c 24 18 55 56 57 41
0x00007ffbe889dfc9:   55 41 57 48 8b ec 48 83 ec 70 65 48 8b 04 25 58
0x00007ffbe889dfd9:   00 00 00 48 8b f2 44 8b 05 d2 8b 90 00 4c 8b f9
0x00007ffbe889dfe9:   4a 8b 1c c0 b8 50 00 00 00 80 3c 18 00 75 05 e8
0x00007ffbe889dff9:   8b 6f 5d 00 b8 20 00 00 00 48 8b 04 18 48 8b 98
0x00007ffbe889e009:   38 02 00 00 48 89 5d b0 c7 45 b8 04 00 00 00 48
0x00007ffbe889e019:   8b 43 18 48 83 f8 df 76 18 4c 8d 05 37 a9 65 00
0x00007ffbe889e029:   ba 20 00 00 00 48 8b cb e8 5a eb de ff 48 8b 43
0x00007ffbe889e039:   18 48 8d 48 20 48 3b 4b 20 76 11 45 33 c0 48 8b
0x00007ffbe889e049:   cb 41 8d 50 20 e8 fd e8 de ff eb 04 48 89 4b 18
0x00007ffbe889e059:   44 8b 45 b8 33 d2 49 c1 e0 03 48 8b c8 48 89 45
0x00007ffbe889e069:   c0 e8 e3 80 5d 00 45 33 ed 48 8d 4d d0 44 89 6d
0x00007ffbe889e079:   c8 e8 01 59 56 00 41 8b 9f 40 02 00 00 41 2b 9f
0x00007ffbe889e089:   68 02 00 00 44 89 6d f0 3b 5d b8 72 0b 8b d3 48
0x00007ffbe889e099:   8d 4d b0 e8 6f b3 39 00 48 8b 45 c0 4c 89 2c d8
0x00007ffbe889e0a9:   8b 7e 28 8b df c1 eb 05 3b 5d d0 72 0b 8b d3 48
0x00007ffbe889e0b9:   8d 4d d0 e8 1f 59 56 00 48 8b 45 d8 83 e7 1f 48
0x00007ffbe889e0c9:   8d 14 98 40 0f b6 cf 41 b8 01 00 00 00 41 d3 e0
0x00007ffbe889e0d9:   8b 0a 8b c1 41 0b c0 89 02 41 85 c8 75 21 8b 5d
0x00007ffbe889e0e9:   c8 8d 43 01 89 45 c8 3b 5d b8 72 0b 8b d3 48 8d
0x00007ffbe889e0f9:   4d b0 e8 10 b3 39 00 48 8b 45 c0 48 89 34 d8 44
0x00007ffbe889e109:   39 6d c8 0f 86 77 01 00 00 4c 89 a4 24 a0 00 00
0x00007ffbe889e119:   00 4c 89 b4 24 a8 00 00 00 48 8b 45 c0 41 8b cd
0x00007ffbe889e129:   48 8b 34 c8 8b 46 2c 25 ff 1f 00 00 3d 04 10 00
0x00007ffbe889e139:   00 0f 85 a7 00 00 00 bb 01 00 00 00 39 5e 18 76
0x00007ffbe889e149:   39 66 0f 1f 44 00 00 48 8b 46 08 8b cb 48 8b 14
0x00007ffbe889e159:   c8 48 85 d2 74 1d 48 83 7a 10 00 74 16 80 7a 2c
0x00007ffbe889e169:   84 74 10 e8 7f 7e ee ff 48 8b d0 49 8b cf e8 a4
0x00007ffbe889e179:   61 f6 ff ff c3 3b 5e 18 72 cd 48 8b 5e 10 8b 46
0x00007ffbe889e189:   20 4c 8d 34 c3 49 3b de 73 54 48 8b 3b 8b 47 2c
0x00007ffbe889e199:   83 e0 03 3c 03 75 2e 48 8b 07 48 8b cf ff 90 88 


Stack slot to memory mapping:
stack at sp + 0 slots: 0x000000000000125e is an unknown value
stack at sp + 1 slots: 0x0 is NULL
stack at sp + 2 slots: 0x000000c3f99fe720 is pointing into the stack for thread: 0x000002a65cc267b0
stack at sp + 3 slots: 0x00007ffbe88038d1 jvm.dll
stack at sp + 4 slots: 0x000002a65cc16f00 points into unknown readable memory: 0x0000000000000006 | 06 00 00 00 00 00 00 00
stack at sp + 5 slots: 0x00007ffb00002000 is an unknown value
stack at sp + 6 slots: 0x000002a608331530 points into unknown readable memory: 0x0000000000000000 | 00 00 00 00 00 00 00 00
stack at sp + 7 slots: 0x000002a600000000 is an unknown value


---------------  P R O C E S S  ---------------

Threads class SMR info:
_java_thread_list=0x000002a602a04e90, length=50, elements={
0x000002a63f062db0, 0x000002a65cbfcef0, 0x000002a65cbfda80, 0x000002a65cc13830,
0x000002a65cc14100, 0x000002a65cc149d0, 0x000002a65cc172b0, 0x000002a65cc267b0,
0x000002a65cc20ea0, 0x000002a65cc217b0, 0x000002a67c08d9b0, 0x000002a67c1957c0,
0x000002a67dc976d0, 0x000002a67d65c500, 0x000002a67da73060, 0x000002a67d311a20,
0x000002a67d3151d0, 0x000002a67d312950, 0x000002a67d312e60, 0x000002a6006eeac0,
0x000002a6006f1340, 0x000002a6006f0e30, 0x000002a6006f1d60, 0x000002a6006f3bc0,
0x000002a6006ef9f0, 0x000002a6006ee0a0, 0x000002a6006ec750, 0x000002a67df87ad0,
0x000002a6018dd080, 0x000002a601adf060, 0x000002a601adfa80, 0x000002a601adf570,
0x000002a60281c860, 0x000002a60215b240, 0x000002a602158ed0, 0x000002a6018dc660,
0x000002a6018dbc40, 0x000002a601ae09b0, 0x000002a601ae04a0, 0x000002a601ae13d0,
0x000002a601ae18e0, 0x000002a6018dc150, 0x000002a60889eb70, 0x000002a6018dd590,
0x000002a6018dcb70, 0x000002a601ae2300, 0x000002a60257b760, 0x000002a60257ea00,
0x000002a60257c690, 0x000002a60257e4f0
}

Java Threads: ( => current thread )
  0x000002a63f062db0 JavaThread "main" [_thread_blocked, id=9828, stack(0x000000c3f8c00000,0x000000c3f8d00000)]
  0x000002a65cbfcef0 JavaThread "Reference Handler" daemon [_thread_blocked, id=18224, stack(0x000000c3f9300000,0x000000c3f9400000)]
  0x000002a65cbfda80 JavaThread "Finalizer" daemon [_thread_blocked, id=14356, stack(0x000000c3f9400000,0x000000c3f9500000)]
  0x000002a65cc13830 JavaThread "Signal Dispatcher" daemon [_thread_blocked, id=8964, stack(0x000000c3f9500000,0x000000c3f9600000)]
  0x000002a65cc14100 JavaThread "Attach Listener" daemon [_thread_blocked, id=14988, stack(0x000000c3f9600000,0x000000c3f9700000)]
  0x000002a65cc149d0 JavaThread "Service Thread" daemon [_thread_blocked, id=14088, stack(0x000000c3f9700000,0x000000c3f9800000)]
  0x000002a65cc172b0 JavaThread "Monitor Deflation Thread" daemon [_thread_blocked, id=10436, stack(0x000000c3f9800000,0x000000c3f9900000)]
=>0x000002a65cc267b0 JavaThread "C2 CompilerThread0" daemon [_thread_in_native, id=6096, stack(0x000000c3f9900000,0x000000c3f9a00000)]
  0x000002a65cc20ea0 JavaThread "C1 CompilerThread0" daemon [_thread_blocked, id=4440, stack(0x000000c3f9a00000,0x000000c3f9b00000)]
  0x000002a65cc217b0 JavaThread "Sweeper thread" daemon [_thread_blocked, id=14260, stack(0x000000c3f9b00000,0x000000c3f9c00000)]
  0x000002a67c08d9b0 JavaThread "Common-Cleaner" daemon [_thread_blocked, id=2196, stack(0x000000c3f9c00000,0x000000c3f9d00000)]
  0x000002a67c1957c0 JavaThread "Notification Thread" daemon [_thread_blocked, id=15844, stack(0x000000c3f9d00000,0x000000c3f9e00000)]
  0x000002a67dc976d0 JavaThread "Daemon health stats" [_thread_blocked, id=8680, stack(0x000000c3fa300000,0x000000c3fa400000)]
  0x000002a67d65c500 JavaThread "Incoming local TCP Connector on port 52798" [_thread_in_native, id=16340, stack(0x000000c3f9f00000,0x000000c3fa000000)]
  0x000002a67da73060 JavaThread "Daemon periodic checks" [_thread_blocked, id=16488, stack(0x000000c3fa400000,0x000000c3fa500000)]
  0x000002a67d311a20 JavaThread "Cache worker for journal cache (C:\Users\anura\.gradle\caches\journal-1)" [_thread_blocked, id=13096, stack(0x000000c3fac00000,0x000000c3fad00000)]
  0x000002a67d3151d0 JavaThread "File lock request listener" [_thread_in_native, id=3028, stack(0x000000c3fad00000,0x000000c3fae00000)]
  0x000002a67d312950 JavaThread "Cache worker for file hash cache (C:\Users\anura\.gradle\caches\8.3\fileHashes)" [_thread_blocked, id=6508, stack(0x000000c3faf00000,0x000000c3fb000000)]
  0x000002a67d312e60 JavaThread "File watcher server" daemon [_thread_in_native, id=4172, stack(0x000000c3fae00000,0x000000c3faf00000)]
  0x000002a6006eeac0 JavaThread "File watcher consumer" daemon [_thread_in_vm, id=5296, stack(0x000000c3fb000000,0x000000c3fb100000)]
  0x000002a6006f1340 JavaThread "Cache worker for file content cache (C:\Users\anura\.gradle\caches\8.3\fileContent)" [_thread_blocked, id=16912, stack(0x000000c3fb400000,0x000000c3fb500000)]
  0x000002a6006f0e30 JavaThread "Cache worker for execution history cache (C:\Users\anura\.gradle\caches\8.3\executionHistory)" [_thread_blocked, id=14444, stack(0x000000c3fb600000,0x000000c3fb700000)]
  0x000002a6006f1d60 JavaThread "jar transforms" [_thread_blocked, id=17964, stack(0x000000c3fb800000,0x000000c3fb900000)]
  0x000002a6006f3bc0 JavaThread "jar transforms Thread 2" [_thread_blocked, id=14672, stack(0x000000c3fb900000,0x000000c3fba00000)]
  0x000002a6006ef9f0 JavaThread "jar transforms Thread 3" [_thread_blocked, id=15972, stack(0x000000c3fba00000,0x000000c3fbb00000)]
  0x000002a6006ee0a0 JavaThread "jar transforms Thread 4" [_thread_blocked, id=7852, stack(0x000000c3fbb00000,0x000000c3fbc00000)]
  0x000002a6006ec750 JavaThread "Cache worker for kotlin-dsl (C:\Users\anura\.gradle\caches\8.3\kotlin-dsl)" [_thread_blocked, id=6176, stack(0x000000c3fbc00000,0x000000c3fbd00000)]
  0x000002a67df87ad0 JavaThread "Memory manager" [_thread_blocked, id=16556, stack(0x000000c3fc400000,0x000000c3fc500000)]
  0x000002a6018dd080 JavaThread "Monitor" [_thread_in_native, id=16580, stack(0x000000c3ff300000,0x000000c3ff400000)]
  0x000002a601adf060 JavaThread "JdwpProxyConnection" [_thread_in_native, id=17200, stack(0x000000c3ff400000,0x000000c3ff500000)]
  0x000002a601adfa80 JavaThread "Device List Monitor" [_thread_in_native, id=6240, stack(0x000000c3ff500000,0x000000c3ff600000)]
  0x000002a601adf570 JavaThread "Daemon Thread 2" [_thread_blocked, id=15768, stack(0x000000c3f8900000,0x000000c3f8a00000)]
  0x000002a60281c860 JavaThread "Handler for socket connection from /127.0.0.1:52798 to /127.0.0.1:53047" [_thread_in_native, id=18024, stack(0x000000c3f8a00000,0x000000c3f8b00000)]
  0x000002a60215b240 JavaThread "Cancel handler" [_thread_blocked, id=3396, stack(0x000000c3f8b00000,0x000000c3f8c00000)]
  0x000002a602158ed0 JavaThread "Daemon worker Thread 2" [_thread_in_Java, id=18420, stack(0x000000c3fa500000,0x000000c3fa600000)]
  0x000002a6018dc660 JavaThread "Asynchronous log dispatcher for DefaultDaemonConnection: socket connection from /127.0.0.1:52798 to /127.0.0.1:53047" [_thread_blocked, id=988, stack(0x000000c3fa600000,0x000000c3fa700000)]
  0x000002a6018dbc40 JavaThread "Stdin handler" [_thread_blocked, id=18236, stack(0x000000c3fa700000,0x000000c3fa800000)]
  0x000002a601ae09b0 JavaThread "Daemon client event forwarder" [_thread_blocked, id=13528, stack(0x000000c3fa800000,0x000000c3fa900000)]
  0x000002a601ae04a0 JavaThread "Cache worker for checksums cache (C:\Users\anura\Desktop\easymyliving\InternalDashboard\android\.gradle\8.3\checksums)" [_thread_blocked, id=9416, stack(0x000000c3faa00000,0x000000c3fab00000)]
  0x000002a601ae13d0 JavaThread "Cache worker for file hash cache (C:\Users\anura\Desktop\easymyliving\InternalDashboard\android\.gradle\8.3\fileHashes)" [_thread_blocked, id=16808, stack(0x000000c3fab00000,0x000000c3fac00000)]
  0x000002a601ae18e0 JavaThread "Cache worker for cache directory md-supplier (C:\Users\anura\.gradle\caches\8.3\md-supplier)" [_thread_blocked, id=13904, stack(0x000000c3fb100000,0x000000c3fb200000)]
  0x000002a6018dc150 JavaThread "Cache worker for cache directory md-rule (C:\Users\anura\.gradle\caches\8.3\md-rule)" [_thread_blocked, id=15988, stack(0x000000c3fb200000,0x000000c3fb300000)]
  0x000002a60889eb70 JavaThread "C2 CompilerThread1" daemon [_thread_in_native, id=6808, stack(0x000000c3fa900000,0x000000c3faa00000)]
  0x000002a6018dd590 JavaThread "Unconstrained build operations" [_thread_blocked, id=3280, stack(0x000000c3fb300000,0x000000c3fb400000)]
  0x000002a6018dcb70 JavaThread "Unconstrained build operations Thread 2" [_thread_blocked, id=5364, stack(0x000000c3fb500000,0x000000c3fb600000)]
  0x000002a601ae2300 JavaThread "Cache worker for dependencies-accessors (C:\Users\anura\Desktop\easymyliving\InternalDashboard\android\.gradle\8.3\dependencies-accessors)" [_thread_blocked, id=13804, stack(0x000000c3fb700000,0x000000c3fb800000)]
  0x000002a60257b760 JavaThread "Cache worker for Build Output Cleanup Cache (C:\Users\anura\Desktop\easymyliving\InternalDashboard\node_modules\@react-native\gradle-plugin\.gradle\buildOutputCleanup)" [_thread_blocked, id=14888, stack(0x000000c3fbd00000,0x000000c3fbe00000)]
  0x000002a60257ea00 JavaThread "Unconstrained build operations Thread 3" [_thread_blocked, id=16916, stack(0x000000c3fbe00000,0x000000c3fbf00000)]
  0x000002a60257c690 JavaThread "Unconstrained build operations Thread 4" [_thread_blocked, id=5500, stack(0x000000c3fbf00000,0x000000c3fc000000)]
  0x000002a60257e4f0 JavaThread "Unconstrained build operations Thread 5" [_thread_blocked, id=2752, stack(0x000000c3fc000000,0x000000c3fc100000)]

Other Threads:
  0x000002a65cbf3810 VMThread "VM Thread" [stack: 0x000000c3f9200000,0x000000c3f9300000] [id=10008]
  0x000002a63f0d3660 WatcherThread [stack: 0x000000c3f9e00000,0x000000c3f9f00000] [id=9560]
  0x000002a63cf7e870 GCTaskThread "GC Thread#0" [stack: 0x000000c3f8d00000,0x000000c3f8e00000] [id=6740]
  0x000002a67c313a50 GCTaskThread "GC Thread#1" [stack: 0x000000c3fa000000,0x000000c3fa100000] [id=1100]
  0x000002a67c500250 GCTaskThread "GC Thread#2" [stack: 0x000000c3fa100000,0x000000c3fa200000] [id=616]
  0x000002a67d463c60 GCTaskThread "GC Thread#3" [stack: 0x000000c3fa200000,0x000000c3fa300000] [id=15408]
  0x000002a63f0c98c0 ConcurrentGCThread "G1 Main Marker" [stack: 0x000000c3f8e00000,0x000000c3f8f00000] [id=18252]
  0x000002a63f0ca970 ConcurrentGCThread "G1 Conc#0" [stack: 0x000000c3f8f00000,0x000000c3f9000000] [id=17772]
  0x000002a63f10d860 ConcurrentGCThread "G1 Refine#0" [stack: 0x000000c3f9000000,0x000000c3f9100000] [id=11856]
  0x000002a63f10e190 ConcurrentGCThread "G1 Service" [stack: 0x000000c3f9100000,0x000000c3f9200000] [id=15532]

Threads with active compile tasks:
C2 CompilerThread0  1403755 17560   !   4       org.gradle.cache.internal.DefaultMultiProcessSafeIndexedCache::getIfPresent (25 bytes)
C2 CompilerThread1  1403755 17561       4       com.google.common.cache.LocalCache$Segment::setValue (82 bytes)

VM state: not at safepoint (normal execution)

VM Mutex/Monitor currently owned by a thread: None

Heap address: 0x0000000080000000, size: 2048 MB, Compressed Oops mode: 32-bit

CDS archive(s) mapped at: [0x000002a65d000000-0x000002a65dbd0000-0x000002a65dbd0000), size 12386304, SharedBaseAddress: 0x000002a65d000000, ArchiveRelocationMode: 1.
Compressed class space mapped at: 0x000002a65e000000-0x000002a678000000, reserved size: 436207616
Narrow klass base: 0x000002a65d000000, Narrow klass shift: 0, Narrow klass range: 0x100000000

GC Precious Log:
 CPUs: 4 total, 4 available
 Memory: 6091M
 Large Page Support: Disabled
 NUMA Support: Disabled
 Compressed Oops: Enabled (32-bit)
 Heap Region Size: 1M
 Heap Min Capacity: 8M
 Heap Initial Capacity: 96M
 Heap Max Capacity: 2G
 Pre-touch: Disabled
 Parallel Workers: 4
 Concurrent Workers: 1
 Concurrent Refinement Workers: 4
 Periodic GC: Disabled

Heap:
 garbage-first heap   total 290816K, used 201218K [0x0000000080000000, 0x0000000100000000)
  region size 1024K, 11 young (11264K), 6 survivors (6144K)
 Metaspace       used 103068K, committed 104256K, reserved 557056K
  class space    used 14214K, committed 14784K, reserved 425984K

Heap Regions: E=young(eden), S=young(survivor), O=old, HS=humongous(starts), HC=humongous(continues), CS=collection set, F=free, OA=open archive, CA=closed archive, TAMS=top-at-mark-start (previous, next)
|   0|0x0000000080000000, 0x0000000080100000, 0x0000000080100000|100%| O|  |TAMS 0x0000000080100000, 0x0000000080000000| Untracked 
|   1|0x0000000080100000, 0x0000000080200000, 0x0000000080200000|100%| O|  |TAMS 0x0000000080200000, 0x0000000080100000| Untracked 
|   2|0x0000000080200000, 0x0000000080300000, 0x0000000080300000|100%|HS|  |TAMS 0x0000000080300000, 0x0000000080200000| Complete 
|   3|0x0000000080300000, 0x0000000080400000, 0x0000000080400000|100%|HC|  |TAMS 0x0000000080400000, 0x0000000080300000| Complete 
|   4|0x0000000080400000, 0x0000000080500000, 0x0000000080500000|100%|HC|  |TAMS 0x0000000080500000, 0x0000000080400000| Complete 
|   5|0x0000000080500000, 0x0000000080600000, 0x0000000080600000|100%|HC|  |TAMS 0x0000000080600000, 0x0000000080500000| Complete 
|   6|0x0000000080600000, 0x0000000080700000, 0x0000000080700000|100%| O|  |TAMS 0x0000000080700000, 0x0000000080600000| Untracked 
|   7|0x0000000080700000, 0x0000000080800000, 0x0000000080800000|100%| O|  |TAMS 0x0000000080800000, 0x0000000080700000| Untracked 
|   8|0x0000000080800000, 0x0000000080900000, 0x0000000080900000|100%| O|  |TAMS 0x0000000080900000, 0x0000000080800000| Untracked 
|   9|0x0000000080900000, 0x0000000080a00000, 0x0000000080a00000|100%| O|  |TAMS 0x0000000080a00000, 0x0000000080900000| Untracked 
|  10|0x0000000080a00000, 0x0000000080b00000, 0x0000000080b00000|100%| O|  |TAMS 0x0000000080b00000, 0x0000000080a00000| Untracked 
|  11|0x0000000080b00000, 0x0000000080c00000, 0x0000000080c00000|100%| O|  |TAMS 0x0000000080c00000, 0x0000000080b00000| Untracked 
|  12|0x0000000080c00000, 0x0000000080d00000, 0x0000000080d00000|100%| O|  |TAMS 0x0000000080d00000, 0x0000000080c00000| Untracked 
|  13|0x0000000080d00000, 0x0000000080e00000, 0x0000000080e00000|100%| O|  |TAMS 0x0000000080e00000, 0x0000000080d00000| Untracked 
|  14|0x0000000080e00000, 0x0000000080f00000, 0x0000000080f00000|100%| O|  |TAMS 0x0000000080f00000, 0x0000000080e00000| Untracked 
|  15|0x0000000080f00000, 0x0000000081000000, 0x0000000081000000|100%| O|  |TAMS 0x0000000081000000, 0x0000000080f00000| Untracked 
|  16|0x0000000081000000, 0x0000000081100000, 0x0000000081100000|100%| O|  |TAMS 0x0000000081100000, 0x0000000081000000| Untracked 
|  17|0x0000000081100000, 0x0000000081200000, 0x0000000081200000|100%| O|  |TAMS 0x0000000081200000, 0x0000000081100000| Untracked 
|  18|0x0000000081200000, 0x0000000081300000, 0x0000000081300000|100%| O|  |TAMS 0x0000000081300000, 0x0000000081200000| Untracked 
|  19|0x0000000081300000, 0x0000000081400000, 0x0000000081400000|100%| O|  |TAMS 0x0000000081400000, 0x0000000081300000| Untracked 
|  20|0x0000000081400000, 0x0000000081500000, 0x0000000081500000|100%| O|  |TAMS 0x0000000081500000, 0x0000000081400000| Untracked 
|  21|0x0000000081500000, 0x0000000081600000, 0x0000000081600000|100%| O|  |TAMS 0x0000000081600000, 0x0000000081500000| Untracked 
|  22|0x0000000081600000, 0x0000000081700000, 0x0000000081700000|100%| O|  |TAMS 0x0000000081700000, 0x0000000081600000| Untracked 
|  23|0x0000000081700000, 0x0000000081800000, 0x0000000081800000|100%| O|  |TAMS 0x0000000081800000, 0x0000000081700000| Untracked 
|  24|0x0000000081800000, 0x0000000081900000, 0x0000000081900000|100%| O|  |TAMS 0x0000000081800000, 0x0000000081800000| Untracked 
|  25|0x0000000081900000, 0x0000000081a00000, 0x0000000081a00000|100%| O|  |TAMS 0x0000000081a00000, 0x0000000081900000| Untracked 
|  26|0x0000000081a00000, 0x0000000081b00000, 0x0000000081b00000|100%| O|  |TAMS 0x0000000081b00000, 0x0000000081a00000| Untracked 
|  27|0x0000000081b00000, 0x0000000081c00000, 0x0000000081c00000|100%| O|  |TAMS 0x0000000081c00000, 0x0000000081b00000| Untracked 
|  28|0x0000000081c00000, 0x0000000081d00000, 0x0000000081d00000|100%| O|  |TAMS 0x0000000081d00000, 0x0000000081c00000| Untracked 
|  29|0x0000000081d00000, 0x0000000081e00000, 0x0000000081e00000|100%| O|  |TAMS 0x0000000081e00000, 0x0000000081d00000| Untracked 
|  30|0x0000000081e00000, 0x0000000081f00000, 0x0000000081f00000|100%|HS|  |TAMS 0x0000000081f00000, 0x0000000081e00000| Complete 
|  31|0x0000000081f00000, 0x0000000082000000, 0x0000000082000000|100%|HC|  |TAMS 0x0000000082000000, 0x0000000081f00000| Complete 
|  32|0x0000000082000000, 0x0000000082100000, 0x0000000082100000|100%|HS|  |TAMS 0x0000000082100000, 0x0000000082000000| Complete 
|  33|0x0000000082100000, 0x0000000082200000, 0x0000000082200000|100%|HC|  |TAMS 0x0000000082200000, 0x0000000082100000| Complete 
|  34|0x0000000082200000, 0x0000000082300000, 0x0000000082300000|100%| O|  |TAMS 0x0000000082300000, 0x0000000082200000| Untracked 
|  35|0x0000000082300000, 0x0000000082400000, 0x0000000082400000|100%| O|  |TAMS 0x0000000082400000, 0x0000000082300000| Untracked 
|  36|0x0000000082400000, 0x0000000082500000, 0x0000000082500000|100%| O|  |TAMS 0x0000000082500000, 0x0000000082400000| Untracked 
|  37|0x0000000082500000, 0x0000000082600000, 0x0000000082600000|100%| O|  |TAMS 0x0000000082600000, 0x0000000082500000| Untracked 
|  38|0x0000000082600000, 0x0000000082700000, 0x0000000082700000|100%| O|  |TAMS 0x0000000082700000, 0x0000000082600000| Untracked 
|  39|0x0000000082700000, 0x0000000082800000, 0x0000000082800000|100%|HS|  |TAMS 0x0000000082800000, 0x0000000082700000| Complete 
|  40|0x0000000082800000, 0x0000000082900000, 0x0000000082900000|100%|HC|  |TAMS 0x0000000082900000, 0x0000000082800000| Complete 
|  41|0x0000000082900000, 0x0000000082a00000, 0x0000000082a00000|100%|HC|  |TAMS 0x0000000082a00000, 0x0000000082900000| Complete 
|  42|0x0000000082a00000, 0x0000000082b00000, 0x0000000082b00000|100%|HC|  |TAMS 0x0000000082b00000, 0x0000000082a00000| Complete 
|  43|0x0000000082b00000, 0x0000000082c00000, 0x0000000082c00000|100%| O|  |TAMS 0x0000000082c00000, 0x0000000082b00000| Untracked 
|  44|0x0000000082c00000, 0x0000000082d00000, 0x0000000082d00000|100%| O|  |TAMS 0x0000000082d00000, 0x0000000082c00000| Untracked 
|  45|0x0000000082d00000, 0x0000000082e00000, 0x0000000082e00000|100%| O|  |TAMS 0x0000000082e00000, 0x0000000082d00000| Untracked 
|  46|0x0000000082e00000, 0x0000000082f00000, 0x0000000082f00000|100%| O|  |TAMS 0x0000000082f00000, 0x0000000082e00000| Untracked 
|  47|0x0000000082f00000, 0x0000000083000000, 0x0000000083000000|100%| O|  |TAMS 0x0000000083000000, 0x0000000082f00000| Untracked 
|  48|0x0000000083000000, 0x0000000083100000, 0x0000000083100000|100%| O|  |TAMS 0x0000000083100000, 0x0000000083000000| Untracked 
|  49|0x0000000083100000, 0x0000000083200000, 0x0000000083200000|100%|HS|  |TAMS 0x0000000083200000, 0x0000000083100000| Complete 
|  50|0x0000000083200000, 0x0000000083300000, 0x0000000083300000|100%|HC|  |TAMS 0x0000000083300000, 0x0000000083200000| Complete 
|  51|0x0000000083300000, 0x0000000083400000, 0x0000000083400000|100%|HC|  |TAMS 0x0000000083400000, 0x0000000083300000| Complete 
|  52|0x0000000083400000, 0x0000000083500000, 0x0000000083500000|100%|HC|  |TAMS 0x0000000083500000, 0x0000000083400000| Complete 
|  53|0x0000000083500000, 0x0000000083600000, 0x0000000083600000|100%| O|  |TAMS 0x0000000083600000, 0x0000000083500000| Untracked 
|  54|0x0000000083600000, 0x0000000083700000, 0x0000000083700000|100%| O|  |TAMS 0x0000000083700000, 0x0000000083600000| Untracked 
|  55|0x0000000083700000, 0x0000000083800000, 0x0000000083800000|100%| O|  |TAMS 0x0000000083800000, 0x0000000083700000| Untracked 
|  56|0x0000000083800000, 0x0000000083900000, 0x0000000083900000|100%| O|  |TAMS 0x0000000083900000, 0x0000000083800000| Untracked 
|  57|0x0000000083900000, 0x0000000083a00000, 0x0000000083a00000|100%| O|  |TAMS 0x0000000083a00000, 0x0000000083900000| Untracked 
|  58|0x0000000083a00000, 0x0000000083b00000, 0x0000000083b00000|100%| O|  |TAMS 0x0000000083b00000, 0x0000000083a00000| Untracked 
|  59|0x0000000083b00000, 0x0000000083c00000, 0x0000000083c00000|100%| O|  |TAMS 0x0000000083c00000, 0x0000000083b00000| Untracked 
|  60|0x0000000083c00000, 0x0000000083d00000, 0x0000000083d00000|100%| O|  |TAMS 0x0000000083d00000, 0x0000000083c00000| Untracked 
|  61|0x0000000083d00000, 0x0000000083e00000, 0x0000000083e00000|100%| O|  |TAMS 0x0000000083e00000, 0x0000000083d00000| Untracked 
|  62|0x0000000083e00000, 0x0000000083f00000, 0x0000000083f00000|100%| O|  |TAMS 0x0000000083f00000, 0x0000000083e00000| Untracked 
|  63|0x0000000083f00000, 0x0000000084000000, 0x0000000084000000|100%| O|  |TAMS 0x0000000084000000, 0x0000000083f00000| Untracked 
|  64|0x0000000084000000, 0x0000000084100000, 0x0000000084100000|100%|HS|  |TAMS 0x0000000084100000, 0x0000000084000000| Complete 
|  65|0x0000000084100000, 0x0000000084200000, 0x0000000084200000|100%|HS|  |TAMS 0x0000000084200000, 0x0000000084100000| Complete 
|  66|0x0000000084200000, 0x0000000084300000, 0x0000000084300000|100%|HS|  |TAMS 0x0000000084300000, 0x0000000084200000| Complete 
|  67|0x0000000084300000, 0x0000000084400000, 0x0000000084400000|100%| O|  |TAMS 0x0000000084400000, 0x0000000084300000| Untracked 
|  68|0x0000000084400000, 0x0000000084500000, 0x0000000084500000|100%| O|  |TAMS 0x0000000084500000, 0x0000000084400000| Untracked 
|  69|0x0000000084500000, 0x0000000084600000, 0x0000000084600000|100%| O|  |TAMS 0x0000000084600000, 0x0000000084500000| Untracked 
|  70|0x0000000084600000, 0x0000000084700000, 0x0000000084700000|100%| O|  |TAMS 0x0000000084700000, 0x0000000084600000| Untracked 
|  71|0x0000000084700000, 0x0000000084800000, 0x0000000084800000|100%|HS|  |TAMS 0x0000000084800000, 0x0000000084700000| Complete 
|  72|0x0000000084800000, 0x0000000084900000, 0x0000000084900000|100%| O|  |TAMS 0x0000000084900000, 0x0000000084800000| Untracked 
|  73|0x0000000084900000, 0x0000000084a00000, 0x0000000084a00000|100%| O|  |TAMS 0x0000000084a00000, 0x0000000084900000| Untracked 
|  74|0x0000000084a00000, 0x0000000084b00000, 0x0000000084b00000|100%| O|  |TAMS 0x0000000084b00000, 0x0000000084a00000| Untracked 
|  75|0x0000000084b00000, 0x0000000084c00000, 0x0000000084c00000|100%| O|  |TAMS 0x0000000084c00000, 0x0000000084b00000| Untracked 
|  76|0x0000000084c00000, 0x0000000084d00000, 0x0000000084d00000|100%| O|  |TAMS 0x0000000084d00000, 0x0000000084c00000| Untracked 
|  77|0x0000000084d00000, 0x0000000084e00000, 0x0000000084e00000|100%| O|  |TAMS 0x0000000084e00000, 0x0000000084d00000| Untracked 
|  78|0x0000000084e00000, 0x0000000084f00000, 0x0000000084f00000|100%| O|  |TAMS 0x0000000084f00000, 0x0000000084e00000| Untracked 
|  79|0x0000000084f00000, 0x0000000085000000, 0x0000000085000000|100%| O|  |TAMS 0x0000000084f00000, 0x0000000084f00000| Untracked 
|  80|0x0000000085000000, 0x0000000085100000, 0x0000000085100000|100%| O|  |TAMS 0x0000000085100000, 0x0000000085000000| Untracked 
|  81|0x0000000085100000, 0x0000000085200000, 0x0000000085200000|100%| O|  |TAMS 0x0000000085100000, 0x0000000085100000| Untracked 
|  82|0x0000000085200000, 0x0000000085300000, 0x0000000085300000|100%| O|  |TAMS 0x0000000085200000, 0x0000000085200000| Untracked 
|  83|0x0000000085300000, 0x0000000085400000, 0x0000000085400000|100%| O|  |TAMS 0x0000000085400000, 0x0000000085300000| Untracked 
|  84|0x0000000085400000, 0x0000000085500000, 0x0000000085500000|100%| O|  |TAMS 0x0000000085500000, 0x0000000085400000| Untracked 
|  85|0x0000000085500000, 0x0000000085600000, 0x0000000085600000|100%| O|  |TAMS 0x0000000085600000, 0x0000000085500000| Untracked 
|  86|0x0000000085600000, 0x0000000085700000, 0x0000000085700000|100%| O|  |TAMS 0x0000000085600000, 0x0000000085600000| Untracked 
|  87|0x0000000085700000, 0x0000000085800000, 0x0000000085800000|100%|HS|  |TAMS 0x0000000085700000, 0x0000000085700000| Complete 
|  88|0x0000000085800000, 0x0000000085900000, 0x0000000085900000|100%| O|  |TAMS 0x0000000085818200, 0x0000000085800000| Untracked 
|  89|0x0000000085900000, 0x0000000085a00000, 0x0000000085a00000|100%| O|  |TAMS 0x0000000085900000, 0x0000000085900000| Untracked 
|  90|0x0000000085a00000, 0x0000000085b00000, 0x0000000085b00000|100%| O|  |TAMS 0x0000000085a00000, 0x0000000085a00000| Untracked 
|  91|0x0000000085b00000, 0x0000000085c00000, 0x0000000085c00000|100%| O|  |TAMS 0x0000000085b00000, 0x0000000085b00000| Untracked 
|  92|0x0000000085c00000, 0x0000000085d00000, 0x0000000085d00000|100%|HS|  |TAMS 0x0000000085c00000, 0x0000000085c00000| Complete 
|  93|0x0000000085d00000, 0x0000000085e00000, 0x0000000085e00000|100%| O|  |TAMS 0x0000000085d00000, 0x0000000085d00000| Untracked 
|  94|0x0000000085e00000, 0x0000000085f00000, 0x0000000085f00000|100%|HS|  |TAMS 0x0000000085e00000, 0x0000000085e00000| Complete 
|  95|0x0000000085f00000, 0x0000000086000000, 0x0000000086000000|100%|HC|  |TAMS 0x0000000085f00000, 0x0000000085f00000| Complete 
|  96|0x0000000086000000, 0x0000000086100000, 0x0000000086100000|100%|HS|  |TAMS 0x0000000086000000, 0x0000000086000000| Complete 
|  97|0x0000000086100000, 0x0000000086200000, 0x0000000086200000|100%|HS|  |TAMS 0x0000000086100000, 0x0000000086100000| Complete 
|  98|0x0000000086200000, 0x0000000086300000, 0x0000000086300000|100%|HS|  |TAMS 0x0000000086200000, 0x0000000086200000| Complete 
|  99|0x0000000086300000, 0x0000000086400000, 0x0000000086400000|100%| O|  |TAMS 0x0000000086300000, 0x0000000086300000| Untracked 
| 100|0x0000000086400000, 0x0000000086500000, 0x0000000086500000|100%| O|  |TAMS 0x0000000086400000, 0x0000000086400000| Untracked 
| 101|0x0000000086500000, 0x0000000086600000, 0x0000000086600000|100%| O|  |TAMS 0x0000000086500000, 0x0000000086500000| Untracked 
| 102|0x0000000086600000, 0x0000000086700000, 0x0000000086700000|100%| O|  |TAMS 0x0000000086600000, 0x0000000086600000| Untracked 
| 103|0x0000000086700000, 0x0000000086800000, 0x0000000086800000|100%| O|  |TAMS 0x0000000086700000, 0x0000000086700000| Untracked 
| 104|0x0000000086800000, 0x0000000086900000, 0x0000000086900000|100%| O|  |TAMS 0x0000000086800000, 0x0000000086800000| Untracked 
| 105|0x0000000086900000, 0x0000000086a00000, 0x0000000086a00000|100%| O|  |TAMS 0x0000000086900000, 0x0000000086900000| Untracked 
| 106|0x0000000086a00000, 0x0000000086b00000, 0x0000000086b00000|100%| O|  |TAMS 0x0000000086a00000, 0x0000000086a00000| Untracked 
| 107|0x0000000086b00000, 0x0000000086c00000, 0x0000000086c00000|100%| O|  |TAMS 0x0000000086b00000, 0x0000000086b00000| Untracked 
| 108|0x0000000086c00000, 0x0000000086d00000, 0x0000000086d00000|100%| O|  |TAMS 0x0000000086c00000, 0x0000000086c00000| Untracked 
| 109|0x0000000086d00000, 0x0000000086e00000, 0x0000000086e00000|100%| O|  |TAMS 0x0000000086d00000, 0x0000000086d00000| Untracked 
| 110|0x0000000086e00000, 0x0000000086f00000, 0x0000000086f00000|100%| O|  |TAMS 0x0000000086e00000, 0x0000000086e00000| Untracked 
| 111|0x0000000086f00000, 0x0000000087000000, 0x0000000087000000|100%| O|  |TAMS 0x0000000086f00000, 0x0000000086f00000| Untracked 
| 112|0x0000000087000000, 0x0000000087100000, 0x0000000087100000|100%| O|  |TAMS 0x0000000087000000, 0x0000000087000000| Untracked 
| 113|0x0000000087100000, 0x0000000087200000, 0x0000000087200000|100%| O|  |TAMS 0x0000000087100000, 0x0000000087100000| Untracked 
| 114|0x0000000087200000, 0x0000000087300000, 0x0000000087300000|100%| O|  |TAMS 0x0000000087200000, 0x0000000087200000| Untracked 
| 115|0x0000000087300000, 0x0000000087400000, 0x0000000087400000|100%| O|  |TAMS 0x0000000087300000, 0x0000000087300000| Untracked 
| 116|0x0000000087400000, 0x0000000087500000, 0x0000000087500000|100%| O|  |TAMS 0x0000000087400000, 0x0000000087400000| Untracked 
| 117|0x0000000087500000, 0x0000000087600000, 0x0000000087600000|100%| O|  |TAMS 0x0000000087500000, 0x0000000087500000| Untracked 
| 118|0x0000000087600000, 0x0000000087700000, 0x0000000087700000|100%| O|  |TAMS 0x0000000087600000, 0x0000000087600000| Untracked 
| 119|0x0000000087700000, 0x0000000087800000, 0x0000000087800000|100%| O|  |TAMS 0x0000000087700000, 0x0000000087700000| Untracked 
| 120|0x0000000087800000, 0x0000000087900000, 0x0000000087900000|100%| O|  |TAMS 0x0000000087800000, 0x0000000087800000| Untracked 
| 121|0x0000000087900000, 0x0000000087a00000, 0x0000000087a00000|100%| O|  |TAMS 0x0000000087900000, 0x0000000087900000| Untracked 
| 122|0x0000000087a00000, 0x0000000087b00000, 0x0000000087b00000|100%| O|  |TAMS 0x0000000087a00000, 0x0000000087a00000| Untracked 
| 123|0x0000000087b00000, 0x0000000087c00000, 0x0000000087c00000|100%| O|  |TAMS 0x0000000087b00000, 0x0000000087b00000| Untracked 
| 124|0x0000000087c00000, 0x0000000087d00000, 0x0000000087d00000|100%| O|  |TAMS 0x0000000087c00000, 0x0000000087c00000| Untracked 
| 125|0x0000000087d00000, 0x0000000087e00000, 0x0000000087e00000|100%| O|  |TAMS 0x0000000087d00000, 0x0000000087d00000| Untracked 
| 126|0x0000000087e00000, 0x0000000087f00000, 0x0000000087f00000|100%| O|  |TAMS 0x0000000087e00000, 0x0000000087e00000| Untracked 
| 127|0x0000000087f00000, 0x0000000088000000, 0x0000000088000000|100%| O|  |TAMS 0x0000000087f00000, 0x0000000087f00000| Untracked 
| 128|0x0000000088000000, 0x0000000088100000, 0x0000000088100000|100%| O|  |TAMS 0x0000000088000000, 0x0000000088000000| Untracked 
| 129|0x0000000088100000, 0x0000000088200000, 0x0000000088200000|100%| O|  |TAMS 0x0000000088100000, 0x0000000088100000| Untracked 
| 130|0x0000000088200000, 0x0000000088300000, 0x0000000088300000|100%| O|  |TAMS 0x0000000088200000, 0x0000000088200000| Untracked 
| 131|0x0000000088300000, 0x0000000088400000, 0x0000000088400000|100%| O|  |TAMS 0x0000000088300000, 0x0000000088300000| Untracked 
| 132|0x0000000088400000, 0x0000000088500000, 0x0000000088500000|100%| O|  |TAMS 0x0000000088400000, 0x0000000088400000| Untracked 
| 133|0x0000000088500000, 0x0000000088600000, 0x0000000088600000|100%| O|  |TAMS 0x0000000088500000, 0x0000000088500000| Untracked 
| 134|0x0000000088600000, 0x0000000088700000, 0x0000000088700000|100%| O|  |TAMS 0x0000000088600000, 0x0000000088600000| Untracked 
| 135|0x0000000088700000, 0x0000000088800000, 0x0000000088800000|100%| O|  |TAMS 0x0000000088700000, 0x0000000088700000| Untracked 
| 136|0x0000000088800000, 0x0000000088900000, 0x0000000088900000|100%| O|  |TAMS 0x0000000088800000, 0x0000000088800000| Untracked 
| 137|0x0000000088900000, 0x0000000088a00000, 0x0000000088a00000|100%| O|  |TAMS 0x0000000088900000, 0x0000000088900000| Untracked 
| 138|0x0000000088a00000, 0x0000000088b00000, 0x0000000088b00000|100%| O|  |TAMS 0x0000000088a00000, 0x0000000088a00000| Untracked 
| 139|0x0000000088b00000, 0x0000000088c00000, 0x0000000088c00000|100%| O|  |TAMS 0x0000000088b00000, 0x0000000088b00000| Untracked 
| 140|0x0000000088c00000, 0x0000000088d00000, 0x0000000088d00000|100%| O|  |TAMS 0x0000000088c00000, 0x0000000088c00000| Untracked 
| 141|0x0000000088d00000, 0x0000000088e00000, 0x0000000088e00000|100%| O|  |TAMS 0x0000000088d00000, 0x0000000088d00000| Untracked 
| 142|0x0000000088e00000, 0x0000000088f00000, 0x0000000088f00000|100%| O|  |TAMS 0x0000000088e00000, 0x0000000088e00000| Untracked 
| 143|0x0000000088f00000, 0x0000000089000000, 0x0000000089000000|100%| O|  |TAMS 0x0000000088f00000, 0x0000000088f00000| Untracked 
| 144|0x0000000089000000, 0x0000000089100000, 0x0000000089100000|100%| O|  |TAMS 0x0000000089000000, 0x0000000089000000| Untracked 
| 145|0x0000000089100000, 0x0000000089200000, 0x0000000089200000|100%| O|  |TAMS 0x0000000089100000, 0x0000000089100000| Untracked 
| 146|0x0000000089200000, 0x0000000089300000, 0x0000000089300000|100%| O|  |TAMS 0x0000000089200000, 0x0000000089200000| Untracked 
| 147|0x0000000089300000, 0x0000000089400000, 0x0000000089400000|100%| O|  |TAMS 0x0000000089300000, 0x0000000089300000| Untracked 
| 148|0x0000000089400000, 0x0000000089500000, 0x0000000089500000|100%| O|  |TAMS 0x0000000089400000, 0x0000000089400000| Untracked 
| 149|0x0000000089500000, 0x0000000089600000, 0x0000000089600000|100%| O|  |TAMS 0x0000000089500000, 0x0000000089500000| Untracked 
| 150|0x0000000089600000, 0x0000000089700000, 0x0000000089700000|100%| O|  |TAMS 0x0000000089600000, 0x0000000089600000| Untracked 
| 151|0x0000000089700000, 0x0000000089800000, 0x0000000089800000|100%| O|  |TAMS 0x0000000089700000, 0x0000000089700000| Untracked 
| 152|0x0000000089800000, 0x0000000089900000, 0x0000000089900000|100%| O|  |TAMS 0x0000000089800000, 0x0000000089800000| Untracked 
| 153|0x0000000089900000, 0x0000000089a00000, 0x0000000089a00000|100%| O|  |TAMS 0x0000000089900000, 0x0000000089900000| Untracked 
| 154|0x0000000089a00000, 0x0000000089b00000, 0x0000000089b00000|100%| O|  |TAMS 0x0000000089a00000, 0x0000000089a00000| Untracked 
| 155|0x0000000089b00000, 0x0000000089c00000, 0x0000000089c00000|100%| O|  |TAMS 0x0000000089b00000, 0x0000000089b00000| Untracked 
| 156|0x0000000089c00000, 0x0000000089d00000, 0x0000000089d00000|100%| O|  |TAMS 0x0000000089c00000, 0x0000000089c00000| Untracked 
| 157|0x0000000089d00000, 0x0000000089e00000, 0x0000000089e00000|100%| O|  |TAMS 0x0000000089d00000, 0x0000000089d00000| Untracked 
| 158|0x0000000089e00000, 0x0000000089f00000, 0x0000000089f00000|100%| O|  |TAMS 0x0000000089e00000, 0x0000000089e00000| Untracked 
| 159|0x0000000089f00000, 0x000000008a000000, 0x000000008a000000|100%| O|  |TAMS 0x0000000089f00000, 0x0000000089f00000| Untracked 
| 160|0x000000008a000000, 0x000000008a08aa00, 0x000000008a100000| 54%| O|  |TAMS 0x000000008a000000, 0x000000008a000000| Untracked 
| 161|0x000000008a100000, 0x000000008a100000, 0x000000008a200000|  0%| F|  |TAMS 0x000000008a100000, 0x000000008a100000| Untracked 
| 162|0x000000008a200000, 0x000000008a300000, 0x000000008a300000|100%| O|  |TAMS 0x000000008a200000, 0x000000008a200000| Untracked 
| 163|0x000000008a300000, 0x000000008a400000, 0x000000008a400000|100%| O|  |TAMS 0x000000008a300000, 0x000000008a300000| Untracked 
| 164|0x000000008a400000, 0x000000008a500000, 0x000000008a500000|100%| O|  |TAMS 0x000000008a400000, 0x000000008a400000| Untracked 
| 165|0x000000008a500000, 0x000000008a600000, 0x000000008a600000|100%| O|  |TAMS 0x000000008a500000, 0x000000008a500000| Untracked 
| 166|0x000000008a600000, 0x000000008a700000, 0x000000008a700000|100%| O|  |TAMS 0x000000008a600000, 0x000000008a600000| Untracked 
| 167|0x000000008a700000, 0x000000008a800000, 0x000000008a800000|100%| O|  |TAMS 0x000000008a700000, 0x000000008a700000| Untracked 
| 168|0x000000008a800000, 0x000000008a900000, 0x000000008a900000|100%| O|  |TAMS 0x000000008a800000, 0x000000008a800000| Untracked 
| 169|0x000000008a900000, 0x000000008aa00000, 0x000000008aa00000|100%| O|  |TAMS 0x000000008a900000, 0x000000008a900000| Untracked 
| 170|0x000000008aa00000, 0x000000008ab00000, 0x000000008ab00000|100%| O|  |TAMS 0x000000008aa00000, 0x000000008aa00000| Untracked 
| 171|0x000000008ab00000, 0x000000008ac00000, 0x000000008ac00000|100%| O|  |TAMS 0x000000008ab00000, 0x000000008ab00000| Untracked 
| 172|0x000000008ac00000, 0x000000008ad00000, 0x000000008ad00000|100%| O|  |TAMS 0x000000008ac00000, 0x000000008ac00000| Untracked 
| 173|0x000000008ad00000, 0x000000008ae00000, 0x000000008ae00000|100%| O|  |TAMS 0x000000008ad00000, 0x000000008ad00000| Untracked 
| 174|0x000000008ae00000, 0x000000008af00000, 0x000000008af00000|100%| O|  |TAMS 0x000000008ae00000, 0x000000008ae00000| Untracked 
| 175|0x000000008af00000, 0x000000008b000000, 0x000000008b000000|100%| O|  |TAMS 0x000000008af00000, 0x000000008af00000| Untracked 
| 176|0x000000008b000000, 0x000000008b100000, 0x000000008b100000|100%| O|  |TAMS 0x000000008b000000, 0x000000008b000000| Untracked 
| 177|0x000000008b100000, 0x000000008b200000, 0x000000008b200000|100%| O|  |TAMS 0x000000008b100000, 0x000000008b100000| Untracked 
| 178|0x000000008b200000, 0x000000008b200000, 0x000000008b300000|  0%| F|  |TAMS 0x000000008b200000, 0x000000008b200000| Untracked 
| 179|0x000000008b300000, 0x000000008b300000, 0x000000008b400000|  0%| F|  |TAMS 0x000000008b300000, 0x000000008b300000| Untracked 
| 180|0x000000008b400000, 0x000000008b500000, 0x000000008b500000|100%| O|  |TAMS 0x000000008b400000, 0x000000008b400000| Untracked 
| 181|0x000000008b500000, 0x000000008b600000, 0x000000008b600000|100%| O|  |TAMS 0x000000008b500000, 0x000000008b500000| Untracked 
| 182|0x000000008b600000, 0x000000008b700000, 0x000000008b700000|100%| O|  |TAMS 0x000000008b600000, 0x000000008b600000| Untracked 
| 183|0x000000008b700000, 0x000000008b800000, 0x000000008b800000|100%| O|  |TAMS 0x000000008b700000, 0x000000008b700000| Untracked 
| 184|0x000000008b800000, 0x000000008b900000, 0x000000008b900000|100%| O|  |TAMS 0x000000008b800000, 0x000000008b800000| Untracked 
| 185|0x000000008b900000, 0x000000008ba00000, 0x000000008ba00000|100%| O|  |TAMS 0x000000008b900000, 0x000000008b900000| Untracked 
| 186|0x000000008ba00000, 0x000000008ba00000, 0x000000008bb00000|  0%| F|  |TAMS 0x000000008ba00000, 0x000000008ba00000| Untracked 
| 187|0x000000008bb00000, 0x000000008bb00000, 0x000000008bc00000|  0%| F|  |TAMS 0x000000008bb00000, 0x000000008bb00000| Untracked 
| 188|0x000000008bc00000, 0x000000008bc00000, 0x000000008bd00000|  0%| F|  |TAMS 0x000000008bc00000, 0x000000008bc00000| Untracked 
| 189|0x000000008bd00000, 0x000000008be00000, 0x000000008be00000|100%| O|  |TAMS 0x000000008bd00000, 0x000000008bd00000| Untracked 
| 190|0x000000008be00000, 0x000000008bf00000, 0x000000008bf00000|100%| O|  |TAMS 0x000000008be00000, 0x000000008be00000| Untracked 
| 191|0x000000008bf00000, 0x000000008c000000, 0x000000008c000000|100%| O|  |TAMS 0x000000008bf00000, 0x000000008bf00000| Untracked 
| 192|0x000000008c000000, 0x000000008c100000, 0x000000008c100000|100%| O|  |TAMS 0x000000008c000000, 0x000000008c000000| Untracked 
| 193|0x000000008c100000, 0x000000008c100000, 0x000000008c200000|  0%| F|  |TAMS 0x000000008c100000, 0x000000008c100000| Untracked 
| 194|0x000000008c200000, 0x000000008c200000, 0x000000008c300000|  0%| F|  |TAMS 0x000000008c200000, 0x000000008c200000| Untracked 
| 195|0x000000008c300000, 0x000000008c300000, 0x000000008c400000|  0%| F|  |TAMS 0x000000008c300000, 0x000000008c300000| Untracked 
| 196|0x000000008c400000, 0x000000008c400000, 0x000000008c500000|  0%| F|  |TAMS 0x000000008c400000, 0x000000008c400000| Untracked 
| 197|0x000000008c500000, 0x000000008c500000, 0x000000008c600000|  0%| F|  |TAMS 0x000000008c500000, 0x000000008c500000| Untracked 
| 198|0x000000008c600000, 0x000000008c600000, 0x000000008c700000|  0%| F|  |TAMS 0x000000008c600000, 0x000000008c600000| Untracked 
| 199|0x000000008c700000, 0x000000008c700000, 0x000000008c800000|  0%| F|  |TAMS 0x000000008c700000, 0x000000008c700000| Untracked 
| 200|0x000000008c800000, 0x000000008c800000, 0x000000008c900000|  0%| F|  |TAMS 0x000000008c800000, 0x000000008c800000| Untracked 
| 201|0x000000008c900000, 0x000000008c900000, 0x000000008ca00000|  0%| F|  |TAMS 0x000000008c900000, 0x000000008c900000| Untracked 
| 202|0x000000008ca00000, 0x000000008ca00000, 0x000000008cb00000|  0%| F|  |TAMS 0x000000008ca00000, 0x000000008ca00000| Untracked 
| 203|0x000000008cb00000, 0x000000008cb00000, 0x000000008cc00000|  0%| F|  |TAMS 0x000000008cb00000, 0x000000008cb00000| Untracked 
| 204|0x000000008cc00000, 0x000000008cc00000, 0x000000008cd00000|  0%| F|  |TAMS 0x000000008cc00000, 0x000000008cc00000| Untracked 
| 205|0x000000008cd00000, 0x000000008cd00000, 0x000000008ce00000|  0%| F|  |TAMS 0x000000008cd00000, 0x000000008cd00000| Untracked 
| 206|0x000000008ce00000, 0x000000008ce00000, 0x000000008cf00000|  0%| F|  |TAMS 0x000000008ce00000, 0x000000008ce00000| Untracked 
| 207|0x000000008cf00000, 0x000000008cf00000, 0x000000008d000000|  0%| F|  |TAMS 0x000000008cf00000, 0x000000008cf00000| Untracked 
| 208|0x000000008d000000, 0x000000008d000000, 0x000000008d100000|  0%| F|  |TAMS 0x000000008d000000, 0x000000008d000000| Untracked 
| 209|0x000000008d100000, 0x000000008d100000, 0x000000008d200000|  0%| F|  |TAMS 0x000000008d100000, 0x000000008d100000| Untracked 
| 210|0x000000008d200000, 0x000000008d200000, 0x000000008d300000|  0%| F|  |TAMS 0x000000008d200000, 0x000000008d200000| Untracked 
| 211|0x000000008d300000, 0x000000008d300000, 0x000000008d400000|  0%| F|  |TAMS 0x000000008d300000, 0x000000008d300000| Untracked 
| 212|0x000000008d400000, 0x000000008d400000, 0x000000008d500000|  0%| F|  |TAMS 0x000000008d400000, 0x000000008d400000| Untracked 
| 213|0x000000008d500000, 0x000000008d500000, 0x000000008d600000|  0%| F|  |TAMS 0x000000008d500000, 0x000000008d500000| Untracked 
| 214|0x000000008d600000, 0x000000008d600000, 0x000000008d700000|  0%| F|  |TAMS 0x000000008d600000, 0x000000008d600000| Untracked 
| 215|0x000000008d700000, 0x000000008d700000, 0x000000008d800000|  0%| F|  |TAMS 0x000000008d700000, 0x000000008d700000| Untracked 
| 216|0x000000008d800000, 0x000000008d800000, 0x000000008d900000|  0%| F|  |TAMS 0x000000008d800000, 0x000000008d800000| Untracked 
| 217|0x000000008d900000, 0x000000008d900000, 0x000000008da00000|  0%| F|  |TAMS 0x000000008d900000, 0x000000008d900000| Untracked 
| 218|0x000000008da00000, 0x000000008da00000, 0x000000008db00000|  0%| F|  |TAMS 0x000000008da00000, 0x000000008da00000| Untracked 
| 219|0x000000008db00000, 0x000000008db00000, 0x000000008dc00000|  0%| F|  |TAMS 0x000000008db00000, 0x000000008db00000| Untracked 
| 220|0x000000008dc00000, 0x000000008dcf5e80, 0x000000008dd00000| 96%| S|CS|TAMS 0x000000008dc00000, 0x000000008dc00000| Complete 
| 221|0x000000008dd00000, 0x000000008de00000, 0x000000008de00000|100%| S|CS|TAMS 0x000000008dd00000, 0x000000008dd00000| Complete 
| 222|0x000000008de00000, 0x000000008df00000, 0x000000008df00000|100%| S|CS|TAMS 0x000000008de00000, 0x000000008de00000| Complete 
| 223|0x000000008df00000, 0x000000008df00000, 0x000000008e000000|  0%| F|  |TAMS 0x000000008df00000, 0x000000008df00000| Untracked 
| 224|0x000000008e000000, 0x000000008e000000, 0x000000008e100000|  0%| F|  |TAMS 0x000000008e000000, 0x000000008e000000| Untracked 
| 225|0x000000008e100000, 0x000000008e200000, 0x000000008e200000|100%| S|CS|TAMS 0x000000008e100000, 0x000000008e100000| Complete 
| 226|0x000000008e200000, 0x000000008e300000, 0x000000008e300000|100%| S|CS|TAMS 0x000000008e200000, 0x000000008e200000| Complete 
| 227|0x000000008e300000, 0x000000008e300000, 0x000000008e400000|  0%| F|  |TAMS 0x000000008e300000, 0x000000008e300000| Untracked 
| 228|0x000000008e400000, 0x000000008e400000, 0x000000008e500000|  0%| F|  |TAMS 0x000000008e400000, 0x000000008e400000| Untracked 
| 229|0x000000008e500000, 0x000000008e500000, 0x000000008e600000|  0%| F|  |TAMS 0x000000008e500000, 0x000000008e500000| Untracked 
| 230|0x000000008e600000, 0x000000008e600000, 0x000000008e700000|  0%| F|  |TAMS 0x000000008e600000, 0x000000008e600000| Untracked 
| 231|0x000000008e700000, 0x000000008e700000, 0x000000008e800000|  0%| F|  |TAMS 0x000000008e700000, 0x000000008e700000| Untracked 
| 232|0x000000008e800000, 0x000000008e900000, 0x000000008e900000|100%| S|CS|TAMS 0x000000008e800000, 0x000000008e800000| Complete 
| 233|0x000000008e900000, 0x000000008e900000, 0x000000008ea00000|  0%| F|  |TAMS 0x000000008e900000, 0x000000008e900000| Untracked 
| 234|0x000000008ea00000, 0x000000008ea00000, 0x000000008eb00000|  0%| F|  |TAMS 0x000000008ea00000, 0x000000008ea00000| Untracked 
| 235|0x000000008eb00000, 0x000000008eb00000, 0x000000008ec00000|  0%| F|  |TAMS 0x000000008eb00000, 0x000000008eb00000| Untracked 
| 236|0x000000008ec00000, 0x000000008ec00000, 0x000000008ed00000|  0%| F|  |TAMS 0x000000008ec00000, 0x000000008ec00000| Untracked 
| 237|0x000000008ed00000, 0x000000008ed00000, 0x000000008ee00000|  0%| F|  |TAMS 0x000000008ed00000, 0x000000008ed00000| Untracked 
| 238|0x000000008ee00000, 0x000000008ee00000, 0x000000008ef00000|  0%| F|  |TAMS 0x000000008ee00000, 0x000000008ee00000| Untracked 
| 239|0x000000008ef00000, 0x000000008ef00000, 0x000000008f000000|  0%| F|  |TAMS 0x000000008ef00000, 0x000000008ef00000| Untracked 
| 240|0x000000008f000000, 0x000000008f000000, 0x000000008f100000|  0%| F|  |TAMS 0x000000008f000000, 0x000000008f000000| Untracked 
| 241|0x000000008f100000, 0x000000008f100000, 0x000000008f200000|  0%| F|  |TAMS 0x000000008f100000, 0x000000008f100000| Untracked 
| 242|0x000000008f200000, 0x000000008f200000, 0x000000008f300000|  0%| F|  |TAMS 0x000000008f200000, 0x000000008f200000| Untracked 
| 243|0x000000008f300000, 0x000000008f300000, 0x000000008f400000|  0%| F|  |TAMS 0x000000008f300000, 0x000000008f300000| Untracked 
| 244|0x000000008f400000, 0x000000008f400000, 0x000000008f500000|  0%| F|  |TAMS 0x000000008f400000, 0x000000008f400000| Untracked 
| 245|0x000000008f500000, 0x000000008f500000, 0x000000008f600000|  0%| F|  |TAMS 0x000000008f500000, 0x000000008f500000| Untracked 
| 246|0x000000008f600000, 0x000000008f600000, 0x000000008f700000|  0%| F|  |TAMS 0x000000008f600000, 0x000000008f600000| Untracked 
| 247|0x000000008f700000, 0x000000008f700000, 0x000000008f800000|  0%| F|  |TAMS 0x000000008f700000, 0x000000008f700000| Untracked 
| 248|0x000000008f800000, 0x000000008f800000, 0x000000008f900000|  0%| F|  |TAMS 0x000000008f800000, 0x000000008f800000| Untracked 
| 249|0x000000008f900000, 0x000000008f900000, 0x000000008fa00000|  0%| F|  |TAMS 0x000000008f900000, 0x000000008f900000| Untracked 
| 250|0x000000008fa00000, 0x000000008fa00000, 0x000000008fb00000|  0%| F|  |TAMS 0x000000008fa00000, 0x000000008fa00000| Untracked 
| 251|0x000000008fb00000, 0x000000008fb00000, 0x000000008fc00000|  0%| F|  |TAMS 0x000000008fb00000, 0x000000008fb00000| Untracked 
| 252|0x000000008fc00000, 0x000000008fc00000, 0x000000008fd00000|  0%| F|  |TAMS 0x000000008fc00000, 0x000000008fc00000| Untracked 
| 253|0x000000008fd00000, 0x000000008fd00000, 0x000000008fe00000|  0%| F|  |TAMS 0x000000008fd00000, 0x000000008fd00000| Untracked 
| 254|0x000000008fe00000, 0x000000008fe00000, 0x000000008ff00000|  0%| F|  |TAMS 0x000000008fe00000, 0x000000008fe00000| Untracked 
| 255|0x000000008ff00000, 0x000000008ff00000, 0x0000000090000000|  0%| F|  |TAMS 0x000000008ff00000, 0x000000008ff00000| Untracked 
| 256|0x0000000090000000, 0x0000000090000000, 0x0000000090100000|  0%| F|  |TAMS 0x0000000090000000, 0x0000000090000000| Untracked 
| 257|0x0000000090100000, 0x0000000090100000, 0x0000000090200000|  0%| F|  |TAMS 0x0000000090100000, 0x0000000090100000| Untracked 
| 258|0x0000000090200000, 0x0000000090200000, 0x0000000090300000|  0%| F|  |TAMS 0x0000000090200000, 0x0000000090200000| Untracked 
| 259|0x0000000090300000, 0x0000000090300000, 0x0000000090400000|  0%| F|  |TAMS 0x0000000090300000, 0x0000000090300000| Untracked 
| 260|0x0000000090400000, 0x0000000090400000, 0x0000000090500000|  0%| F|  |TAMS 0x0000000090400000, 0x0000000090400000| Untracked 
| 261|0x0000000090500000, 0x0000000090500000, 0x0000000090600000|  0%| F|  |TAMS 0x0000000090500000, 0x0000000090500000| Untracked 
| 262|0x0000000090600000, 0x0000000090600000, 0x0000000090700000|  0%| F|  |TAMS 0x0000000090600000, 0x0000000090600000| Untracked 
| 263|0x0000000090700000, 0x0000000090700000, 0x0000000090800000|  0%| F|  |TAMS 0x0000000090700000, 0x0000000090700000| Untracked 
| 264|0x0000000090800000, 0x0000000090800000, 0x0000000090900000|  0%| F|  |TAMS 0x0000000090800000, 0x0000000090800000| Untracked 
| 265|0x0000000090900000, 0x0000000090900000, 0x0000000090a00000|  0%| F|  |TAMS 0x0000000090900000, 0x0000000090900000| Untracked 
| 266|0x0000000090a00000, 0x0000000090a00000, 0x0000000090b00000|  0%| F|  |TAMS 0x0000000090a00000, 0x0000000090a00000| Untracked 
| 267|0x0000000090b00000, 0x0000000090b00000, 0x0000000090c00000|  0%| F|  |TAMS 0x0000000090b00000, 0x0000000090b00000| Untracked 
| 268|0x0000000090c00000, 0x0000000090c00000, 0x0000000090d00000|  0%| F|  |TAMS 0x0000000090c00000, 0x0000000090c00000| Untracked 
| 269|0x0000000090d00000, 0x0000000090d00000, 0x0000000090e00000|  0%| F|  |TAMS 0x0000000090d00000, 0x0000000090d00000| Untracked 
| 270|0x0000000090e00000, 0x0000000090e00000, 0x0000000090f00000|  0%| F|  |TAMS 0x0000000090e00000, 0x0000000090e00000| Untracked 
| 271|0x0000000090f00000, 0x0000000090f00000, 0x0000000091000000|  0%| F|  |TAMS 0x0000000090f00000, 0x0000000090f00000| Untracked 
| 272|0x0000000091000000, 0x0000000091000000, 0x0000000091100000|  0%| F|  |TAMS 0x0000000091000000, 0x0000000091000000| Untracked 
| 273|0x0000000091100000, 0x0000000091100000, 0x0000000091200000|  0%| F|  |TAMS 0x0000000091100000, 0x0000000091100000| Untracked 
| 274|0x0000000091200000, 0x0000000091200000, 0x0000000091300000|  0%| F|  |TAMS 0x0000000091200000, 0x0000000091200000| Untracked 
| 275|0x0000000091300000, 0x0000000091300000, 0x0000000091400000|  0%| F|  |TAMS 0x0000000091300000, 0x0000000091300000| Untracked 
| 276|0x0000000091400000, 0x0000000091400000, 0x0000000091500000|  0%| F|  |TAMS 0x0000000091400000, 0x0000000091400000| Untracked 
| 277|0x0000000091500000, 0x0000000091500000, 0x0000000091600000|  0%| F|  |TAMS 0x0000000091500000, 0x0000000091500000| Untracked 
| 278|0x0000000091600000, 0x0000000091631340, 0x0000000091700000| 19%| E|  |TAMS 0x0000000091600000, 0x0000000091600000| Complete 
| 279|0x0000000091700000, 0x0000000091800000, 0x0000000091800000|100%| E|CS|TAMS 0x0000000091700000, 0x0000000091700000| Complete 
| 280|0x0000000091800000, 0x0000000091900000, 0x0000000091900000|100%| E|CS|TAMS 0x0000000091800000, 0x0000000091800000| Complete 
| 281|0x0000000091900000, 0x0000000091a00000, 0x0000000091a00000|100%| E|CS|TAMS 0x0000000091900000, 0x0000000091900000| Complete 
| 282|0x0000000091a00000, 0x0000000091b00000, 0x0000000091b00000|100%| E|CS|TAMS 0x0000000091a00000, 0x0000000091a00000| Complete 
| 283|0x0000000091b00000, 0x0000000091c00000, 0x0000000091c00000|100%| E|CS|TAMS 0x0000000091b00000, 0x0000000091b00000| Complete 

Card table byte_map: [0x000002a655f50000,0x000002a656350000] _byte_map_base: 0x000002a655b50000

Marking Bits (Prev, Next): (CMBitMap*) 0x000002a63f0b9210, (CMBitMap*) 0x000002a63f0b91d0
 Prev Bits: [0x000002a658750000, 0x000002a65a750000)
 Next Bits: [0x000002a656750000, 0x000002a658750000)

Polling page: 0x000002a63cff0000

Metaspace:

Usage:
  Non-class:     86.78 MB used.
      Class:     13.88 MB used.
       Both:    100.66 MB used.

Virtual space:
  Non-class space:      128.00 MB reserved,      87.38 MB ( 68%) committed,  2 nodes.
      Class space:      416.00 MB reserved,      14.44 MB (  3%) committed,  1 nodes.
             Both:      544.00 MB reserved,     101.81 MB ( 19%) committed. 

Chunk freelists:
   Non-Class:  8.26 MB
       Class:  1.49 MB
        Both:  9.75 MB

MaxMetaspaceSize: 512.00 MB
CompressedClassSpaceSize: 416.00 MB
Initial GC threshold: 21.00 MB
Current GC threshold: 124.38 MB
CDS: on
MetaspaceReclaimPolicy: balanced
 - commit_granule_bytes: 65536.
 - commit_granule_words: 8192.
 - virtual_space_node_default_size: 8388608.
 - enlarge_chunks_in_place: 1.
 - new_chunks_are_fully_committed: 0.
 - uncommit_free_chunks: 1.
 - use_allocation_guard: 0.
 - handle_deallocations: 1.


Internal statistics:

num_allocs_failed_limit: 6.
num_arena_births: 1594.
num_arena_deaths: 0.
num_vsnodes_births: 3.
num_vsnodes_deaths: 0.
num_space_committed: 1628.
num_space_uncommitted: 0.
num_chunks_returned_to_freelist: 6.
num_chunks_taken_from_freelist: 6238.
num_chunk_merges: 6.
num_chunk_splits: 3924.
num_chunks_enlarged: 2381.
num_inconsistent_stats: 0.

CodeHeap 'non-profiled nmethods': size=120000Kb used=9772Kb max_used=9772Kb free=110227Kb
 bounds [0x000002a64e620000, 0x000002a64efb0000, 0x000002a655b50000]
CodeHeap 'profiled nmethods': size=120000Kb used=30283Kb max_used=30283Kb free=89716Kb
 bounds [0x000002a646b50000, 0x000002a6488f0000, 0x000002a64e080000]
CodeHeap 'non-nmethods': size=5760Kb used=2402Kb max_used=2470Kb free=3357Kb
 bounds [0x000002a64e080000, 0x000002a64e300000, 0x000002a64e620000]
 total_blobs=16223 nmethods=15286 adapters=849
 compilation: enabled
              stopped_count=0, restarted_count=0
 full_count=0

Compilation events (20 events):
Event: 1403.526 Thread 0x000002a65cc267b0 nmethod 17556 0x000002a64efa0b90 code [0x000002a64efa0d20, 0x000002a64efa0e08]
Event: 1403.534 Thread 0x000002a65cc20ea0 17557       3       org.gradle.internal.logging.sink.OutputEventTransformer::onOutput (369 bytes)
Event: 1403.536 Thread 0x000002a65cc267b0 17558   !   4       org.gradle.cache.internal.ExclusiveCacheAccessingWorker::addToQueue (37 bytes)
Event: 1403.537 Thread 0x000002a65cc20ea0 nmethod 17557 0x000002a6488cc790 code [0x000002a6488ccc00, 0x000002a6488cf8c8]
Event: 1403.538 Thread 0x000002a65cc267b0 nmethod 17558 0x000002a64efa0f90 code [0x000002a64efa1140, 0x000002a64efa1278]
Event: 1403.538 Thread 0x000002a65cc267b0 17559       4       sun.nio.fs.WindowsPath::getFileSystem (5 bytes)
Event: 1403.539 Thread 0x000002a65cc267b0 nmethod 17559 0x000002a64efa1410 code [0x000002a64efa1580, 0x000002a64efa15f8]
Event: 1403.541 Thread 0x000002a65cc267b0 17560   !   4       org.gradle.cache.internal.DefaultMultiProcessSafeIndexedCache::getIfPresent (25 bytes)
Event: 1403.556 Thread 0x000002a65cc20ea0 17565       1       org.gradle.api.internal.initialization.RootClassLoaderScope::getLocalClassLoader (5 bytes)
Event: 1403.557 Thread 0x000002a65cc20ea0 nmethod 17565 0x000002a64efa1710 code [0x000002a64efa18a0, 0x000002a64efa1978]
Event: 1403.585 Thread 0x000002a65cc20ea0 17567       1       com.google.common.cache.LocalCache$WeakEntry::getValueReference (5 bytes)
Event: 1403.585 Thread 0x000002a65cc20ea0 nmethod 17567 0x000002a64efa1a10 code [0x000002a64efa1ba0, 0x000002a64efa1c78]
Event: 1403.594 Thread 0x000002a60889eb70 nmethod 17529 0x000002a64efa1d10 code [0x000002a64efa2080, 0x000002a64efa4918]
Event: 1403.594 Thread 0x000002a60889eb70 17562       4       org.gradle.internal.snapshot.VfsRelativePath::compareToFirstSegment (203 bytes)
Event: 1403.594 Thread 0x000002a65cc20ea0 17568       3       com.google.common.cache.LocalCache$EntryFactory$1::newEntry (12 bytes)
Event: 1403.595 Thread 0x000002a65cc20ea0 nmethod 17568 0x000002a6488d0290 code [0x000002a6488d0460, 0x000002a6488d0878]
Event: 1403.599 Thread 0x000002a65cc20ea0 17569       3       org.gradle.cache.Cache::get (14 bytes)
Event: 1403.600 Thread 0x000002a65cc20ea0 nmethod 17569 0x000002a6488d0a10 code [0x000002a6488d0c20, 0x000002a6488d12b8]
Event: 1403.608 Thread 0x000002a65cc20ea0 17570       3       org.gradle.internal.instantiation.generator.DependencyInjectingInstantiator::addServicesToParameters (349 bytes)
Event: 1403.614 Thread 0x000002a65cc20ea0 nmethod 17570 0x000002a6488d1510 code [0x000002a6488d19c0, 0x000002a6488d4148]

GC Heap History (20 events):
Event: 80.137 GC heap before
{Heap before GC invocations=47 (full 0):
 garbage-first heap   total 290816K, used 227328K [0x0000000080000000, 0x0000000100000000)
  region size 1024K, 86 young (88064K), 7 survivors (7168K)
 Metaspace       used 97399K, committed 98368K, reserved 557056K
  class space    used 13608K, committed 14080K, reserved 425984K
}
Event: 80.168 GC heap after
{Heap after GC invocations=48 (full 0):
 garbage-first heap   total 290816K, used 154817K [0x0000000080000000, 0x0000000100000000)
  region size 1024K, 9 young (9216K), 9 survivors (9216K)
 Metaspace       used 97399K, committed 98368K, reserved 557056K
  class space    used 13608K, committed 14080K, reserved 425984K
}
Event: 82.217 GC heap before
{Heap before GC invocations=48 (full 0):
 garbage-first heap   total 290816K, used 230593K [0x0000000080000000, 0x0000000100000000)
  region size 1024K, 84 young (86016K), 9 survivors (9216K)
 Metaspace       used 98675K, committed 99712K, reserved 557056K
  class space    used 13774K, committed 14272K, reserved 425984K
}
Event: 82.248 GC heap after
{Heap after GC invocations=49 (full 0):
 garbage-first heap   total 290816K, used 161790K [0x0000000080000000, 0x0000000100000000)
  region size 1024K, 7 young (7168K), 7 survivors (7168K)
 Metaspace       used 98675K, committed 99712K, reserved 557056K
  class space    used 13774K, committed 14272K, reserved 425984K
}
Event: 84.176 GC heap before
{Heap before GC invocations=49 (full 0):
 garbage-first heap   total 290816K, used 234494K [0x0000000080000000, 0x0000000100000000)
  region size 1024K, 79 young (80896K), 7 survivors (7168K)
 Metaspace       used 98993K, committed 100032K, reserved 557056K
  class space    used 13824K, committed 14272K, reserved 425984K
}
Event: 84.202 GC heap after
{Heap after GC invocations=50 (full 0):
 garbage-first heap   total 290816K, used 168272K [0x0000000080000000, 0x0000000100000000)
  region size 1024K, 7 young (7168K), 7 survivors (7168K)
 Metaspace       used 98993K, committed 100032K, reserved 557056K
  class space    used 13824K, committed 14272K, reserved 425984K
}
Event: 87.396 GC heap before
{Heap before GC invocations=50 (full 0):
 garbage-first heap   total 290816K, used 245072K [0x0000000080000000, 0x0000000100000000)
  region size 1024K, 75 young (76800K), 7 survivors (7168K)
 Metaspace       used 99306K, committed 100352K, reserved 557056K
  class space    used 13842K, committed 14336K, reserved 425984K
}
Event: 87.437 GC heap after
{Heap after GC invocations=51 (full 0):
 garbage-first heap   total 290816K, used 174571K [0x0000000080000000, 0x0000000100000000)
  region size 1024K, 7 young (7168K), 7 survivors (7168K)
 Metaspace       used 99306K, committed 100352K, reserved 557056K
  class space    used 13842K, committed 14336K, reserved 425984K
}
Event: 89.422 GC heap before
{Heap before GC invocations=51 (full 0):
 garbage-first heap   total 290816K, used 255467K [0x0000000080000000, 0x0000000100000000)
  region size 1024K, 71 young (72704K), 7 survivors (7168K)
 Metaspace       used 99442K, committed 100480K, reserved 557056K
  class space    used 13859K, committed 14336K, reserved 425984K
}
Event: 89.445 GC heap after
{Heap after GC invocations=52 (full 0):
 garbage-first heap   total 290816K, used 179801K [0x0000000080000000, 0x0000000100000000)
  region size 1024K, 6 young (6144K), 6 survivors (6144K)
 Metaspace       used 99442K, committed 100480K, reserved 557056K
  class space    used 13859K, committed 14336K, reserved 425984K
}
Event: 91.394 GC heap before
{Heap before GC invocations=52 (full 0):
 garbage-first heap   total 290816K, used 245337K [0x0000000080000000, 0x0000000100000000)
  region size 1024K, 67 young (68608K), 6 survivors (6144K)
 Metaspace       used 99711K, committed 100864K, reserved 557056K
  class space    used 13893K, committed 14400K, reserved 425984K
}
Event: 91.416 GC heap after
{Heap after GC invocations=53 (full 0):
 garbage-first heap   total 290816K, used 184094K [0x0000000080000000, 0x0000000100000000)
  region size 1024K, 5 young (5120K), 5 survivors (5120K)
 Metaspace       used 99711K, committed 100864K, reserved 557056K
  class space    used 13893K, committed 14400K, reserved 425984K
}
Event: 92.547 GC heap before
{Heap before GC invocations=53 (full 0):
 garbage-first heap   total 290816K, used 247582K [0x0000000080000000, 0x0000000100000000)
  region size 1024K, 64 young (65536K), 5 survivors (5120K)
 Metaspace       used 99847K, committed 100992K, reserved 557056K
  class space    used 13905K, committed 14400K, reserved 425984K
}
Event: 92.568 GC heap after
{Heap after GC invocations=54 (full 0):
 garbage-first heap   total 290816K, used 188084K [0x0000000080000000, 0x0000000100000000)
  region size 1024K, 4 young (4096K), 4 survivors (4096K)
 Metaspace       used 99847K, committed 100992K, reserved 557056K
  class space    used 13905K, committed 14400K, reserved 425984K
}
Event: 93.566 GC heap before
{Heap before GC invocations=54 (full 0):
 garbage-first heap   total 290816K, used 253620K [0x0000000080000000, 0x0000000100000000)
  region size 1024K, 61 young (62464K), 4 survivors (4096K)
 Metaspace       used 99893K, committed 100992K, reserved 557056K
  class space    used 13909K, committed 14400K, reserved 425984K
}
Event: 93.579 GC heap after
{Heap after GC invocations=55 (full 0):
 garbage-first heap   total 290816K, used 195303K [0x0000000080000000, 0x0000000100000000)
  region size 1024K, 7 young (7168K), 7 survivors (7168K)
 Metaspace       used 99893K, committed 100992K, reserved 557056K
  class space    used 13909K, committed 14400K, reserved 425984K
}
Event: 101.171 GC heap before
{Heap before GC invocations=55 (full 0):
 garbage-first heap   total 290816K, used 252647K [0x0000000080000000, 0x0000000100000000)
  region size 1024K, 59 young (60416K), 7 survivors (7168K)
 Metaspace       used 102451K, committed 103616K, reserved 557056K
  class space    used 14174K, committed 14720K, reserved 425984K
}
Event: 101.193 GC heap after
{Heap after GC invocations=56 (full 0):
 garbage-first heap   total 290816K, used 195244K [0x0000000080000000, 0x0000000100000000)
  region size 1024K, 8 young (8192K), 8 survivors (8192K)
 Metaspace       used 102451K, committed 103616K, reserved 557056K
  class space    used 14174K, committed 14720K, reserved 425984K
}
Event: 1403.211 GC heap before
{Heap before GC invocations=56 (full 0):
 garbage-first heap   total 290816K, used 246444K [0x0000000080000000, 0x0000000100000000)
  region size 1024K, 59 young (60416K), 8 survivors (8192K)
 Metaspace       used 103031K, committed 104192K, reserved 557056K
  class space    used 14213K, committed 14784K, reserved 425984K
}
Event: 1403.331 GC heap after
{Heap after GC invocations=57 (full 0):
 garbage-first heap   total 290816K, used 197122K [0x0000000080000000, 0x0000000100000000)
  region size 1024K, 6 young (6144K), 6 survivors (6144K)
 Metaspace       used 103031K, committed 104192K, reserved 557056K
  class space    used 14213K, committed 14784K, reserved 425984K
}

Dll operation events (14 events):
Event: 0.030 Loaded shared library C:\Program Files\Microsoft\jdk-17.0.8.7-hotspot\bin\java.dll
Event: 0.067 Loaded shared library C:\Program Files\Microsoft\jdk-17.0.8.7-hotspot\bin\jsvml.dll
Event: 0.207 Loaded shared library C:\Program Files\Microsoft\jdk-17.0.8.7-hotspot\bin\zip.dll
Event: 0.216 Loaded shared library C:\Program Files\Microsoft\jdk-17.0.8.7-hotspot\bin\instrument.dll
Event: 0.227 Loaded shared library C:\Program Files\Microsoft\jdk-17.0.8.7-hotspot\bin\net.dll
Event: 0.231 Loaded shared library C:\Program Files\Microsoft\jdk-17.0.8.7-hotspot\bin\nio.dll
Event: 0.240 Loaded shared library C:\Program Files\Microsoft\jdk-17.0.8.7-hotspot\bin\zip.dll
Event: 0.622 Loaded shared library C:\Program Files\Microsoft\jdk-17.0.8.7-hotspot\bin\jimage.dll
Event: 0.770 Loaded shared library C:\Program Files\Microsoft\jdk-17.0.8.7-hotspot\bin\verify.dll
Event: 1.107 Loaded shared library C:\Users\anura\.gradle\native\68d5fa5c4cc2d200863cafc0d521ce42e7d3e7ee720ec0a83991735586a16f82\windows-amd64\native-platform.dll
Event: 1.123 Loaded shared library C:\Users\anura\.gradle\native\e376f236ea51e6404a007f0833ffe2c6e607c4080706a723a18a27aeea778392\windows-amd64\native-platform-file-events.dll
Event: 3.272 Loaded shared library C:\Program Files\Microsoft\jdk-17.0.8.7-hotspot\bin\management.dll
Event: 3.277 Loaded shared library C:\Program Files\Microsoft\jdk-17.0.8.7-hotspot\bin\management_ext.dll
Event: 4.528 Loaded shared library C:\Program Files\Microsoft\jdk-17.0.8.7-hotspot\bin\sunmscapi.dll

Deoptimization events (20 events):
Event: 1403.158 Thread 0x000002a602158ed0 Uncommon trap: trap_request=0xffffffc6 fr.pc=0x000002a64edb91a0 relative=0x0000000000000840
Event: 1403.158 Thread 0x000002a602158ed0 Uncommon trap: reason=bimorphic_or_optimized_type_check action=maybe_recompile pc=0x000002a64edb91a0 method=java.security.MessageDigest$Delegate.clone()Ljava/lang/Object; @ 15 c2
Event: 1403.158 Thread 0x000002a602158ed0 DEOPT PACKING pc=0x000002a64edb91a0 sp=0x000000c3fa5fa2a0
Event: 1403.158 Thread 0x000002a602158ed0 DEOPT UNPACKING pc=0x000002a64e0d69a3 sp=0x000000c3fa5fa270 mode 2
Event: 1403.159 Thread 0x000002a602158ed0 Uncommon trap: trap_request=0xffffff45 fr.pc=0x000002a64ecd414c relative=0x000000000000040c
Event: 1403.159 Thread 0x000002a602158ed0 Uncommon trap: reason=unstable_if action=reinterpret pc=0x000002a64ecd414c method=org.gradle.internal.hash.HashCode.fromBytes([BLorg/gradle/internal/hash/HashCode$Usage;)Lorg/gradle/internal/hash/HashCode; @ 47 c2
Event: 1403.159 Thread 0x000002a602158ed0 DEOPT PACKING pc=0x000002a64ecd414c sp=0x000000c3fa5fa2e0
Event: 1403.159 Thread 0x000002a602158ed0 DEOPT UNPACKING pc=0x000002a64e0d69a3 sp=0x000000c3fa5fa288 mode 2
Event: 1403.161 Thread 0x000002a602158ed0 Uncommon trap: trap_request=0xffffffc6 fr.pc=0x000002a64edb91a0 relative=0x0000000000000840
Event: 1403.161 Thread 0x000002a602158ed0 Uncommon trap: reason=bimorphic_or_optimized_type_check action=maybe_recompile pc=0x000002a64edb91a0 method=java.security.MessageDigest$Delegate.clone()Ljava/lang/Object; @ 15 c2
Event: 1403.161 Thread 0x000002a602158ed0 DEOPT PACKING pc=0x000002a64edb91a0 sp=0x000000c3fa5f9de0
Event: 1403.161 Thread 0x000002a602158ed0 DEOPT UNPACKING pc=0x000002a64e0d69a3 sp=0x000000c3fa5f9db0 mode 2
Event: 1403.365 Thread 0x000002a602158ed0 Uncommon trap: trap_request=0xffffffc6 fr.pc=0x000002a64ee04654 relative=0x0000000000007314
Event: 1403.365 Thread 0x000002a602158ed0 Uncommon trap: reason=bimorphic_or_optimized_type_check action=maybe_recompile pc=0x000002a64ee04654 method=org.gradle.api.internal.artifacts.ivyservice.ivyresolve.RepositoryChainArtifactResolver.resolveArtifact(Lorg/gradle/internal/component/model/Compon
Event: 1403.365 Thread 0x000002a602158ed0 DEOPT PACKING pc=0x000002a64ee04654 sp=0x000000c3fa5f7fe0
Event: 1403.366 Thread 0x000002a602158ed0 DEOPT UNPACKING pc=0x000002a64e0d69a3 sp=0x000000c3fa5f7c58 mode 2
Event: 1403.525 Thread 0x000002a602158ed0 Uncommon trap: trap_request=0xffffffc6 fr.pc=0x000002a64ee04654 relative=0x0000000000007314
Event: 1403.525 Thread 0x000002a602158ed0 Uncommon trap: reason=bimorphic_or_optimized_type_check action=maybe_recompile pc=0x000002a64ee04654 method=org.gradle.api.internal.artifacts.ivyservice.ivyresolve.RepositoryChainArtifactResolver.resolveArtifact(Lorg/gradle/internal/component/model/Compon
Event: 1403.526 Thread 0x000002a602158ed0 DEOPT PACKING pc=0x000002a64ee04654 sp=0x000000c3fa5f8430
Event: 1403.526 Thread 0x000002a602158ed0 DEOPT UNPACKING pc=0x000002a64e0d69a3 sp=0x000000c3fa5f80a8 mode 2

Classes unloaded (0 events):
No events

Classes redefined (0 events):
No events

Internal exceptions (20 events):
Event: 95.638 Thread 0x000002a67df83e10 Exception <a 'java/lang/NoSuchMethodError'{0x000000008fab0298}: 'java.lang.Object java.lang.invoke.DirectMethodHandle$Holder.invokeSpecial(java.lang.Object, java.lang.Object, java.lang.Object, java.lang.Object, int, java.lang.Object)'> (0x000000008fab0298) 
thrown [s\src\hotspot\share\interpreter\linkResolver.cpp, line 759]
Event: 95.638 Thread 0x000002a67df83e10 Exception <a 'java/lang/NoSuchMethodError'{0x000000008fab4a58}: 'java.lang.Object java.lang.invoke.Invokers$Holder.invokeExact_MT(java.lang.Object, java.lang.Object, java.lang.Object, int, java.lang.Object, java.lang.Object)'> (0x000000008fab4a58) 
thrown [s\src\hotspot\share\interpreter\linkResolver.cpp, line 759]
Event: 96.042 Thread 0x000002a67df83e10 Exception <a 'java/lang/NoSuchMethodError'{0x000000008f0aec08}: 'void java.lang.invoke.DirectMethodHandle$Holder.invokeStatic(java.lang.Object, java.lang.Object, java.lang.Object, int, java.lang.Object, java.lang.Object, java.lang.Object)'> (0x000000008f0aec08) 
thrown [s\src\hotspot\share\interpreter\linkResolver.cpp, line 759]
Event: 101.313 Thread 0x000002a67d313880 Implicit null exception at 0x000002a64eb8b08f to 0x000002a64eb8b0dc
Event: 101.356 Thread 0x000002a67d313880 Implicit null exception at 0x000002a64eb82b54 to 0x000002a64eb82c8c
Event: 1395.369 Thread 0x000002a602158ed0 Implicit null exception at 0x000002a64eeffb8a to 0x000002a64ef00cd8
Event: 1395.748 Thread 0x000002a602158ed0 Exception <a 'sun/nio/fs/WindowsException'{0x000000008f6d4b10}> (0x000000008f6d4b10) 
thrown [s\src\hotspot\share\prims\jni.cpp, line 516]
Event: 1395.751 Thread 0x000002a602158ed0 Exception <a 'sun/nio/fs/WindowsException'{0x000000008f6d6098}> (0x000000008f6d6098) 
thrown [s\src\hotspot\share\prims\jni.cpp, line 516]
Event: 1395.752 Thread 0x000002a602158ed0 Exception <a 'sun/nio/fs/WindowsException'{0x000000008f6d7620}> (0x000000008f6d7620) 
thrown [s\src\hotspot\share\prims\jni.cpp, line 516]
Event: 1395.754 Thread 0x000002a602158ed0 Exception <a 'sun/nio/fs/WindowsException'{0x000000008f6d8b88}> (0x000000008f6d8b88) 
thrown [s\src\hotspot\share\prims\jni.cpp, line 516]
Event: 1402.702 Thread 0x000002a602158ed0 Exception <a 'sun/nio/fs/WindowsException'{0x000000008f423cd8}> (0x000000008f423cd8) 
thrown [s\src\hotspot\share\prims\jni.cpp, line 516]
Event: 1402.708 Thread 0x000002a602158ed0 Exception <a 'sun/nio/fs/WindowsException'{0x000000008f425508}> (0x000000008f425508) 
thrown [s\src\hotspot\share\prims\jni.cpp, line 516]
Event: 1402.711 Thread 0x000002a602158ed0 Exception <a 'sun/nio/fs/WindowsException'{0x000000008f426d38}> (0x000000008f426d38) 
thrown [s\src\hotspot\share\prims\jni.cpp, line 516]
Event: 1402.713 Thread 0x000002a602158ed0 Exception <a 'sun/nio/fs/WindowsException'{0x000000008f428548}> (0x000000008f428548) 
thrown [s\src\hotspot\share\prims\jni.cpp, line 516]
Event: 1403.110 Thread 0x000002a602158ed0 Exception <a 'sun/nio/fs/WindowsException'{0x000000008e9220a8}> (0x000000008e9220a8) 
thrown [s\src\hotspot\share\prims\jni.cpp, line 516]
Event: 1403.110 Thread 0x000002a602158ed0 Exception <a 'sun/nio/fs/WindowsException'{0x000000008e9223d8}> (0x000000008e9223d8) 
thrown [s\src\hotspot\share\prims\jni.cpp, line 516]
Event: 1403.111 Thread 0x000002a602158ed0 Exception <a 'sun/nio/fs/WindowsException'{0x000000008e925170}> (0x000000008e925170) 
thrown [s\src\hotspot\share\prims\jni.cpp, line 516]
Event: 1403.111 Thread 0x000002a602158ed0 Exception <a 'sun/nio/fs/WindowsException'{0x000000008e9255a0}> (0x000000008e9255a0) 
thrown [s\src\hotspot\share\prims\jni.cpp, line 516]
Event: 1403.113 Thread 0x000002a602158ed0 Exception <a 'sun/nio/fs/WindowsException'{0x000000008e92a838}> (0x000000008e92a838) 
thrown [s\src\hotspot\share\prims\jni.cpp, line 516]
Event: 1403.113 Thread 0x000002a602158ed0 Exception <a 'sun/nio/fs/WindowsException'{0x000000008e92ac68}> (0x000000008e92ac68) 
thrown [s\src\hotspot\share\prims\jni.cpp, line 516]

VM Operations (20 events):
Event: 1164.608 Executing VM operation: Cleanup
Event: 1164.609 Executing VM operation: Cleanup done
Event: 1184.785 Executing VM operation: Cleanup
Event: 1184.785 Executing VM operation: Cleanup done
Event: 1264.431 Executing VM operation: Cleanup
Event: 1264.431 Executing VM operation: Cleanup done
Event: 1294.694 Executing VM operation: Cleanup
Event: 1294.694 Executing VM operation: Cleanup done
Event: 1395.470 Executing VM operation: Cleanup
Event: 1395.470 Executing VM operation: Cleanup done
Event: 1396.478 Executing VM operation: Cleanup
Event: 1396.478 Executing VM operation: Cleanup done
Event: 1397.492 Executing VM operation: Cleanup
Event: 1397.492 Executing VM operation: Cleanup done
Event: 1400.530 Executing VM operation: Cleanup
Event: 1400.530 Executing VM operation: Cleanup done
Event: 1403.160 Executing VM operation: ICBufferFull
Event: 1403.161 Executing VM operation: ICBufferFull done
Event: 1403.211 Executing VM operation: G1CollectForAllocation
Event: 1403.331 Executing VM operation: G1CollectForAllocation done

Events (20 events):
Event: 1395.275 loading class jdk/internal/math/FormattedFloatingDecimal$1
Event: 1395.276 loading class jdk/internal/math/FormattedFloatingDecimal$1 done
Event: 1395.286 loading class jdk/internal/math/FormattedFloatingDecimal$2
Event: 1395.287 loading class jdk/internal/math/FormattedFloatingDecimal$2 done
Event: 1395.298 Thread 0x000002a6018dbc40 Thread added: 0x000002a6018dbc40
Event: 1395.300 Thread 0x000002a601ae09b0 Thread added: 0x000002a601ae09b0
Event: 1395.391 Thread 0x000002a60889d0e0 Thread added: 0x000002a60889d0e0
Event: 1395.632 Thread 0x000002a601ae04a0 Thread added: 0x000002a601ae04a0
Event: 1395.649 Thread 0x000002a601ae13d0 Thread added: 0x000002a601ae13d0
Event: 1395.660 Thread 0x000002a601ae18e0 Thread added: 0x000002a601ae18e0
Event: 1395.688 Thread 0x000002a6018dc150 Thread added: 0x000002a6018dc150
Event: 1402.610 Thread 0x000002a60889d0e0 Thread exited: 0x000002a60889d0e0
Event: 1402.883 Thread 0x000002a60889eb70 Thread added: 0x000002a60889eb70
Event: 1402.887 Thread 0x000002a6018dd590 Thread added: 0x000002a6018dd590
Event: 1402.888 Thread 0x000002a6018dcb70 Thread added: 0x000002a6018dcb70
Event: 1403.037 Thread 0x000002a601ae2300 Thread added: 0x000002a601ae2300
Event: 1403.382 Thread 0x000002a60257b760 Thread added: 0x000002a60257b760
Event: 1403.528 Thread 0x000002a60257ea00 Thread added: 0x000002a60257ea00
Event: 1403.528 Thread 0x000002a60257c690 Thread added: 0x000002a60257c690
Event: 1403.528 Thread 0x000002a60257e4f0 Thread added: 0x000002a60257e4f0


Dynamic libraries:
0x00007ff6622f0000 - 0x00007ff6622fe000 	C:\Program Files\Microsoft\jdk-17.0.8.7-hotspot\bin\java.exe
0x00007ffc784b0000 - 0x00007ffc786c7000 	C:\WINDOWS\SYSTEM32\ntdll.dll
0x00007ffc77a90000 - 0x00007ffc77b54000 	C:\WINDOWS\System32\KERNEL32.DLL
0x00007ffc75810000 - 0x00007ffc75bb7000 	C:\WINDOWS\System32\KERNELBASE.dll
0x00007ffc75e80000 - 0x00007ffc75f91000 	C:\WINDOWS\System32\ucrtbase.dll
0x00007ffc613b0000 - 0x00007ffc613cb000 	C:\Program Files\Microsoft\jdk-17.0.8.7-hotspot\bin\VCRUNTIME140.dll
0x00007ffc67a30000 - 0x00007ffc67a47000 	C:\Program Files\Microsoft\jdk-17.0.8.7-hotspot\bin\jli.dll
0x00007ffc78120000 - 0x00007ffc782cd000 	C:\WINDOWS\System32\USER32.dll
0x00007ffc75c40000 - 0x00007ffc75c66000 	C:\WINDOWS\System32\win32u.dll
0x00007ffc61b20000 - 0x00007ffc61db3000 	C:\WINDOWS\WinSxS\amd64_microsoft.windows.common-controls_6595b64144ccf1df_6.0.23619.1000_none_f3a84a30daf470f8\COMCTL32.dll
0x00007ffc78440000 - 0x00007ffc78469000 	C:\WINDOWS\System32\GDI32.dll
0x00007ffc77140000 - 0x00007ffc771e7000 	C:\WINDOWS\System32\msvcrt.dll
0x00007ffc76010000 - 0x00007ffc76128000 	C:\WINDOWS\System32\gdi32full.dll
0x00007ffc75c70000 - 0x00007ffc75d0a000 	C:\WINDOWS\System32\msvcp_win.dll
0x00007ffc771f0000 - 0x00007ffc77221000 	C:\WINDOWS\System32\IMM32.DLL
0x00007ffc70670000 - 0x00007ffc7067c000 	C:\Program Files\Microsoft\jdk-17.0.8.7-hotspot\bin\vcruntime140_1.dll
0x00007ffc459d0000 - 0x00007ffc45a5d000 	C:\Program Files\Microsoft\jdk-17.0.8.7-hotspot\bin\msvcp140.dll
0x00007ffbe85e0000 - 0x00007ffbe9245000 	C:\Program Files\Microsoft\jdk-17.0.8.7-hotspot\bin\server\jvm.dll
0x00007ffc77250000 - 0x00007ffc77301000 	C:\WINDOWS\System32\ADVAPI32.dll
0x00007ffc76ba0000 - 0x00007ffc76c45000 	C:\WINDOWS\System32\sechost.dll
0x00007ffc77c50000 - 0x00007ffc77d67000 	C:\WINDOWS\System32\RPCRT4.dll
0x00007ffc6d0d0000 - 0x00007ffc6d104000 	C:\WINDOWS\SYSTEM32\WINMM.dll
0x00007ffc67820000 - 0x00007ffc67829000 	C:\WINDOWS\SYSTEM32\WSOCK32.dll
0x00007ffc77bd0000 - 0x00007ffc77c41000 	C:\WINDOWS\System32\WS2_32.dll
0x00007ffc6ccf0000 - 0x00007ffc6ccfa000 	C:\WINDOWS\SYSTEM32\VERSION.dll
0x00007ffc756e0000 - 0x00007ffc7572d000 	C:\WINDOWS\SYSTEM32\POWRPROF.dll
0x00007ffc75610000 - 0x00007ffc75623000 	C:\WINDOWS\SYSTEM32\UMPDC.dll
0x00007ffc747f0000 - 0x00007ffc74808000 	C:\WINDOWS\SYSTEM32\kernel.appcore.dll
0x00007ffc630c0000 - 0x00007ffc630ca000 	C:\Program Files\Microsoft\jdk-17.0.8.7-hotspot\bin\jimage.dll
0x00007ffc73110000 - 0x00007ffc73343000 	C:\WINDOWS\SYSTEM32\DBGHELP.DLL
0x00007ffc77d70000 - 0x00007ffc780f9000 	C:\WINDOWS\System32\combase.dll
0x00007ffc77310000 - 0x00007ffc773e7000 	C:\WINDOWS\System32\OLEAUT32.dll
0x00007ffc61300000 - 0x00007ffc61332000 	C:\WINDOWS\SYSTEM32\dbgcore.DLL
0x00007ffc75bc0000 - 0x00007ffc75c3a000 	C:\WINDOWS\System32\bcryptPrimitives.dll
0x00007ffc70690000 - 0x00007ffc7069e000 	C:\Program Files\Microsoft\jdk-17.0.8.7-hotspot\bin\instrument.dll
0x00007ffc4a9e0000 - 0x00007ffc4aa05000 	C:\Program Files\Microsoft\jdk-17.0.8.7-hotspot\bin\java.dll
0x00007ffc410b0000 - 0x00007ffc41187000 	C:\Program Files\Microsoft\jdk-17.0.8.7-hotspot\bin\jsvml.dll
0x00007ffc76340000 - 0x00007ffc76b99000 	C:\WINDOWS\System32\SHELL32.dll
0x00007ffc736c0000 - 0x00007ffc73fd1000 	C:\WINDOWS\SYSTEM32\windows.storage.dll
0x00007ffc73580000 - 0x00007ffc736be000 	C:\WINDOWS\SYSTEM32\wintypes.dll
0x00007ffc77040000 - 0x00007ffc77133000 	C:\WINDOWS\System32\SHCORE.dll
0x00007ffc782d0000 - 0x00007ffc7832e000 	C:\WINDOWS\System32\shlwapi.dll
0x00007ffc75740000 - 0x00007ffc75766000 	C:\WINDOWS\SYSTEM32\profapi.dll
0x00007ffc4fa50000 - 0x00007ffc4fa68000 	C:\Program Files\Microsoft\jdk-17.0.8.7-hotspot\bin\zip.dll
0x00007ffc55a50000 - 0x00007ffc55a69000 	C:\Program Files\Microsoft\jdk-17.0.8.7-hotspot\bin\net.dll
0x00007ffc6df00000 - 0x00007ffc6e037000 	C:\WINDOWS\SYSTEM32\WINHTTP.dll
0x00007ffc74c90000 - 0x00007ffc74cf9000 	C:\WINDOWS\system32\mswsock.dll
0x00007ffc52de0000 - 0x00007ffc52df6000 	C:\Program Files\Microsoft\jdk-17.0.8.7-hotspot\bin\nio.dll
0x00007ffc72570000 - 0x00007ffc72580000 	C:\Program Files\Microsoft\jdk-17.0.8.7-hotspot\bin\verify.dll
0x00007ffc41030000 - 0x00007ffc41057000 	C:\Users\anura\.gradle\native\68d5fa5c4cc2d200863cafc0d521ce42e7d3e7ee720ec0a83991735586a16f82\windows-amd64\native-platform.dll
0x00007ffc41270000 - 0x00007ffc413b4000 	C:\Users\anura\.gradle\native\e376f236ea51e6404a007f0833ffe2c6e607c4080706a723a18a27aeea778392\windows-amd64\native-platform-file-events.dll
0x00007ffc61550000 - 0x00007ffc61559000 	C:\Program Files\Microsoft\jdk-17.0.8.7-hotspot\bin\management.dll
0x00007ffc60890000 - 0x00007ffc6089b000 	C:\Program Files\Microsoft\jdk-17.0.8.7-hotspot\bin\management_ext.dll
0x00007ffc76e10000 - 0x00007ffc76e18000 	C:\WINDOWS\System32\PSAPI.DLL
0x00007ffc74ee0000 - 0x00007ffc74efb000 	C:\WINDOWS\SYSTEM32\CRYPTSP.dll
0x00007ffc74750000 - 0x00007ffc74785000 	C:\WINDOWS\system32\rsaenh.dll
0x00007ffc74d80000 - 0x00007ffc74dac000 	C:\WINDOWS\SYSTEM32\USERENV.dll
0x00007ffc750b0000 - 0x00007ffc750d8000 	C:\WINDOWS\SYSTEM32\bcrypt.dll
0x00007ffc74f00000 - 0x00007ffc74f0c000 	C:\WINDOWS\SYSTEM32\CRYPTBASE.dll
0x00007ffc74240000 - 0x00007ffc7426d000 	C:\WINDOWS\SYSTEM32\IPHLPAPI.DLL
0x00007ffc76f00000 - 0x00007ffc76f09000 	C:\WINDOWS\System32\NSI.dll
0x00007ffc6e6a0000 - 0x00007ffc6e6b9000 	C:\WINDOWS\SYSTEM32\dhcpcsvc6.DLL
0x00007ffc6e680000 - 0x00007ffc6e69f000 	C:\WINDOWS\SYSTEM32\dhcpcsvc.DLL
0x00007ffc74270000 - 0x00007ffc74369000 	C:\WINDOWS\SYSTEM32\DNSAPI.dll
0x00007ffc5f230000 - 0x00007ffc5f23e000 	C:\Program Files\Microsoft\jdk-17.0.8.7-hotspot\bin\sunmscapi.dll
0x00007ffc75d10000 - 0x00007ffc75e76000 	C:\WINDOWS\System32\CRYPT32.dll
0x00007ffc75080000 - 0x00007ffc750ad000 	C:\WINDOWS\SYSTEM32\ncrypt.dll
0x00007ffc75040000 - 0x00007ffc75077000 	C:\WINDOWS\SYSTEM32\NTASN1.dll
0x00007ffc5ee60000 - 0x00007ffc5ee68000 	C:\WINDOWS\system32\wshunix.dll
0x00007ffc5f060000 - 0x00007ffc5f077000 	C:\WINDOWS\system32\napinsp.dll
0x00007ffc5e2d0000 - 0x00007ffc5e2eb000 	C:\WINDOWS\system32\pnrpnsp.dll
0x00007ffc4f850000 - 0x00007ffc4f871000 	C:\WINDOWS\system32\nlansp_c.dll
0x00007ffc5acf0000 - 0x00007ffc5ad01000 	C:\WINDOWS\System32\winrnr.dll
0x00007ffc55a70000 - 0x00007ffc55a85000 	C:\WINDOWS\system32\wshbth.dll
0x00007ffc643e0000 - 0x00007ffc643ea000 	C:\Windows\System32\rasadhlp.dll
0x00007ffc6c9e0000 - 0x00007ffc6ca63000 	C:\WINDOWS\System32\fwpuclnt.dll

dbghelp: loaded successfully - version: 4.0.5 - missing functions: none
symbol engine: initialized successfully - sym options: 0x614 - pdb path: .;C:\Program Files\Microsoft\jdk-17.0.8.7-hotspot\bin;C:\WINDOWS\SYSTEM32;C:\WINDOWS\WinSxS\amd64_microsoft.windows.common-controls_6595b64144ccf1df_6.0.23619.1000_none_f3a84a30daf470f8;C:\Program Files\Microsoft\jdk-17.0.8.7-hotspot\bin\server;C:\Users\anura\.gradle\native\68d5fa5c4cc2d200863cafc0d521ce42e7d3e7ee720ec0a83991735586a16f82\windows-amd64;C:\Users\anura\.gradle\native\e376f236ea51e6404a007f0833ffe2c6e607c4080706a723a18a27aeea778392\windows-amd64

VM Arguments:
jvm_args: -XX:MaxMetaspaceSize=512m --add-opens=java.base/java.util=ALL-UNNAMED --add-opens=java.base/java.lang=ALL-UNNAMED --add-opens=java.base/java.lang.invoke=ALL-UNNAMED --add-opens=java.prefs/java.util.prefs=ALL-UNNAMED --add-opens=java.base/java.nio.charset=ALL-UNNAMED --add-opens=java.base/java.net=ALL-UNNAMED --add-opens=java.base/java.util.concurrent.atomic=ALL-UNNAMED -Xmx2048m -Dfile.encoding=windows-1252 -Duser.country=US -Duser.language=en -Duser.variant -javaagent:C:\Users\anura\.gradle\wrapper\dists\gradle-8.3-all\6en3ugtfdg5xnpx44z4qbwgas\gradle-8.3\lib\agents\gradle-instrumentation-agent-8.3.jar 
java_command: org.gradle.launcher.daemon.bootstrap.GradleDaemon 8.3
java_class_path (initial): C:\Users\anura\.gradle\wrapper\dists\gradle-8.3-all\6en3ugtfdg5xnpx44z4qbwgas\gradle-8.3\lib\gradle-launcher-8.3.jar
Launcher Type: SUN_STANDARD

[Global flags]
     intx CICompilerCount                          = 3                                         {product} {ergonomic}
   size_t CompressedClassSpaceSize                 = 436207616                                 {product} {ergonomic}
     uint ConcGCThreads                            = 1                                         {product} {ergonomic}
     uint G1ConcRefinementThreads                  = 4                                         {product} {ergonomic}
   size_t G1HeapRegionSize                         = 1048576                                   {product} {ergonomic}
    uintx GCDrainStackTargetSize                   = 64                                        {product} {ergonomic}
   size_t InitialHeapSize                          = 100663296                                 {product} {ergonomic}
   size_t MarkStackSize                            = 4194304                                   {product} {ergonomic}
   size_t MaxHeapSize                              = 2147483648                                {product} {command line}
   size_t MaxMetaspaceSize                         = 536870912                                 {product} {command line}
   size_t MaxNewSize                               = 1287651328                                {product} {ergonomic}
   size_t MinHeapDeltaBytes                        = 1048576                                   {product} {ergonomic}
   size_t MinHeapSize                              = 8388608                                   {product} {ergonomic}
    uintx NonNMethodCodeHeapSize                   = 5832780                                {pd product} {ergonomic}
    uintx NonProfiledCodeHeapSize                  = 122912730                              {pd product} {ergonomic}
    uintx ProfiledCodeHeapSize                     = 122912730                              {pd product} {ergonomic}
    uintx ReservedCodeCacheSize                    = 251658240                              {pd product} {ergonomic}
     bool SegmentedCodeCache                       = true                                      {product} {ergonomic}
   size_t SoftMaxHeapSize                          = 2147483648                             {manageable} {ergonomic}
     bool UseCompressedClassPointers               = true                           {product lp64_product} {ergonomic}
     bool UseCompressedOops                        = true                           {product lp64_product} {ergonomic}
     bool UseG1GC                                  = true                                      {product} {ergonomic}
     bool UseLargePagesIndividualAllocation        = false                                  {pd product} {ergonomic}

Logging:
Log output configuration:
 #0: stdout all=warning uptime,level,tags
 #1: stderr all=off uptime,level,tags

Environment Variables:
JAVA_HOME=C:\Program Files\Microsoft\jdk-17.0.8.7-hotspot\
CLASSPATH=C:\Users\anura\Desktop\easymyliving\InternalDashboard\android\\gradle\wrapper\gradle-wrapper.jar
PATH=C:\Users\anura\Desktop\easymyliving\InternalDashboard\node_modules\.bin;C:\Users\anura\Desktop\easymyliving\InternalDashboard\node_modules\.bin;C:\Users\anura\Desktop\easymyliving\node_modules\.bin;C:\Users\anura\Desktop\node_modules\.bin;C:\Users\anura\node_modules\.bin;C:\Users\node_modules\.bin;C:\node_modules\.bin;C:\Users\anura\AppData\Roaming\npm\node_modules\npm\node_modules\@npmcli\run-script\lib\node-gyp-bin;C:\Users\anura\Desktop\easymyliving\InternalDashboard\node_modules\.bin;C:\Users\anura\Desktop\easymyliving\node_modules\.bin;C:\Users\anura\Desktop\node_modules\.bin;C:\Users\anura\node_modules\.bin;C:\Users\node_modules\.bin;C:\node_modules\.bin;C:\Users\anura\AppData\Roaming\npm\node_modules\npm\node_modules\@npmcli\run-script\lib\node-gyp-bin;C:\Program Files\Microsoft\jdk-17.0.8.7-hotspot\bin;C:\Python312\Scripts\;C:\Python312\;C:\Program Files\Python312\Scripts\;C:\Program Files\Python312\;C:\Program Files\Microsoft\jdk-11.0.18.10-hotspot\bin;C:\Program Files\Common Files\Oracle\Java\javapath;C:\WINDOWS\system32;C:\WINDOWS;C:\WINDOWS\System32\Wbem;C:\WINDOWS\System32\WindowsPowerShell\v1.0\;C:\WINDOWS\System32\OpenSSH\;C:\ProgramData\chocolatey\bin;C:\Program Files\MongoDB\Server\6.0\bin;C:\Program Files\Git\cmd;C:\xampp\php;C:\ProgramData\ComposerSetup\bin;C:\Program Files\Microsoft\jdk-17.0.8.7-hotspot\\bin;C:\Program Files\Microsoft SQL Server\150\Tools\Binn\;C:\Program Files\Microsoft SQL Server\Client SDK\ODBC\170\Tools\Binn\;C:\Program Files\dotnet\;C:\Users\anura\AppData\Local\Android\Sdk\platform-tools;C:\kotlin\bin;C:\Program Files\Docker\Docker\resources\bin;C:\Users\anura\AppData\Roaming\Python\Python312\Scripts;C:\MinGW\bin;C:\Program Files\Vagrant\bin;C:\Program Files\nodejs\;C:\Users\anura\AppData\Local\pnpm;C:\Users\anura\.console-ninja\.bin;;C:\Users\anura\AppData\Local\Microsoft\WindowsApps;C:\Users\anura\AppData\Local\Programs\Microsoft VS Code\bin;C:\Users\anura\AppData\Roaming\npm
USERNAME=anura
LANG=en_US.UTF-8
OS=Windows_NT
PROCESSOR_IDENTIFIER=AMD64 Family 23 Model 24 Stepping 1, AuthenticAMD
TMP=C:\Users\anura\AppData\Local\Temp
TEMP=C:\Users\anura\AppData\Local\Temp



---------------  S Y S T E M  ---------------

OS:
 Windows 11 , 64 bit Build 23619 (10.0.23619.1000)
OS uptime: 0 days 13:35 hours
Hyper-V role detected

CPU: total 4 (initial active 4) (4 cores per cpu, 2 threads per core) family 23 model 24 stepping 1 microcode 0x0, cx8, cmov, fxsr, ht, mmx, 3dnowpref, sse, sse2, sse3, ssse3, sse4a, sse4.1, sse4.2, popcnt, lzcnt, tsc, tscinvbit, avx, avx2, aes, clmul, bmi1, bmi2, adx, sha, fma, vzeroupper, clflush, clflushopt, hv
Processor Information for all 4 processors :
  Max Mhz: 2600, Current Mhz: 2600, Mhz Limit: 2600

Memory: 4k page, system-wide physical 6091M (409M free)
TotalPageFile size 12932M (AvailPageFile size 1661M)
current process WorkingSet (physical memory assigned to process): 237M, peak: 499M
current process commit charge ("private bytes"): 616M, peak: 623M

vm_info: OpenJDK 64-Bit Server VM (17.0.8+7-LTS) for windows-amd64 JRE (17.0.8+7-LTS), built on Jul  7 2023 17:21:55 by "MicrosoftCorporation" with MS VC++ 16.10 / 16.11 (VS2019)

END.
